2026-04-28 17:10:27.116 -03:00 [INF] InterplayersGateway iniciado com sucesso.
2026-04-28 17:10:27.409 -03:00 [INF] Now listening on: https://localhost:7121
2026-04-28 17:10:27.415 -03:00 [INF] Now listening on: http://localhost:5113
2026-04-28 17:10:27.617 -03:00 [INF] Application started. Press Ctrl+C to shut down.
2026-04-28 17:10:27.620 -03:00 [INF] Hosting environment: Development
2026-04-28 17:10:27.622 -03:00 [INF] Content root path: C:\Users\nicac\OneDrive\DESENVOLVIMENTO\C#\nicaciov\DLOA - API OPT-OUT e MIGRAÇÃO DE CAMPANHA
2026-04-28 17:10:28.733 -03:00 [INF] Request starting HTTP/2 GET https://localhost:7121/swagger/index.html - null null
2026-04-28 17:10:29.033 -03:00 [INF] Request finished HTTP/2 GET https://localhost:7121/swagger/index.html - 200 null text/html;charset=utf-8 313.8275ms
2026-04-28 17:10:29.396 -03:00 [INF] Request starting HTTP/2 GET https://localhost:7121/_framework/aspnetcore-browser-refresh.js - null null
2026-04-28 17:10:29.396 -03:00 [INF] Request starting HTTP/2 GET https://localhost:7121/_vs/browserLink - null null
2026-04-28 17:10:29.412 -03:00 [INF] Request finished HTTP/2 GET https://localhost:7121/_framework/aspnetcore-browser-refresh.js - 200 16571 application/javascript; charset=utf-8 15.9829ms
2026-04-28 17:10:29.484 -03:00 [INF] Request finished HTTP/2 GET https://localhost:7121/_vs/browserLink - 200 null text/javascript; charset=UTF-8 88.5194ms
2026-04-28 17:10:29.585 -03:00 [INF] Request starting HTTP/2 GET https://localhost:7121/swagger/v1/swagger.json - null null
2026-04-28 17:10:29.610 -03:00 [INF] Request finished HTTP/2 GET https://localhost:7121/swagger/v1/swagger.json - 200 null application/json;charset=utf-8 25.6857ms
2026-04-28 17:10:38.416 -03:00 [INF] Request starting HTTP/2 PATCH https://localhost:7121/api/OptIn/opt-out - application/json 190
2026-04-28 17:10:38.432 -03:00 [INF] CORS policy execution successful.
2026-04-28 17:10:38.437 -03:00 [INF] Executing endpoint 'DLOA___API_OPT_OUT_e_MIGRAÇÃO_DE_CAMPANHA.Controller.OptInController.OptOut (InterplayersGateway)'
2026-04-28 17:10:38.487 -03:00 [INF] Route matched with {action = "OptOut", controller = "OptIn"}. Executing controller action with signature System.Threading.Tasks.Task`1[Microsoft.AspNetCore.Mvc.IActionResult] OptOut(DLOA___API_OPT_OUT_e_MIGRAÇÃO_DE_CAMPANHA.Models.Requests.OptOutRequest) on controller DLOA___API_OPT_OUT_e_MIGRAÇÃO_DE_CAMPANHA.Controller.OptInController (InterplayersGateway).
2026-04-28 17:11:16.904 -03:00 [INF] Enviando opt-out para Interplayers. Consumer=25057 Type=channel_opt_out Channel=whatsapp
2026-04-28 17:11:24.595 -03:00 [INF] Token Interplayers expirado ou ausente. Renovando...
2026-04-28 17:11:26.042 -03:00 [INF] Start processing HTTP request POST https://interplayersdevb2c.b2clogin.com/interplayersdevb2c.onmicrosoft.com/B2C_1_Loyalty/oauth2/v2.0/token
2026-04-28 17:11:26.047 -03:00 [INF] Sending HTTP request POST https://interplayersdevb2c.b2clogin.com/interplayersdevb2c.onmicrosoft.com/B2C_1_Loyalty/oauth2/v2.0/token
2026-04-28 17:11:27.053 -03:00 [INF] Received HTTP response headers after 998.4269ms - 200
2026-04-28 17:11:27.058 -03:00 [INF] End processing HTTP request after 1019.398ms - 200
2026-04-28 17:11:27.075 -03:00 [INF] Token Interplayers renovado. Válido por 3300s.
2026-04-28 17:11:48.958 -03:00 [INF] Start processing HTTP request PATCH https://idp-api-gtw.azure-api.net/external-loyalty-registration-pre/v2/Registrations/administrators/057/consumers/external/25057/opt-ins
2026-04-28 17:11:48.960 -03:00 [INF] Sending HTTP request PATCH https://idp-api-gtw.azure-api.net/external-loyalty-registration-pre/v2/Registrations/administrators/057/consumers/external/25057/opt-ins
2026-04-28 17:11:49.708 -03:00 [INF] Received HTTP response headers after 745.1909ms - 404
2026-04-28 17:11:49.711 -03:00 [INF] End processing HTTP request after 752.6719ms - 404
2026-04-28 17:11:55.667 -03:00 [WRN] Interplayers retornou resposta vazia. Status=404
2026-04-28 17:12:05.333 -03:00 [INF] [AUDIT] Action=channel_opt_out Consumer=25057 Origin=DLOA AI Success=false StatusCode=404 IdempotencyKey=AIOAJO*D&DD*(
2026-04-28 17:12:06.965 -03:00 [WRN] Interplayers retornou erro. Status=404 Code=EMPTY_RESPONSE Desc=Interplayers retornou resposta vazia.
2026-04-28 17:12:09.638 -03:00 [INF] Executing ObjectResult, writing value of type 'DLOA___API_OPT_OUT_e_MIGRAÇÃO_DE_CAMPANHA.Models.Responses.GatewayErrorResponse'.
2026-04-28 17:12:09.651 -03:00 [INF] Executed action DLOA___API_OPT_OUT_e_MIGRAÇÃO_DE_CAMPANHA.Controller.OptInController.OptOut (InterplayersGateway) in 91153.5207ms
2026-04-28 17:12:09.654 -03:00 [INF] Executed endpoint 'DLOA___API_OPT_OUT_e_MIGRAÇÃO_DE_CAMPANHA.Controller.OptInController.OptOut (InterplayersGateway)'
2026-04-28 17:12:09.659 -03:00 [INF] HTTP PATCH /api/OptIn/opt-out responded 404 in 91229.2088ms
2026-04-28 17:12:09.663 -03:00 [INF] Request finished HTTP/2 PATCH https://localhost:7121/api/OptIn/opt-out - 404 null application/json; charset=utf-8 91247.4816ms
2026-04-28 17:16:00.402 -03:00 [INF] Iniciando InterplayersGateway...
