2026-04-28 17:04:39.093 -03:00 [INF] InterplayersGateway iniciado com sucesso.
2026-04-28 17:04:39.358 -03:00 [INF] Now listening on: https://localhost:7121
2026-04-28 17:04:39.365 -03:00 [INF] Now listening on: http://localhost:5113
2026-04-28 17:04:39.437 -03:00 [INF] Application started. Press Ctrl+C to shut down.
2026-04-28 17:04:39.440 -03:00 [INF] Hosting environment: Development
2026-04-28 17:04:39.442 -03:00 [INF] Content root path: C:\Users\nicac\OneDrive\DESENVOLVIMENTO\C#\nicaciov\DLOA - API OPT-OUT e MIGRAÇÃO DE CAMPANHA
2026-04-28 17:04:40.434 -03:00 [INF] Request starting HTTP/2 GET https://localhost:7121/swagger/index.html - null null
2026-04-28 17:04:40.781 -03:00 [INF] Request finished HTTP/2 GET https://localhost:7121/swagger/index.html - 200 null text/html;charset=utf-8 364.4934ms
2026-04-28 17:04:41.217 -03:00 [INF] Request starting HTTP/2 GET https://localhost:7121/_vs/browserLink - null null
2026-04-28 17:04:41.217 -03:00 [INF] Request starting HTTP/2 GET https://localhost:7121/_framework/aspnetcore-browser-refresh.js - null null
2026-04-28 17:04:41.238 -03:00 [INF] Request finished HTTP/2 GET https://localhost:7121/_framework/aspnetcore-browser-refresh.js - 200 16571 application/javascript; charset=utf-8 21.7355ms
2026-04-28 17:04:41.286 -03:00 [INF] Request finished HTTP/2 GET https://localhost:7121/_vs/browserLink - 200 null text/javascript; charset=UTF-8 70.1319ms
2026-04-28 17:04:41.396 -03:00 [INF] Request starting HTTP/2 GET https://localhost:7121/swagger/v1/swagger.json - null null
2026-04-28 17:04:41.439 -03:00 [INF] Request finished HTTP/2 GET https://localhost:7121/swagger/v1/swagger.json - 200 null application/json;charset=utf-8 43.9722ms
2026-04-28 17:04:47.729 -03:00 [INF] Request starting HTTP/2 PATCH https://localhost:7121/api/OptIn/opt-out - application/json 190
2026-04-28 17:04:47.748 -03:00 [INF] CORS policy execution successful.
2026-04-28 17:04:47.754 -03:00 [INF] Executing endpoint 'DLOA___API_OPT_OUT_e_MIGRAÇÃO_DE_CAMPANHA.Controller.OptInController.OptOut (InterplayersGateway)'
2026-04-28 17:04:47.796 -03:00 [INF] Route matched with {action = "OptOut", controller = "OptIn"}. Executing controller action with signature System.Threading.Tasks.Task`1[Microsoft.AspNetCore.Mvc.IActionResult] OptOut(DLOA___API_OPT_OUT_e_MIGRAÇÃO_DE_CAMPANHA.Models.Requests.OptOutRequest) on controller DLOA___API_OPT_OUT_e_MIGRAÇÃO_DE_CAMPANHA.Controller.OptInController (InterplayersGateway).
2026-04-28 17:04:52.089 -03:00 [INF] Enviando opt-out para Interplayers. Consumer=25057 Type=channel_opt_out Channel=whatsapp
2026-04-28 17:04:52.105 -03:00 [INF] Token Interplayers expirado ou ausente. Renovando...
2026-04-28 17:04:52.120 -03:00 [INF] Start processing HTTP request POST https://interplayersdevb2c.b2clogin.com/interplayersdevb2c.onmicrosoft.com/B2C_1_Loyalty/oauth2/v2.0/token
2026-04-28 17:04:52.126 -03:00 [INF] Sending HTTP request POST https://interplayersdevb2c.b2clogin.com/interplayersdevb2c.onmicrosoft.com/B2C_1_Loyalty/oauth2/v2.0/token
2026-04-28 17:04:53.590 -03:00 [INF] Received HTTP response headers after 1458.0237ms - 200
2026-04-28 17:04:53.593 -03:00 [INF] End processing HTTP request after 1479.7926ms - 200
2026-04-28 17:04:53.611 -03:00 [INF] Token Interplayers renovado. Válido por 3300s.
2026-04-28 17:04:53.616 -03:00 [INF] Start processing HTTP request PATCH https://idp-api-gtw.azure-api.net/external-loyalty-registration-pre/v2/Registrations/administrators/057/consumers/external/25057/opt-ins
2026-04-28 17:04:53.618 -03:00 [INF] Sending HTTP request PATCH https://idp-api-gtw.azure-api.net/external-loyalty-registration-pre/v2/Registrations/administrators/057/consumers/external/25057/opt-ins
2026-04-28 17:04:54.332 -03:00 [INF] Received HTTP response headers after 711.3789ms - 404
2026-04-28 17:04:54.335 -03:00 [INF] End processing HTTP request after 719.7931ms - 404
2026-04-28 17:04:54.447 -03:00 [INF] [AUDIT] Action=channel_opt_out Consumer=25057 Origin=DLOA AI Success=false StatusCode=404 IdempotencyKey=AIOAJO*D&DD*(
2026-04-28 17:04:54.469 -03:00 [WRN] Interplayers retornou erro. Status=404 Code=PARSE_ERROR Desc=Erro ao interpretar resposta da Interplayers.
2026-04-28 17:04:54.483 -03:00 [INF] Executing ObjectResult, writing value of type 'DLOA___API_OPT_OUT_e_MIGRAÇÃO_DE_CAMPANHA.Models.Responses.GatewayErrorResponse'.
2026-04-28 17:04:54.512 -03:00 [INF] Executed action DLOA___API_OPT_OUT_e_MIGRAÇÃO_DE_CAMPANHA.Controller.OptInController.OptOut (InterplayersGateway) in 6707.2526ms
2026-04-28 17:04:54.516 -03:00 [INF] Executed endpoint 'DLOA___API_OPT_OUT_e_MIGRAÇÃO_DE_CAMPANHA.Controller.OptInController.OptOut (InterplayersGateway)'
2026-04-28 17:04:54.521 -03:00 [INF] HTTP PATCH /api/OptIn/opt-out responded 404 in 6775.3999ms
2026-04-28 17:04:54.526 -03:00 [INF] Request finished HTTP/2 PATCH https://localhost:7121/api/OptIn/opt-out - 404 null application/json; charset=utf-8 6796.8304ms
2026-04-28 17:05:03.529 -03:00 [INF] Request starting HTTP/2 PATCH https://localhost:7121/api/OptIn/opt-out - application/json 190
2026-04-28 17:05:03.537 -03:00 [INF] CORS policy execution successful.
2026-04-28 17:05:03.539 -03:00 [INF] Executing endpoint 'DLOA___API_OPT_OUT_e_MIGRAÇÃO_DE_CAMPANHA.Controller.OptInController.OptOut (InterplayersGateway)'
2026-04-28 17:05:03.542 -03:00 [INF] Route matched with {action = "OptOut", controller = "OptIn"}. Executing controller action with signature System.Threading.Tasks.Task`1[Microsoft.AspNetCore.Mvc.IActionResult] OptOut(DLOA___API_OPT_OUT_e_MIGRAÇÃO_DE_CAMPANHA.Models.Requests.OptOutRequest) on controller DLOA___API_OPT_OUT_e_MIGRAÇÃO_DE_CAMPANHA.Controller.OptInController (InterplayersGateway).
2026-04-28 17:05:34.209 -03:00 [INF] Enviando opt-out para Interplayers. Consumer=25057 Type=channel_opt_out Channel=whatsapp
2026-04-28 17:05:45.263 -03:00 [INF] Start processing HTTP request PATCH https://idp-api-gtw.azure-api.net/external-loyalty-registration-pre/v2/Registrations/administrators/057/consumers/external/25057/opt-ins
2026-04-28 17:05:45.266 -03:00 [INF] Sending HTTP request PATCH https://idp-api-gtw.azure-api.net/external-loyalty-registration-pre/v2/Registrations/administrators/057/consumers/external/25057/opt-ins
2026-04-28 17:05:46.259 -03:00 [INF] Received HTTP response headers after 989.5164ms - 404
2026-04-28 17:05:46.261 -03:00 [INF] End processing HTTP request after 997.9199ms - 404
2026-04-28 17:06:40.561 -03:00 [INF] [AUDIT] Action=channel_opt_out Consumer=25057 Origin=DLOA AI Success=false StatusCode=404 IdempotencyKey=AIOAJO*D&DD*(
2026-04-28 17:06:45.021 -03:00 [WRN] Interplayers retornou erro. Status=404 Code=PARSE_ERROR Desc=Erro ao interpretar resposta da Interplayers.
2026-04-28 17:06:49.581 -03:00 [INF] Executing ObjectResult, writing value of type 'DLOA___API_OPT_OUT_e_MIGRAÇÃO_DE_CAMPANHA.Models.Responses.GatewayErrorResponse'.
2026-04-28 17:06:49.584 -03:00 [INF] Executed action DLOA___API_OPT_OUT_e_MIGRAÇÃO_DE_CAMPANHA.Controller.OptInController.OptOut (InterplayersGateway) in 106038.3074ms
2026-04-28 17:06:49.588 -03:00 [INF] Executed endpoint 'DLOA___API_OPT_OUT_e_MIGRAÇÃO_DE_CAMPANHA.Controller.OptInController.OptOut (InterplayersGateway)'
2026-04-28 17:06:49.590 -03:00 [INF] HTTP PATCH /api/OptIn/opt-out responded 404 in 106053.7776ms
2026-04-28 17:06:49.594 -03:00 [INF] Request finished HTTP/2 PATCH https://localhost:7121/api/OptIn/opt-out - 404 null application/json; charset=utf-8 106065.4593ms
2026-04-28 17:08:12.128 -03:00 [INF] Iniciando InterplayersGateway...
