2026-04-28 17:02:19.785 -03:00 [INF] InterplayersGateway iniciado com sucesso.
2026-04-28 17:02:20.344 -03:00 [INF] Now listening on: https://localhost:7121
2026-04-28 17:02:20.351 -03:00 [INF] Now listening on: http://localhost:5113
2026-04-28 17:02:20.485 -03:00 [INF] Application started. Press Ctrl+C to shut down.
2026-04-28 17:02:20.489 -03:00 [INF] Hosting environment: Development
2026-04-28 17:02:20.491 -03:00 [INF] Content root path: C:\Users\nicac\OneDrive\DESENVOLVIMENTO\C#\nicaciov\DLOA - API OPT-OUT e MIGRAÇÃO DE CAMPANHA
2026-04-28 17:02:22.352 -03:00 [INF] Request starting HTTP/2 GET https://localhost:7121/swagger - null null
2026-04-28 17:02:22.737 -03:00 [INF] Request finished HTTP/2 GET https://localhost:7121/swagger - 301 0 null 408.5535ms
2026-04-28 17:02:22.746 -03:00 [INF] Request starting HTTP/2 GET https://localhost:7121/swagger/index.html - null null
2026-04-28 17:02:22.930 -03:00 [INF] Request finished HTTP/2 GET https://localhost:7121/swagger/index.html - 200 null text/html;charset=utf-8 184.3987ms
2026-04-28 17:02:22.991 -03:00 [INF] Request starting HTTP/2 GET https://localhost:7121/swagger/swagger-ui.css - null null
2026-04-28 17:02:22.993 -03:00 [INF] Request starting HTTP/2 GET https://localhost:7121/swagger/swagger-ui-bundle.js - null null
2026-04-28 17:02:22.996 -03:00 [INF] Request starting HTTP/2 GET https://localhost:7121/swagger/swagger-ui-standalone-preset.js - null null
2026-04-28 17:02:23.096 -03:00 [INF] Sending file. Request path: '/swagger-ui.css'. Physical path: 'N/A'
2026-04-28 17:02:23.096 -03:00 [INF] Sending file. Request path: '/swagger-ui-standalone-preset.js'. Physical path: 'N/A'
2026-04-28 17:02:23.104 -03:00 [INF] Request finished HTTP/2 GET https://localhost:7121/swagger/swagger-ui.css - 200 152034 text/css 113.5565ms
2026-04-28 17:02:23.106 -03:00 [INF] Request finished HTTP/2 GET https://localhost:7121/swagger/swagger-ui-standalone-preset.js - 200 230280 text/javascript 109.8471ms
2026-04-28 17:02:23.151 -03:00 [INF] Sending file. Request path: '/swagger-ui-bundle.js'. Physical path: 'N/A'
2026-04-28 17:02:23.155 -03:00 [INF] Request finished HTTP/2 GET https://localhost:7121/swagger/swagger-ui-bundle.js - 200 1456926 text/javascript 162.5931ms
2026-04-28 17:02:23.580 -03:00 [INF] Request starting HTTP/2 GET https://localhost:7121/_vs/browserLink - null null
2026-04-28 17:02:23.581 -03:00 [INF] Request starting HTTP/2 GET https://localhost:7121/_framework/aspnetcore-browser-refresh.js - null null
2026-04-28 17:02:23.612 -03:00 [INF] Request finished HTTP/2 GET https://localhost:7121/_framework/aspnetcore-browser-refresh.js - 200 16571 application/javascript; charset=utf-8 31.1788ms
2026-04-28 17:02:23.705 -03:00 [INF] Request finished HTTP/2 GET https://localhost:7121/_vs/browserLink - 200 null text/javascript; charset=UTF-8 125.3846ms
2026-04-28 17:02:23.871 -03:00 [INF] Request starting HTTP/2 GET https://localhost:7121/swagger/v1/swagger.json - null null
2026-04-28 17:02:23.903 -03:00 [INF] Request finished HTTP/2 GET https://localhost:7121/swagger/v1/swagger.json - 200 null application/json;charset=utf-8 33.5977ms
2026-04-28 17:02:57.177 -03:00 [INF] Request starting HTTP/2 PATCH https://localhost:7121/api/OptIn/opt-out - application/json 190
2026-04-28 17:02:57.193 -03:00 [INF] CORS policy execution successful.
2026-04-28 17:02:57.199 -03:00 [INF] Executing endpoint 'DLOA___API_OPT_OUT_e_MIGRAÇÃO_DE_CAMPANHA.Controller.OptInController.OptOut (InterplayersGateway)'
2026-04-28 17:02:57.242 -03:00 [INF] Route matched with {action = "OptOut", controller = "OptIn"}. Executing controller action with signature System.Threading.Tasks.Task`1[Microsoft.AspNetCore.Mvc.IActionResult] OptOut(DLOA___API_OPT_OUT_e_MIGRAÇÃO_DE_CAMPANHA.Models.Requests.OptOutRequest) on controller DLOA___API_OPT_OUT_e_MIGRAÇÃO_DE_CAMPANHA.Controller.OptInController (InterplayersGateway).
2026-04-28 17:03:40.659 -03:00 [INF] Enviando opt-out para Interplayers. Consumer=25057 Type=channel_opt_out Channel=whatsapp
2026-04-28 17:03:47.101 -03:00 [INF] Token Interplayers expirado ou ausente. Renovando...
2026-04-28 17:03:56.691 -03:00 [INF] Start processing HTTP request POST https://interplayersdevb2c.b2clogin.com/interplayersdevb2c.onmicrosoft.com/B2C_1_Loyalty/oauth2/v2.0/token
2026-04-28 17:03:56.700 -03:00 [INF] Sending HTTP request POST https://interplayersdevb2c.b2clogin.com/interplayersdevb2c.onmicrosoft.com/B2C_1_Loyalty/oauth2/v2.0/token
2026-04-28 17:03:57.785 -03:00 [INF] Received HTTP response headers after 1079.6797ms - 200
2026-04-28 17:03:57.789 -03:00 [INF] End processing HTTP request after 1099.4878ms - 200
2026-04-28 17:04:04.684 -03:00 [INF] Token Interplayers renovado. Válido por 3300s.
2026-04-28 17:04:10.656 -03:00 [INF] Start processing HTTP request PATCH https://idp-api-gtw.azure-api.net/external-loyalty-registration-pre/v2/Registrations/administrators/057/consumers/external/25057/opt-ins
2026-04-28 17:04:10.659 -03:00 [INF] Sending HTTP request PATCH https://idp-api-gtw.azure-api.net/external-loyalty-registration-pre/v2/Registrations/administrators/057/consumers/external/25057/opt-ins
2026-04-28 17:04:11.453 -03:00 [INF] Received HTTP response headers after 791.2601ms - 404
2026-04-28 17:04:11.456 -03:00 [INF] End processing HTTP request after 800.249ms - 404
2026-04-28 17:04:38.152 -03:00 [INF] Iniciando InterplayersGateway...
