2026-05-19 12:20:31.248 -03:00 [INF] InterplayersGateway iniciado com sucesso.
2026-05-19 12:20:31.512 -03:00 [INF] Now listening on: https://localhost:7121
2026-05-19 12:20:31.517 -03:00 [INF] Now listening on: http://localhost:5113
2026-05-19 12:20:31.605 -03:00 [INF] Application started. Press Ctrl+C to shut down.
2026-05-19 12:20:31.608 -03:00 [INF] Hosting environment: Development
2026-05-19 12:20:31.610 -03:00 [INF] Content root path: C:\Users\nicac\OneDrive\DESENVOLVIMENTO\C#\nicaciov\DLOA - API OPT-OUT e MIGRAÇÃO DE CAMPANHA
2026-05-19 12:20:32.467 -03:00 [INF] Request starting HTTP/2 GET https://localhost:7121/swagger/index.html - null null
2026-05-19 12:20:32.891 -03:00 [INF] Request finished HTTP/2 GET https://localhost:7121/swagger/index.html - 200 null text/html;charset=utf-8 427.0675ms
2026-05-19 12:20:32.954 -03:00 [INF] Request starting HTTP/2 GET https://localhost:7121/_framework/aspnetcore-browser-refresh.js - null null
2026-05-19 12:20:32.968 -03:00 [INF] Request finished HTTP/2 GET https://localhost:7121/_framework/aspnetcore-browser-refresh.js - 200 14991 application/javascript; charset=utf-8 12.9805ms
2026-05-19 12:20:33.667 -03:00 [INF] Request starting HTTP/2 GET https://localhost:7121/_vs/browserLink - null null
2026-05-19 12:20:33.756 -03:00 [INF] Request finished HTTP/2 GET https://localhost:7121/_vs/browserLink - 200 null text/javascript; charset=UTF-8 89.2398ms
2026-05-19 12:20:33.891 -03:00 [INF] Request starting HTTP/2 GET https://localhost:7121/swagger/v1/swagger.json - null null
2026-05-19 12:20:33.922 -03:00 [INF] Request finished HTTP/2 GET https://localhost:7121/swagger/v1/swagger.json - 200 null application/json;charset=utf-8 30.6508ms
2026-05-19 12:34:36.499 -03:00 [INF] Request starting HTTP/2 GET https://localhost:7121/swagger/index.html - null null
2026-05-19 12:34:36.533 -03:00 [INF] Request finished HTTP/2 GET https://localhost:7121/swagger/index.html - 200 null text/html;charset=utf-8 34.5697ms
2026-05-19 12:34:36.617 -03:00 [INF] Request starting HTTP/2 GET https://localhost:7121/_framework/aspnetcore-browser-refresh.js - null null
2026-05-19 12:34:36.630 -03:00 [INF] Request finished HTTP/2 GET https://localhost:7121/_framework/aspnetcore-browser-refresh.js - 200 14991 application/javascript; charset=utf-8 12.3761ms
2026-05-19 12:34:37.078 -03:00 [INF] Request starting HTTP/2 GET https://localhost:7121/_vs/browserLink - null null
2026-05-19 12:34:37.089 -03:00 [INF] Request finished HTTP/2 GET https://localhost:7121/_vs/browserLink - 200 null text/javascript; charset=UTF-8 11.3614ms
2026-05-19 12:34:37.222 -03:00 [INF] Request starting HTTP/2 GET https://localhost:7121/swagger/v1/swagger.json - null null
2026-05-19 12:34:37.249 -03:00 [INF] Request finished HTTP/2 GET https://localhost:7121/swagger/v1/swagger.json - 200 null application/json;charset=utf-8 25.8595ms
2026-05-19 12:36:44.647 -03:00 [INF] Request starting HTTP/2 PATCH https://localhost:7121/api/OptIn/opt-out - application/json 139
2026-05-19 12:36:44.679 -03:00 [INF] CORS policy execution successful.
2026-05-19 12:36:44.684 -03:00 [INF] Executing endpoint 'DLOA___API_OPT_OUT_e_MIGRAÇÃO_DE_CAMPANHA.Controller.OptInController.OptOut (InterplayersGateway)'
2026-05-19 12:36:44.759 -03:00 [INF] Route matched with {action = "OptOut", controller = "OptIn"}. Executing controller action with signature System.Threading.Tasks.Task`1[Microsoft.AspNetCore.Mvc.IActionResult] OptOut(DLOA___API_OPT_OUT_e_MIGRAÇÃO_DE_CAMPANHA.Models.Requests.OptOutRequest) on controller DLOA___API_OPT_OUT_e_MIGRAÇÃO_DE_CAMPANHA.Controller.OptInController (InterplayersGateway).
2026-05-19 12:36:44.842 -03:00 [INF] Enviando opt-out para Interplayers. Consumer=76115870 Type=channel_opt_out Channel=whatsapp
2026-05-19 12:36:44.853 -03:00 [INF] Token Interplayers expirado ou ausente. Renovando...
2026-05-19 12:36:44.869 -03:00 [INF] Start processing HTTP request POST https://account.iplayers.com.br/interplayersb2c.onmicrosoft.com/B2C_1_Loyalty/oauth2/v2.0/token
2026-05-19 12:36:44.874 -03:00 [INF] Sending HTTP request POST https://account.iplayers.com.br/interplayersb2c.onmicrosoft.com/B2C_1_Loyalty/oauth2/v2.0/token
2026-05-19 12:36:45.869 -03:00 [INF] Received HTTP response headers after 990.808ms - 200
2026-05-19 12:36:45.872 -03:00 [INF] End processing HTTP request after 1008.411ms - 200
2026-05-19 12:36:45.886 -03:00 [INF] Token Interplayers renovado. Válido por 3300s.
2026-05-19 12:36:45.892 -03:00 [INF] 
╔══════════════════════════════════════════════════════╗
║              REQUISIÇÃO → INTERPLAYERS               ║
╚══════════════════════════════════════════════════════╝
Método  : PATCH
URL     : https://api-mng.interplayers.com.br/loyalty-registration/v2/Registrations/administrators/057/consumers/external/76115870/opt-ins
Headers :
  Authorization : Bearer eyJhbGciOiJSUzI1NiIs...nUxca0KKoA
  Content-Type  : application/json
Body    :
{
  "whatsApp": "N"
}

CURL equivalente:
curl -X PATCH "https://api-mng.interplayers.com.br/loyalty-registration/v2/Registrations/administrators/057/consumers/external/76115870/opt-ins" \
  -H "Authorization: Bearer eyJhbGciOiJSUzI1NiIsImtpZCI6Ilg1ZVhrNHh5b2pORnVtMWtsMll0djhkbE5QNC1jNTdkTzZRR1RWQndhTmsiLCJ0eXAiOiJKV1QifQ.eyJhdWQiOiJhNjQ4NTUxNi0xOWZhLTQ3NjctYWNmMS03ZjhhMGQ4ZmE4YTMiLCJpc3MiOiJodHRwczovL2FjY291bnQuaXBsYXllcnMuY29tLmJyLzI3YjEwZTU2LTFjY2EtNDY4ZS04MGZlLWUyZjYwZjg1NDZjZC92Mi4wLyIsImV4cCI6MTc3OTIwODYwNSwibmJmIjoxNzc5MjA1MDA1LCJ0ZnAiOiJCMkNfMV9Mb3lhbHR5Iiwic2NwIjoiTG95YWx0eS5SZWFkIEFwcC5BZG1pbmlzdHJhdG9yLjU3IExveWFsdHkuQ29uc3VtZXJSZWdpc3RyYXRpb24uV3JpdGUgU3lzdGVtSWQuQURNMDQzOTQwNjE4MDFMIExveWFsdHkuV3JpdGUgTG95YWx0eS5Db25zdW1lckFkaGVzaW9uLldyaXRlIiwiYXpwYWNyIjoiMSIsInN1YiI6ImYxNjA0MWIwLTViYmEtNDk4MC1iYWMxLTE0OWE5NzFkNzE2ZiIsIm9pZCI6ImYxNjA0MWIwLTViYmEtNDk4MC1iYWMxLTE0OWE5NzFkNzE2ZiIsInRpZCI6IjI3YjEwZTU2LTFjY2EtNDY4ZS04MGZlLWUyZjYwZjg1NDZjZCIsInZlciI6IjIuMCIsImF6cCI6IjAxNmNjMjMxLTY2YzgtNGZmMC1iYjZiLWQ0ZGQ3YWNlOTcwZCIsImlhdCI6MTc3OTIwNTAwNX0.FMGbltHSz0-xJ4R4522kROBbyaGPYQ_JksjjNMg1j37j8ZENm0u6o_et8UOJBC-N0MiXPyO61-LuAAHKC5I4Ok3vF4OMzOskeujHEhNb4qdFn-wWb5tRjGkuDDrUKGTZHeH2Rax-rjScwY7TiKdwTCblT2kRw7vYGQrPRUKYmN9Z6VV82HB1XcBczE1h2rwIjQzRWInjsvnN36KjxmImxGKCO5gQfDrVZ9KuGaxEPYrRISoeErIQaRGc_TnaHmALt9iWZSgM-mtDHEz2ZP_0HCsRU1V6r3JFF8jLJqUEcr3SmptCYr5o0hyMoBa2th5iQW9ap0bZXPQnnUxca0KKoA" \
  -H "Content-Type: application/json" \
  -d '{
  "whatsApp": "N"
}'
2026-05-19 12:36:45.898 -03:00 [INF] Start processing HTTP request PATCH https://api-mng.interplayers.com.br/loyalty-registration/v2/Registrations/administrators/057/consumers/external/76115870/opt-ins
2026-05-19 12:36:45.899 -03:00 [INF] Sending HTTP request PATCH https://api-mng.interplayers.com.br/loyalty-registration/v2/Registrations/administrators/057/consumers/external/76115870/opt-ins
2026-05-19 12:36:46.897 -03:00 [INF] Received HTTP response headers after 996.1788ms - 404
2026-05-19 12:36:46.899 -03:00 [INF] End processing HTTP request after 1001.0586ms - 404
2026-05-19 12:36:46.904 -03:00 [INF] 
╔══════════════════════════════════════════════════════╗
║             RESPOSTA ← INTERPLAYERS                  ║
╚══════════════════════════════════════════════════════╝
Status  : 404 Not Found
Headers :
  Transfer-Encoding: chunked
  Request-Context: appId=cid-v1:ff420140-14a7-4478-beba-e65c3c490435
  Date: Tue, 19 May 2026 15:36:45 GMT
Body    :
{
  "Data": {
    "error": "LR52",
    "errorDescription": "Erro no Payload do Opt-ins (LR52)"
  }
}
2026-05-19 12:36:46.924 -03:00 [INF] [AUDIT] Action=channel_opt_out Consumer=76115870 Origin=API Success=false StatusCode=404 IdempotencyKey=ABC123
2026-05-19 12:36:46.950 -03:00 [WRN] Interplayers retornou erro. Status=404 Code=LR52 Desc=Erro no Payload do Opt-ins (LR52)
2026-05-19 12:36:46.958 -03:00 [INF] Executing ObjectResult, writing value of type 'DLOA___API_OPT_OUT_e_MIGRAÇÃO_DE_CAMPANHA.Models.Responses.GatewayErrorResponse'.
2026-05-19 12:36:46.969 -03:00 [INF] Executed action DLOA___API_OPT_OUT_e_MIGRAÇÃO_DE_CAMPANHA.Controller.OptInController.OptOut (InterplayersGateway) in 2202.8456ms
2026-05-19 12:36:46.971 -03:00 [INF] Executed endpoint 'DLOA___API_OPT_OUT_e_MIGRAÇÃO_DE_CAMPANHA.Controller.OptInController.OptOut (InterplayersGateway)'
2026-05-19 12:36:46.976 -03:00 [INF] HTTP PATCH /api/OptIn/opt-out responded 404 in 2304.7902ms
2026-05-19 12:36:46.979 -03:00 [INF] Request finished HTTP/2 PATCH https://localhost:7121/api/OptIn/opt-out - 404 null application/json; charset=utf-8 2331.5141ms
2026-05-19 14:44:44.177 -03:00 [INF] Iniciando InterplayersGateway...
