2026-04-28 17:08:13.042 -03:00 [INF] InterplayersGateway iniciado com sucesso.
2026-04-28 17:08:13.437 -03:00 [INF] Now listening on: https://localhost:7121
2026-04-28 17:08:13.443 -03:00 [INF] Now listening on: http://localhost:5113
2026-04-28 17:08:13.539 -03:00 [INF] Application started. Press Ctrl+C to shut down.
2026-04-28 17:08:13.543 -03:00 [INF] Hosting environment: Development
2026-04-28 17:08:13.545 -03:00 [INF] Content root path: C:\Users\nicac\OneDrive\DESENVOLVIMENTO\C#\nicaciov\DLOA - API OPT-OUT e MIGRAÇÃO DE CAMPANHA
2026-04-28 17:08:14.187 -03:00 [INF] Request starting HTTP/2 GET https://localhost:7121/swagger/index.html - null null
2026-04-28 17:08:14.494 -03:00 [INF] Request finished HTTP/2 GET https://localhost:7121/swagger/index.html - 200 null text/html;charset=utf-8 323.6821ms
2026-04-28 17:08:14.893 -03:00 [INF] Request starting HTTP/2 GET https://localhost:7121/_vs/browserLink - null null
2026-04-28 17:08:14.893 -03:00 [INF] Request starting HTTP/2 GET https://localhost:7121/_framework/aspnetcore-browser-refresh.js - null null
2026-04-28 17:08:14.914 -03:00 [INF] Request finished HTTP/2 GET https://localhost:7121/_framework/aspnetcore-browser-refresh.js - 200 16571 application/javascript; charset=utf-8 20.9656ms
2026-04-28 17:08:14.983 -03:00 [INF] Request finished HTTP/2 GET https://localhost:7121/_vs/browserLink - 200 null text/javascript; charset=UTF-8 90.699ms
2026-04-28 17:08:15.087 -03:00 [INF] Request starting HTTP/2 GET https://localhost:7121/swagger/v1/swagger.json - null null
2026-04-28 17:08:15.126 -03:00 [INF] Request finished HTTP/2 GET https://localhost:7121/swagger/v1/swagger.json - 200 null application/json;charset=utf-8 40.3777ms
2026-04-28 17:08:26.548 -03:00 [INF] Request starting HTTP/2 PATCH https://localhost:7121/api/OptIn/opt-out - application/json 190
2026-04-28 17:08:26.566 -03:00 [INF] CORS policy execution successful.
2026-04-28 17:08:26.579 -03:00 [INF] Executing endpoint 'DLOA___API_OPT_OUT_e_MIGRAÇÃO_DE_CAMPANHA.Controller.OptInController.OptOut (InterplayersGateway)'
2026-04-28 17:08:26.653 -03:00 [INF] Route matched with {action = "OptOut", controller = "OptIn"}. Executing controller action with signature System.Threading.Tasks.Task`1[Microsoft.AspNetCore.Mvc.IActionResult] OptOut(DLOA___API_OPT_OUT_e_MIGRAÇÃO_DE_CAMPANHA.Models.Requests.OptOutRequest) on controller DLOA___API_OPT_OUT_e_MIGRAÇÃO_DE_CAMPANHA.Controller.OptInController (InterplayersGateway).
2026-04-28 17:08:49.860 -03:00 [INF] Enviando opt-out para Interplayers. Consumer=25057 Type=channel_opt_out Channel=whatsapp
2026-04-28 17:08:52.660 -03:00 [INF] Token Interplayers expirado ou ausente. Renovando...
2026-04-28 17:08:59.087 -03:00 [INF] Start processing HTTP request POST https://interplayersdevb2c.b2clogin.com/interplayersdevb2c.onmicrosoft.com/B2C_1_Loyalty/oauth2/v2.0/token
2026-04-28 17:08:59.095 -03:00 [INF] Sending HTTP request POST https://interplayersdevb2c.b2clogin.com/interplayersdevb2c.onmicrosoft.com/B2C_1_Loyalty/oauth2/v2.0/token
2026-04-28 17:09:00.092 -03:00 [INF] Received HTTP response headers after 989.75ms - 200
2026-04-28 17:09:00.096 -03:00 [INF] End processing HTTP request after 1014.8472ms - 200
2026-04-28 17:09:05.971 -03:00 [INF] Token Interplayers renovado. Válido por 3300s.
2026-04-28 17:09:11.450 -03:00 [INF] Start processing HTTP request PATCH https://idp-api-gtw.azure-api.net/external-loyalty-registration-pre/v2/Registrations/administrators/057/consumers/external/25057/opt-ins
2026-04-28 17:09:11.453 -03:00 [INF] Sending HTTP request PATCH https://idp-api-gtw.azure-api.net/external-loyalty-registration-pre/v2/Registrations/administrators/057/consumers/external/25057/opt-ins
2026-04-28 17:09:12.756 -03:00 [INF] Received HTTP response headers after 1300.617ms - 404
2026-04-28 17:09:12.759 -03:00 [INF] End processing HTTP request after 1308.4668ms - 404
2026-04-28 17:09:25.740 -03:00 [WRN] Interplayers retornou resposta vazia. Status=404
2026-04-28 17:09:33.866 -03:00 [INF] [AUDIT] Action=channel_opt_out Consumer=25057 Origin=DLOA AI Success=false StatusCode=404 IdempotencyKey=AIOAJO*D&DD*(
2026-04-28 17:09:35.529 -03:00 [WRN] Interplayers retornou erro. Status=404 Code=EMPTY_RESPONSE Desc=Interplayers retornou resposta vazia.
2026-04-28 17:09:43.023 -03:00 [INF] Executing ObjectResult, writing value of type 'DLOA___API_OPT_OUT_e_MIGRAÇÃO_DE_CAMPANHA.Models.Responses.GatewayErrorResponse'.
2026-04-28 17:09:43.082 -03:00 [INF] Executed action DLOA___API_OPT_OUT_e_MIGRAÇÃO_DE_CAMPANHA.Controller.OptInController.OptOut (InterplayersGateway) in 76419.5119ms
2026-04-28 17:09:43.086 -03:00 [INF] Executed endpoint 'DLOA___API_OPT_OUT_e_MIGRAÇÃO_DE_CAMPANHA.Controller.OptInController.OptOut (InterplayersGateway)'
2026-04-28 17:09:43.090 -03:00 [INF] HTTP PATCH /api/OptIn/opt-out responded 404 in 76528.0592ms
2026-04-28 17:09:43.095 -03:00 [INF] Request finished HTTP/2 PATCH https://localhost:7121/api/OptIn/opt-out - 404 null application/json; charset=utf-8 76547.7534ms
2026-04-28 17:10:26.274 -03:00 [INF] Iniciando InterplayersGateway...
