2026-05-18 16:22:03.290 -03:00 [INF] InterplayersGateway iniciado com sucesso.
2026-05-18 16:22:03.408 -03:00 [INF] Now listening on: https://localhost:7121
2026-05-18 16:22:03.412 -03:00 [INF] Now listening on: http://localhost:5113
2026-05-18 16:22:03.462 -03:00 [INF] Application started. Press Ctrl+C to shut down.
2026-05-18 16:22:03.464 -03:00 [INF] Hosting environment: Development
2026-05-18 16:22:03.465 -03:00 [INF] Content root path: C:\Users\nicac\OneDrive\DESENVOLVIMENTO\C#\nicaciov\DLOA - API OPT-OUT e MIGRAÇÃO DE CAMPANHA
2026-05-18 16:22:04.127 -03:00 [INF] Request starting HTTP/2 GET https://localhost:7121/swagger/index.html - null null
2026-05-18 16:22:04.311 -03:00 [INF] Request finished HTTP/2 GET https://localhost:7121/swagger/index.html - 200 null text/html;charset=utf-8 184.351ms
2026-05-18 16:22:04.351 -03:00 [INF] Request starting HTTP/2 GET https://localhost:7121/_framework/aspnetcore-browser-refresh.js - null null
2026-05-18 16:22:04.363 -03:00 [INF] Request finished HTTP/2 GET https://localhost:7121/_framework/aspnetcore-browser-refresh.js - 200 14991 application/javascript; charset=utf-8 12.4582ms
2026-05-18 16:22:04.842 -03:00 [INF] Request starting HTTP/2 GET https://localhost:7121/_vs/browserLink - null null
2026-05-18 16:22:04.895 -03:00 [INF] Request finished HTTP/2 GET https://localhost:7121/_vs/browserLink - 200 null text/javascript; charset=UTF-8 52.0183ms
2026-05-18 16:22:05.025 -03:00 [INF] Request starting HTTP/2 GET https://localhost:7121/swagger/v1/swagger.json - null null
2026-05-18 16:22:05.057 -03:00 [INF] Request finished HTTP/2 GET https://localhost:7121/swagger/v1/swagger.json - 200 null application/json;charset=utf-8 32.2378ms
2026-05-18 16:22:26.762 -03:00 [INF] Request starting HTTP/2 PATCH https://localhost:7121/api/OptIn/opt-out - application/json 142
2026-05-18 16:22:26.774 -03:00 [INF] CORS policy execution successful.
2026-05-18 16:22:26.779 -03:00 [INF] Executing endpoint 'DLOA___API_OPT_OUT_e_MIGRAÇÃO_DE_CAMPANHA.Controller.OptInController.OptOut (InterplayersGateway)'
2026-05-18 16:22:26.813 -03:00 [INF] Route matched with {action = "OptOut", controller = "OptIn"}. Executing controller action with signature System.Threading.Tasks.Task`1[Microsoft.AspNetCore.Mvc.IActionResult] OptOut(DLOA___API_OPT_OUT_e_MIGRAÇÃO_DE_CAMPANHA.Models.Requests.OptOutRequest) on controller DLOA___API_OPT_OUT_e_MIGRAÇÃO_DE_CAMPANHA.Controller.OptInController (InterplayersGateway).
2026-05-18 16:22:26.871 -03:00 [INF] Token Interplayers expirado ou ausente. Renovando...
2026-05-18 16:22:26.882 -03:00 [INF] Start processing HTTP request POST https://interplayersdevb2c.b2clogin.com/interplayersdevb2c.onmicrosoft.com/B2C_1_Loyalty/oauth2/v2.0/token
2026-05-18 16:22:26.886 -03:00 [INF] Sending HTTP request POST https://interplayersdevb2c.b2clogin.com/interplayersdevb2c.onmicrosoft.com/B2C_1_Loyalty/oauth2/v2.0/token
2026-05-18 16:22:27.901 -03:00 [INF] Received HTTP response headers after 1011.5258ms - 200
2026-05-18 16:22:27.903 -03:00 [INF] End processing HTTP request after 1024.232ms - 200
2026-05-18 16:22:27.916 -03:00 [INF] Token Interplayers renovado. Válido por 3300s.
2026-05-18 16:22:27.918 -03:00 [INF] 
╔══════════════════════════════════════════════════════╗
║         CONSULTA CONSUMIDOR → INTERPLAYERS           ║
╚══════════════════════════════════════════════════════╝
Método  : GET
URL     : https://idp-api-gtw.azure-api.net/external-loyalty-registration-pre/v1/Registrations/administrators/057/consumers/external/10315574257
Headers :
  Authorization : Bearer eyJhbGciOiJSUzI1NiIs...Ihq8p2MbIw
  Content-Type  : application/json

CURL equivalente:
curl -X GET "https://idp-api-gtw.azure-api.net/external-loyalty-registration-pre/v1/Registrations/administrators/057/consumers/external/10315574257" \
  -H "Authorization: Bearer eyJhbGciOiJSUzI1NiIsImtpZCI6Ilg1ZVhrNHh5b2pORnVtMWtsMll0djhkbE5QNC1jNTdkTzZRR1RWQndhTmsiLCJ0eXAiOiJKV1QifQ.eyJhdWQiOiJhMDQ2YTljOC0yYmQ4LTQ2OTYtYTg1OC0wYzFmMjJhNWYwZDQiLCJpc3MiOiJodHRwczovL2ludGVycGxheWVyc2RldmIyYy5iMmNsb2dpbi5jb20vYTRkOWZjNDAtYzEzMi00ZWJjLWI0NWUtOTEwZDIyNWYyNDM2L3YyLjAvIiwiZXhwIjoxNzc5MTM1NzQ3LCJuYmYiOjE3NzkxMzIxNDcsInRmcCI6IkIyQ18xX0xveWFsdHkiLCJzY3AiOiJMb3lhbHR5LkNvbnN1bWVyQWRoZXNpb24uV3JpdGUgQXBwLkFkbWluaXN0cmF0b3IuNTcgU3lzdGVtSWQuQURNMDQzOTQwNjE4MDNMIExveWFsdHkuQ29uc3VtZXJSZWdpc3RyYXRpb24uV3JpdGUgTG95YWx0eS5Xcml0ZSBMb3lhbHR5LlJlYWQiLCJhenBhY3IiOiIxIiwic3ViIjoiYzZhNTM0ZmQtNzQ2ZC00MjBmLTg0OTktZTU4ODkzMmYxYThmIiwib2lkIjoiYzZhNTM0ZmQtNzQ2ZC00MjBmLTg0OTktZTU4ODkzMmYxYThmIiwidGlkIjoiYTRkOWZjNDAtYzEzMi00ZWJjLWI0NWUtOTEwZDIyNWYyNDM2IiwidmVyIjoiMi4wIiwiYXpwIjoiNDcyZWRjZWEtMDkyNS00ODRhLWFlMDAtNmRjMmU0NWQ5OWRlIiwiaWF0IjoxNzc5MTMyMTQ3fQ.FwptpnvRukt4DhFkeGEOP58J2PzWqqk6XSqnW8Ze9DDE681sAmSeTMG8WsaWauRXrrErW0OUJ4joe2xxHXx8VNqlbdyFQOjYU03RsWbqRgP7JI3yw6pp7fwW7LdD9Y21nQnAlxuSkEBHs5jJOdJKMFIALPC3e3Fr1ENCJbFxVYoI5WbLkd3PTHIdPgLy_jGgWj4WnpMOmYpcbZDq0YkXk0BFAHqUohzN-gk9f38pnUkq8twQOe58hCNWI5bcSdOsH8M9kcfSEmea7gc63a-FlWmPTnzxBCuRlOp-XdsmXxznhTUpjaoHfXr9AoIibc2UcUzUODRAl-M6Ihq8p2MbIw"
2026-05-18 16:22:27.921 -03:00 [INF] Start processing HTTP request GET https://idp-api-gtw.azure-api.net/external-loyalty-registration-pre/v1/Registrations/administrators/057/consumers/external/10315574257
2026-05-18 16:22:27.924 -03:00 [INF] Sending HTTP request GET https://idp-api-gtw.azure-api.net/external-loyalty-registration-pre/v1/Registrations/administrators/057/consumers/external/10315574257
2026-05-18 16:22:29.211 -03:00 [INF] Received HTTP response headers after 1285.5758ms - 404
2026-05-18 16:22:29.213 -03:00 [INF] End processing HTTP request after 1292.139ms - 404
2026-05-18 16:22:29.216 -03:00 [INF] 
╔══════════════════════════════════════════════════════╗
║        RESPOSTA CONSULTA ← INTERPLAYERS              ║
╚══════════════════════════════════════════════════════╝
Status  : 404
Body    :
{
  "Data": {
    "error": "LR04",
    "errorDescription": "Consumidor n\u00E3o encontrado (LR04)"
  }
}
2026-05-18 16:22:29.218 -03:00 [WRN] Falha ao buscar opt-ins atuais. Status=404 Body={
  "Data": {
    "error": "LR04",
    "errorDescription": "Consumidor não encontrado (LR04)"
  }
}
2026-05-18 16:22:29.219 -03:00 [WRN] Consumidor 10315574257 não encontrado ou sem dados de preferência.
2026-05-18 16:22:29.227 -03:00 [INF] Executing ObjectResult, writing value of type 'DLOA___API_OPT_OUT_e_MIGRAÇÃO_DE_CAMPANHA.Models.Responses.GatewayErrorResponse'.
2026-05-18 16:22:29.238 -03:00 [INF] Executed action DLOA___API_OPT_OUT_e_MIGRAÇÃO_DE_CAMPANHA.Controller.OptInController.OptOut (InterplayersGateway) in 2418.8139ms
2026-05-18 16:22:29.241 -03:00 [INF] Executed endpoint 'DLOA___API_OPT_OUT_e_MIGRAÇÃO_DE_CAMPANHA.Controller.OptInController.OptOut (InterplayersGateway)'
2026-05-18 16:22:29.246 -03:00 [INF] HTTP PATCH /api/OptIn/opt-out responded 404 in 2472.9028ms
2026-05-18 16:22:29.248 -03:00 [INF] Request finished HTTP/2 PATCH https://localhost:7121/api/OptIn/opt-out - 404 null application/json; charset=utf-8 2486.4807ms
