2026-05-19 16:02:08.728 -03:00 [INF] InterplayersGateway iniciado com sucesso.
2026-05-19 16:02:08.891 -03:00 [INF] Now listening on: https://localhost:7121
2026-05-19 16:02:08.894 -03:00 [INF] Now listening on: http://localhost:5113
2026-05-19 16:02:08.944 -03:00 [INF] Application started. Press Ctrl+C to shut down.
2026-05-19 16:02:08.947 -03:00 [INF] Hosting environment: Development
2026-05-19 16:02:08.948 -03:00 [INF] Content root path: C:\Users\nicac\OneDrive\DESENVOLVIMENTO\C#\nicaciov\DLOA - API OPT-OUT e MIGRAÇÃO DE CAMPANHA
2026-05-19 16:02:09.577 -03:00 [INF] Request starting HTTP/2 GET https://localhost:7121/swagger/index.html - null null
2026-05-19 16:02:09.844 -03:00 [INF] Request finished HTTP/2 GET https://localhost:7121/swagger/index.html - 200 null text/html;charset=utf-8 268.5338ms
2026-05-19 16:02:09.882 -03:00 [INF] Request starting HTTP/2 GET https://localhost:7121/_framework/aspnetcore-browser-refresh.js - null null
2026-05-19 16:02:09.914 -03:00 [INF] Request finished HTTP/2 GET https://localhost:7121/_framework/aspnetcore-browser-refresh.js - 200 14991 application/javascript; charset=utf-8 31.469ms
2026-05-19 16:02:10.375 -03:00 [INF] Request starting HTTP/2 GET https://localhost:7121/_vs/browserLink - null null
2026-05-19 16:02:10.411 -03:00 [INF] Request finished HTTP/2 GET https://localhost:7121/_vs/browserLink - 200 null text/javascript; charset=UTF-8 35.888ms
2026-05-19 16:02:10.508 -03:00 [INF] Request starting HTTP/2 GET https://localhost:7121/swagger/v1/swagger.json - null null
2026-05-19 16:02:10.529 -03:00 [INF] Request finished HTTP/2 GET https://localhost:7121/swagger/v1/swagger.json - 200 null application/json;charset=utf-8 20.6638ms
2026-05-19 16:02:16.042 -03:00 [INF] Request starting HTTP/2 GET https://localhost:7121/swagger/index.html - null null
2026-05-19 16:02:16.055 -03:00 [INF] Request finished HTTP/2 GET https://localhost:7121/swagger/index.html - 200 null text/html;charset=utf-8 12.8109ms
2026-05-19 16:02:16.148 -03:00 [INF] Request starting HTTP/2 GET https://localhost:7121/_framework/aspnetcore-browser-refresh.js - null null
2026-05-19 16:02:16.153 -03:00 [INF] Request finished HTTP/2 GET https://localhost:7121/_framework/aspnetcore-browser-refresh.js - 200 14991 application/javascript; charset=utf-8 5.5647ms
2026-05-19 16:02:16.538 -03:00 [INF] Request starting HTTP/2 GET https://localhost:7121/_vs/browserLink - null null
2026-05-19 16:02:16.548 -03:00 [INF] Request finished HTTP/2 GET https://localhost:7121/_vs/browserLink - 200 null text/javascript; charset=UTF-8 9.9677ms
2026-05-19 16:02:16.652 -03:00 [INF] Request starting HTTP/2 GET https://localhost:7121/swagger/v1/swagger.json - null null
2026-05-19 16:02:16.674 -03:00 [INF] Request finished HTTP/2 GET https://localhost:7121/swagger/v1/swagger.json - 200 null application/json;charset=utf-8 22.5393ms
2026-05-19 16:02:41.539 -03:00 [INF] Request starting HTTP/2 PATCH https://localhost:7121/api/OptIn/opt-out?apiKey=V3lSccRdH3P8WdxCZWvMSvsj1 - application/json 111
2026-05-19 16:02:41.796 -03:00 [INF] CORS policy execution successful.
2026-05-19 16:02:41.949 -03:00 [INF] Executing endpoint 'DLOA___API_OPT_OUT_e_MIGRAÇÃO_DE_CAMPANHA.Controller.OptInController.OptOut (InterplayersGateway)'
2026-05-19 16:02:41.993 -03:00 [INF] Route matched with {action = "OptOut", controller = "OptIn"}. Executing controller action with signature System.Threading.Tasks.Task`1[Microsoft.AspNetCore.Mvc.IActionResult] OptOut(DLOA___API_OPT_OUT_e_MIGRAÇÃO_DE_CAMPANHA.Models.Requests.OptOutRequest, System.String) on controller DLOA___API_OPT_OUT_e_MIGRAÇÃO_DE_CAMPANHA.Controller.OptInController (InterplayersGateway).
2026-05-19 16:02:42.048 -03:00 [INF] IdempotencyKey gerado: FDDpNHcIbX
2026-05-19 16:02:42.066 -03:00 [INF] Enviando opt-out para Interplayers. Consumer=57103155742 Type=global_opt_out Channel=whatsapp
2026-05-19 16:02:42.073 -03:00 [INF] Token Interplayers expirado ou ausente. Renovando...
2026-05-19 16:02:42.085 -03:00 [INF] Start processing HTTP request POST https://account.iplayers.com.br/interplayersb2c.onmicrosoft.com/B2C_1_Loyalty/oauth2/v2.0/token
2026-05-19 16:02:42.091 -03:00 [INF] Sending HTTP request POST https://account.iplayers.com.br/interplayersb2c.onmicrosoft.com/B2C_1_Loyalty/oauth2/v2.0/token
2026-05-19 16:02:42.820 -03:00 [INF] Received HTTP response headers after 724.5844ms - 200
2026-05-19 16:02:42.822 -03:00 [INF] End processing HTTP request after 741.2026ms - 200
2026-05-19 16:02:42.835 -03:00 [INF] Token Interplayers renovado. Válido por 3300s.
2026-05-19 16:02:42.842 -03:00 [INF] 
╔══════════════════════════════════════════════════════╗
║              REQUISIÇÃO → INTERPLAYERS               ║
╚══════════════════════════════════════════════════════╝
Método  : PATCH
URL     : https://api-mng.interplayers.com.br/loyalty-registration/v2/Registrations/administrators/57/consumers/external/57103155742/opt-ins
Headers :
  Authorization : Bearer eyJhbGciOiJSUzI1NiIs...I94rjLONnw
  Content-Type  : application/json
Body    :
{
  "informativeMaterial": "N",
  "mail": "N",
  "email": "N",
  "phone": "N",
  "sms": "N",
  "push": "N",
  "whatsApp": "N"
}

CURL equivalente:
curl -X PATCH "https://api-mng.interplayers.com.br/loyalty-registration/v2/Registrations/administrators/57/consumers/external/57103155742/opt-ins" \
  -H "Authorization: Bearer eyJhbGciOiJSUzI1NiIsImtpZCI6Ilg1ZVhrNHh5b2pORnVtMWtsMll0djhkbE5QNC1jNTdkTzZRR1RWQndhTmsiLCJ0eXAiOiJKV1QifQ.eyJhdWQiOiJhNjQ4NTUxNi0xOWZhLTQ3NjctYWNmMS03ZjhhMGQ4ZmE4YTMiLCJpc3MiOiJodHRwczovL2FjY291bnQuaXBsYXllcnMuY29tLmJyLzI3YjEwZTU2LTFjY2EtNDY4ZS04MGZlLWUyZjYwZjg1NDZjZC92Mi4wLyIsImV4cCI6MTc3OTIyMDk2MiwibmJmIjoxNzc5MjE3MzYyLCJ0ZnAiOiJCMkNfMV9Mb3lhbHR5Iiwic2NwIjoiTG95YWx0eS5SZWFkIEFwcC5BZG1pbmlzdHJhdG9yLjU3IExveWFsdHkuQ29uc3VtZXJSZWdpc3RyYXRpb24uV3JpdGUgU3lzdGVtSWQuQURNMDQzOTQwNjE4MDFMIExveWFsdHkuV3JpdGUgTG95YWx0eS5Db25zdW1lckFkaGVzaW9uLldyaXRlIiwiYXpwYWNyIjoiMSIsInN1YiI6ImYxNjA0MWIwLTViYmEtNDk4MC1iYWMxLTE0OWE5NzFkNzE2ZiIsIm9pZCI6ImYxNjA0MWIwLTViYmEtNDk4MC1iYWMxLTE0OWE5NzFkNzE2ZiIsInRpZCI6IjI3YjEwZTU2LTFjY2EtNDY4ZS04MGZlLWUyZjYwZjg1NDZjZCIsInZlciI6IjIuMCIsImF6cCI6IjAxNmNjMjMxLTY2YzgtNGZmMC1iYjZiLWQ0ZGQ3YWNlOTcwZCIsImlhdCI6MTc3OTIxNzM2Mn0.hlQ9Nkl4dePao1ov6uTv9RS4wy-W0ovioBdZV9jJIWIGkm5qZqFqfm7_0IFclf-E4dTg8FwUIKsif-y7PBTfaGEpApkK7TnkU5IRyQ7eROjQu2qqWGEOmFcy7W7exi0tzpgC89Nc9LFyNNm5qCL-5PO1iSGlUR5zUNZpL5D4ElOGnun-8NZgTm56jzbb_bf5aP847cj8ezgJxLSny8rvtMPQSKHl8dF1zdHBXhA8HsX2f_REU_xFUWa_kixwKrxmpbDCpKIv0pn2kpO_bEkHDW1R6bgiC1ahs64LqSJ8HD0zaWX-f8AOPjd_nm5cvpgwFH6GH7FdO1aII94rjLONnw" \
  -H "Content-Type: application/json" \
  -d '{
  "informativeMaterial": "N",
  "mail": "N",
  "email": "N",
  "phone": "N",
  "sms": "N",
  "push": "N",
  "whatsApp": "N"
}'
2026-05-19 16:02:42.846 -03:00 [INF] Start processing HTTP request PATCH https://api-mng.interplayers.com.br/loyalty-registration/v2/Registrations/administrators/57/consumers/external/57103155742/opt-ins
2026-05-19 16:02:42.848 -03:00 [INF] Sending HTTP request PATCH https://api-mng.interplayers.com.br/loyalty-registration/v2/Registrations/administrators/57/consumers/external/57103155742/opt-ins
2026-05-19 16:02:43.854 -03:00 [INF] Received HTTP response headers after 1004.6606ms - 200
2026-05-19 16:02:43.859 -03:00 [INF] End processing HTTP request after 1012.4572ms - 200
2026-05-19 16:02:43.862 -03:00 [INF] 
╔══════════════════════════════════════════════════════╗
║             RESPOSTA ← INTERPLAYERS                  ║
╚══════════════════════════════════════════════════════╝
Status  : 200 OK
Headers :
  Transfer-Encoding: chunked
  Request-Context: appId=cid-v1:ff420140-14a7-4478-beba-e65c3c490435
  Date: Tue, 19 May 2026 19:02:42 GMT
Body    :
{
  "description": "Prefer\u00EAncias de comunica\u00E7\u00E3o foram atualizadas com sucesso"
}
2026-05-19 16:02:43.877 -03:00 [INF] [AUDIT] Action=global_opt_out Consumer=57103155742 Origin=API Success=true StatusCode=200 IdempotencyKey=FDDpNHcIbX
2026-05-19 16:02:43.900 -03:00 [INF] Executing OkObjectResult, writing value of type 'DLOA___API_OPT_OUT_e_MIGRAÇÃO_DE_CAMPANHA.Models.Responses.GatewaySuccessResponse'.
2026-05-19 16:02:43.908 -03:00 [INF] Executed action DLOA___API_OPT_OUT_e_MIGRAÇÃO_DE_CAMPANHA.Controller.OptInController.OptOut (InterplayersGateway) in 1908.3547ms
2026-05-19 16:02:43.910 -03:00 [INF] Executed endpoint 'DLOA___API_OPT_OUT_e_MIGRAÇÃO_DE_CAMPANHA.Controller.OptInController.OptOut (InterplayersGateway)'
2026-05-19 16:02:43.913 -03:00 [INF] HTTP PATCH /api/OptIn/opt-out responded 200 in 2119.6056ms
2026-05-19 16:02:43.915 -03:00 [INF] Request finished HTTP/2 PATCH https://localhost:7121/api/OptIn/opt-out?apiKey=V3lSccRdH3P8WdxCZWvMSvsj1 - 200 null application/json; charset=utf-8 2376.4201ms
2026-05-19 16:09:50.781 -03:00 [INF] Request starting HTTP/2 PATCH https://localhost:7121/api/Campaign/migrate?apiKey=V3lSccRdH3P8WdxCZWvMSvsj1 - application/json 85
2026-05-19 16:09:50.788 -03:00 [INF] CORS policy execution successful.
2026-05-19 16:09:50.790 -03:00 [INF] Executing endpoint 'DLOA___API_OPT_OUT_e_MIGRAÇÃO_DE_CAMPANHA.Controller.CampaignController.Migrate (InterplayersGateway)'
2026-05-19 16:09:50.795 -03:00 [INF] Route matched with {action = "Migrate", controller = "Campaign"}. Executing controller action with signature System.Threading.Tasks.Task`1[Microsoft.AspNetCore.Mvc.IActionResult] Migrate(DLOA___API_OPT_OUT_e_MIGRAÇÃO_DE_CAMPANHA.Models.Requests.CampaignMigrateRequest, System.String) on controller DLOA___API_OPT_OUT_e_MIGRAÇÃO_DE_CAMPANHA.Controller.CampaignController (InterplayersGateway).
2026-05-19 16:09:50.802 -03:00 [INF] IdempotencyKey gerado: nt5cxJRcnU
2026-05-19 16:09:50.804 -03:00 [INF] Migrando campanha. Consumer=57103155742 Ean=7896382709111 NewCampaign=572
2026-05-19 16:09:50.809 -03:00 [INF] 
╔══════════════════════════════════════════════════════╗
║         REQUISIÇÃO MIGRAÇÃO → INTERPLAYERS           ║
╚══════════════════════════════════════════════════════╝
Método  : PATCH
URL     : https://api-mng.interplayers.com.br/loyalty-adhesion/v2/Adhesion/administrators/57/consumers/57103155742/products/migrate-campaign
Headers :
  Authorization : Bearer eyJhbGciOiJSUzI1NiIs...I94rjLONnw
  Content-Type  : application/json
Body    :
{
  "product": {
    "ean": "7896382709111",
    "newCampaignId": "572"
  }
}

CURL equivalente:
curl -X PATCH "https://api-mng.interplayers.com.br/loyalty-adhesion/v2/Adhesion/administrators/57/consumers/57103155742/products/migrate-campaign" \
  -H "Authorization: Bearer eyJhbGciOiJSUzI1NiIsImtpZCI6Ilg1ZVhrNHh5b2pORnVtMWtsMll0djhkbE5QNC1jNTdkTzZRR1RWQndhTmsiLCJ0eXAiOiJKV1QifQ.eyJhdWQiOiJhNjQ4NTUxNi0xOWZhLTQ3NjctYWNmMS03ZjhhMGQ4ZmE4YTMiLCJpc3MiOiJodHRwczovL2FjY291bnQuaXBsYXllcnMuY29tLmJyLzI3YjEwZTU2LTFjY2EtNDY4ZS04MGZlLWUyZjYwZjg1NDZjZC92Mi4wLyIsImV4cCI6MTc3OTIyMDk2MiwibmJmIjoxNzc5MjE3MzYyLCJ0ZnAiOiJCMkNfMV9Mb3lhbHR5Iiwic2NwIjoiTG95YWx0eS5SZWFkIEFwcC5BZG1pbmlzdHJhdG9yLjU3IExveWFsdHkuQ29uc3VtZXJSZWdpc3RyYXRpb24uV3JpdGUgU3lzdGVtSWQuQURNMDQzOTQwNjE4MDFMIExveWFsdHkuV3JpdGUgTG95YWx0eS5Db25zdW1lckFkaGVzaW9uLldyaXRlIiwiYXpwYWNyIjoiMSIsInN1YiI6ImYxNjA0MWIwLTViYmEtNDk4MC1iYWMxLTE0OWE5NzFkNzE2ZiIsIm9pZCI6ImYxNjA0MWIwLTViYmEtNDk4MC1iYWMxLTE0OWE5NzFkNzE2ZiIsInRpZCI6IjI3YjEwZTU2LTFjY2EtNDY4ZS04MGZlLWUyZjYwZjg1NDZjZCIsInZlciI6IjIuMCIsImF6cCI6IjAxNmNjMjMxLTY2YzgtNGZmMC1iYjZiLWQ0ZGQ3YWNlOTcwZCIsImlhdCI6MTc3OTIxNzM2Mn0.hlQ9Nkl4dePao1ov6uTv9RS4wy-W0ovioBdZV9jJIWIGkm5qZqFqfm7_0IFclf-E4dTg8FwUIKsif-y7PBTfaGEpApkK7TnkU5IRyQ7eROjQu2qqWGEOmFcy7W7exi0tzpgC89Nc9LFyNNm5qCL-5PO1iSGlUR5zUNZpL5D4ElOGnun-8NZgTm56jzbb_bf5aP847cj8ezgJxLSny8rvtMPQSKHl8dF1zdHBXhA8HsX2f_REU_xFUWa_kixwKrxmpbDCpKIv0pn2kpO_bEkHDW1R6bgiC1ahs64LqSJ8HD0zaWX-f8AOPjd_nm5cvpgwFH6GH7FdO1aII94rjLONnw" \
  -H "Content-Type: application/json" \
  -d '{
  "product": {
    "ean": "7896382709111",
    "newCampaignId": "572"
  }
}'
2026-05-19 16:09:50.812 -03:00 [INF] Start processing HTTP request PATCH https://api-mng.interplayers.com.br/loyalty-adhesion/v2/Adhesion/administrators/57/consumers/57103155742/products/migrate-campaign
2026-05-19 16:09:50.813 -03:00 [INF] Sending HTTP request PATCH https://api-mng.interplayers.com.br/loyalty-adhesion/v2/Adhesion/administrators/57/consumers/57103155742/products/migrate-campaign
2026-05-19 16:09:52.839 -03:00 [INF] Received HTTP response headers after 2024.3361ms - 404
2026-05-19 16:09:52.840 -03:00 [INF] End processing HTTP request after 2027.696ms - 404
2026-05-19 16:09:52.842 -03:00 [INF] 
╔══════════════════════════════════════════════════════╗
║          RESPOSTA MIGRAÇÃO ← INTERPLAYERS            ║
╚══════════════════════════════════════════════════════╝
Status  : 404 Not Found
Headers :
  Transfer-Encoding: chunked
  Request-Context: appId=cid-v1:ff420140-14a7-4478-beba-e65c3c490435
  Date: Tue, 19 May 2026 19:09:51 GMT
Body    :
{
  "Data": {
    "error": "MP77",
    "errorDescription": "Campanha nova n\u00E3o localizada. (MP77)"
  }
}
2026-05-19 16:09:52.849 -03:00 [INF] [AUDIT] Action=campaign_migrate Consumer=57103155742 Origin= Success=false StatusCode=404 IdempotencyKey=nt5cxJRcnU
2026-05-19 16:09:52.854 -03:00 [WRN] Migração falhou. Status=404 Code=MP77 Desc=Campanha nova não localizada. (MP77)
2026-05-19 16:09:52.861 -03:00 [INF] Executing ObjectResult, writing value of type 'DLOA___API_OPT_OUT_e_MIGRAÇÃO_DE_CAMPANHA.Models.Responses.GatewayErrorResponse'.
2026-05-19 16:09:52.863 -03:00 [INF] Executed action DLOA___API_OPT_OUT_e_MIGRAÇÃO_DE_CAMPANHA.Controller.CampaignController.Migrate (InterplayersGateway) in 2066.3636ms
2026-05-19 16:09:52.866 -03:00 [INF] Executed endpoint 'DLOA___API_OPT_OUT_e_MIGRAÇÃO_DE_CAMPANHA.Controller.CampaignController.Migrate (InterplayersGateway)'
2026-05-19 16:09:52.867 -03:00 [INF] HTTP PATCH /api/Campaign/migrate responded 404 in 2079.4429ms
2026-05-19 16:09:52.870 -03:00 [INF] Request finished HTTP/2 PATCH https://localhost:7121/api/Campaign/migrate?apiKey=V3lSccRdH3P8WdxCZWvMSvsj1 - 404 null application/json; charset=utf-8 2088.2132ms
2026-05-19 16:11:12.042 -03:00 [INF] Request starting HTTP/2 PATCH https://localhost:7121/api/Campaign/migrate?apiKey=V3lSccRdH3P8WdxCZWvMSvsj1 - application/json 85
2026-05-19 16:11:12.047 -03:00 [INF] CORS policy execution successful.
2026-05-19 16:11:12.048 -03:00 [INF] Executing endpoint 'DLOA___API_OPT_OUT_e_MIGRAÇÃO_DE_CAMPANHA.Controller.CampaignController.Migrate (InterplayersGateway)'
2026-05-19 16:11:12.050 -03:00 [INF] Route matched with {action = "Migrate", controller = "Campaign"}. Executing controller action with signature System.Threading.Tasks.Task`1[Microsoft.AspNetCore.Mvc.IActionResult] Migrate(DLOA___API_OPT_OUT_e_MIGRAÇÃO_DE_CAMPANHA.Models.Requests.CampaignMigrateRequest, System.String) on controller DLOA___API_OPT_OUT_e_MIGRAÇÃO_DE_CAMPANHA.Controller.CampaignController (InterplayersGateway).
2026-05-19 16:11:12.055 -03:00 [INF] IdempotencyKey gerado: lXTwfrjnDZ
2026-05-19 16:11:12.056 -03:00 [INF] Migrando campanha. Consumer=57103155742 Ean=7896382709111 NewCampaign=573
2026-05-19 16:11:12.059 -03:00 [INF] 
╔══════════════════════════════════════════════════════╗
║         REQUISIÇÃO MIGRAÇÃO → INTERPLAYERS           ║
╚══════════════════════════════════════════════════════╝
Método  : PATCH
URL     : https://api-mng.interplayers.com.br/loyalty-adhesion/v2/Adhesion/administrators/57/consumers/57103155742/products/migrate-campaign
Headers :
  Authorization : Bearer eyJhbGciOiJSUzI1NiIs...I94rjLONnw
  Content-Type  : application/json
Body    :
{
  "product": {
    "ean": "7896382709111",
    "newCampaignId": "573"
  }
}

CURL equivalente:
curl -X PATCH "https://api-mng.interplayers.com.br/loyalty-adhesion/v2/Adhesion/administrators/57/consumers/57103155742/products/migrate-campaign" \
  -H "Authorization: Bearer eyJhbGciOiJSUzI1NiIsImtpZCI6Ilg1ZVhrNHh5b2pORnVtMWtsMll0djhkbE5QNC1jNTdkTzZRR1RWQndhTmsiLCJ0eXAiOiJKV1QifQ.eyJhdWQiOiJhNjQ4NTUxNi0xOWZhLTQ3NjctYWNmMS03ZjhhMGQ4ZmE4YTMiLCJpc3MiOiJodHRwczovL2FjY291bnQuaXBsYXllcnMuY29tLmJyLzI3YjEwZTU2LTFjY2EtNDY4ZS04MGZlLWUyZjYwZjg1NDZjZC92Mi4wLyIsImV4cCI6MTc3OTIyMDk2MiwibmJmIjoxNzc5MjE3MzYyLCJ0ZnAiOiJCMkNfMV9Mb3lhbHR5Iiwic2NwIjoiTG95YWx0eS5SZWFkIEFwcC5BZG1pbmlzdHJhdG9yLjU3IExveWFsdHkuQ29uc3VtZXJSZWdpc3RyYXRpb24uV3JpdGUgU3lzdGVtSWQuQURNMDQzOTQwNjE4MDFMIExveWFsdHkuV3JpdGUgTG95YWx0eS5Db25zdW1lckFkaGVzaW9uLldyaXRlIiwiYXpwYWNyIjoiMSIsInN1YiI6ImYxNjA0MWIwLTViYmEtNDk4MC1iYWMxLTE0OWE5NzFkNzE2ZiIsIm9pZCI6ImYxNjA0MWIwLTViYmEtNDk4MC1iYWMxLTE0OWE5NzFkNzE2ZiIsInRpZCI6IjI3YjEwZTU2LTFjY2EtNDY4ZS04MGZlLWUyZjYwZjg1NDZjZCIsInZlciI6IjIuMCIsImF6cCI6IjAxNmNjMjMxLTY2YzgtNGZmMC1iYjZiLWQ0ZGQ3YWNlOTcwZCIsImlhdCI6MTc3OTIxNzM2Mn0.hlQ9Nkl4dePao1ov6uTv9RS4wy-W0ovioBdZV9jJIWIGkm5qZqFqfm7_0IFclf-E4dTg8FwUIKsif-y7PBTfaGEpApkK7TnkU5IRyQ7eROjQu2qqWGEOmFcy7W7exi0tzpgC89Nc9LFyNNm5qCL-5PO1iSGlUR5zUNZpL5D4ElOGnun-8NZgTm56jzbb_bf5aP847cj8ezgJxLSny8rvtMPQSKHl8dF1zdHBXhA8HsX2f_REU_xFUWa_kixwKrxmpbDCpKIv0pn2kpO_bEkHDW1R6bgiC1ahs64LqSJ8HD0zaWX-f8AOPjd_nm5cvpgwFH6GH7FdO1aII94rjLONnw" \
  -H "Content-Type: application/json" \
  -d '{
  "product": {
    "ean": "7896382709111",
    "newCampaignId": "573"
  }
}'
2026-05-19 16:11:12.063 -03:00 [INF] Start processing HTTP request PATCH https://api-mng.interplayers.com.br/loyalty-adhesion/v2/Adhesion/administrators/57/consumers/57103155742/products/migrate-campaign
2026-05-19 16:11:12.065 -03:00 [INF] Sending HTTP request PATCH https://api-mng.interplayers.com.br/loyalty-adhesion/v2/Adhesion/administrators/57/consumers/57103155742/products/migrate-campaign
2026-05-19 16:11:19.808 -03:00 [INF] Received HTTP response headers after 7741.174ms - 404
2026-05-19 16:11:19.809 -03:00 [INF] End processing HTTP request after 7746.0719ms - 404
2026-05-19 16:11:19.811 -03:00 [INF] 
╔══════════════════════════════════════════════════════╗
║          RESPOSTA MIGRAÇÃO ← INTERPLAYERS            ║
╚══════════════════════════════════════════════════════╝
Status  : 404 Not Found
Headers :
  Transfer-Encoding: chunked
  Request-Context: appId=cid-v1:ff420140-14a7-4478-beba-e65c3c490435
  Date: Tue, 19 May 2026 19:11:18 GMT
Body    :
{
  "Data": {
    "error": "MP77",
    "errorDescription": "Campanha nova n\u00E3o localizada. (MP77)"
  }
}
2026-05-19 16:11:19.813 -03:00 [INF] [AUDIT] Action=campaign_migrate Consumer=57103155742 Origin= Success=false StatusCode=404 IdempotencyKey=lXTwfrjnDZ
2026-05-19 16:11:19.816 -03:00 [WRN] Migração falhou. Status=404 Code=MP77 Desc=Campanha nova não localizada. (MP77)
2026-05-19 16:11:19.819 -03:00 [INF] Executing ObjectResult, writing value of type 'DLOA___API_OPT_OUT_e_MIGRAÇÃO_DE_CAMPANHA.Models.Responses.GatewayErrorResponse'.
2026-05-19 16:11:19.820 -03:00 [INF] Executed action DLOA___API_OPT_OUT_e_MIGRAÇÃO_DE_CAMPANHA.Controller.CampaignController.Migrate (InterplayersGateway) in 7766.5078ms
2026-05-19 16:11:19.822 -03:00 [INF] Executed endpoint 'DLOA___API_OPT_OUT_e_MIGRAÇÃO_DE_CAMPANHA.Controller.CampaignController.Migrate (InterplayersGateway)'
2026-05-19 16:11:19.823 -03:00 [INF] HTTP PATCH /api/Campaign/migrate responded 404 in 7776.8620ms
2026-05-19 16:11:19.826 -03:00 [INF] Request finished HTTP/2 PATCH https://localhost:7121/api/Campaign/migrate?apiKey=V3lSccRdH3P8WdxCZWvMSvsj1 - 404 null application/json; charset=utf-8 7784.0311ms
2026-05-19 16:49:53.332 -03:00 [INF] Request starting HTTP/2 PATCH https://localhost:7121/api/Campaign/migrate?apiKey=V3lSccRdH3P8WdxCZWvMSvsj1 - application/json 83
2026-05-19 16:49:53.345 -03:00 [INF] CORS policy execution successful.
2026-05-19 16:49:53.347 -03:00 [INF] Executing endpoint 'DLOA___API_OPT_OUT_e_MIGRAÇÃO_DE_CAMPANHA.Controller.CampaignController.Migrate (InterplayersGateway)'
2026-05-19 16:49:53.351 -03:00 [INF] Route matched with {action = "Migrate", controller = "Campaign"}. Executing controller action with signature System.Threading.Tasks.Task`1[Microsoft.AspNetCore.Mvc.IActionResult] Migrate(DLOA___API_OPT_OUT_e_MIGRAÇÃO_DE_CAMPANHA.Models.Requests.CampaignMigrateRequest, System.String) on controller DLOA___API_OPT_OUT_e_MIGRAÇÃO_DE_CAMPANHA.Controller.CampaignController (InterplayersGateway).
2026-05-19 16:49:53.364 -03:00 [INF] IdempotencyKey gerado: FRr5a8nn37
2026-05-19 16:49:53.365 -03:00 [INF] Migrando campanha. Consumer=57103155742 Ean=7896382709111 NewCampaign=5
2026-05-19 16:49:53.374 -03:00 [INF] 
╔══════════════════════════════════════════════════════╗
║         REQUISIÇÃO MIGRAÇÃO → INTERPLAYERS           ║
╚══════════════════════════════════════════════════════╝
Método  : PATCH
URL     : https://api-mng.interplayers.com.br/loyalty-adhesion/v2/Adhesion/administrators/57/consumers/57103155742/products/migrate-campaign
Headers :
  Authorization : Bearer eyJhbGciOiJSUzI1NiIs...I94rjLONnw
  Content-Type  : application/json
Body    :
{
  "product": {
    "ean": "7896382709111",
    "newCampaignId": "5"
  }
}

CURL equivalente:
curl -X PATCH "https://api-mng.interplayers.com.br/loyalty-adhesion/v2/Adhesion/administrators/57/consumers/57103155742/products/migrate-campaign" \
  -H "Authorization: Bearer eyJhbGciOiJSUzI1NiIsImtpZCI6Ilg1ZVhrNHh5b2pORnVtMWtsMll0djhkbE5QNC1jNTdkTzZRR1RWQndhTmsiLCJ0eXAiOiJKV1QifQ.eyJhdWQiOiJhNjQ4NTUxNi0xOWZhLTQ3NjctYWNmMS03ZjhhMGQ4ZmE4YTMiLCJpc3MiOiJodHRwczovL2FjY291bnQuaXBsYXllcnMuY29tLmJyLzI3YjEwZTU2LTFjY2EtNDY4ZS04MGZlLWUyZjYwZjg1NDZjZC92Mi4wLyIsImV4cCI6MTc3OTIyMDk2MiwibmJmIjoxNzc5MjE3MzYyLCJ0ZnAiOiJCMkNfMV9Mb3lhbHR5Iiwic2NwIjoiTG95YWx0eS5SZWFkIEFwcC5BZG1pbmlzdHJhdG9yLjU3IExveWFsdHkuQ29uc3VtZXJSZWdpc3RyYXRpb24uV3JpdGUgU3lzdGVtSWQuQURNMDQzOTQwNjE4MDFMIExveWFsdHkuV3JpdGUgTG95YWx0eS5Db25zdW1lckFkaGVzaW9uLldyaXRlIiwiYXpwYWNyIjoiMSIsInN1YiI6ImYxNjA0MWIwLTViYmEtNDk4MC1iYWMxLTE0OWE5NzFkNzE2ZiIsIm9pZCI6ImYxNjA0MWIwLTViYmEtNDk4MC1iYWMxLTE0OWE5NzFkNzE2ZiIsInRpZCI6IjI3YjEwZTU2LTFjY2EtNDY4ZS04MGZlLWUyZjYwZjg1NDZjZCIsInZlciI6IjIuMCIsImF6cCI6IjAxNmNjMjMxLTY2YzgtNGZmMC1iYjZiLWQ0ZGQ3YWNlOTcwZCIsImlhdCI6MTc3OTIxNzM2Mn0.hlQ9Nkl4dePao1ov6uTv9RS4wy-W0ovioBdZV9jJIWIGkm5qZqFqfm7_0IFclf-E4dTg8FwUIKsif-y7PBTfaGEpApkK7TnkU5IRyQ7eROjQu2qqWGEOmFcy7W7exi0tzpgC89Nc9LFyNNm5qCL-5PO1iSGlUR5zUNZpL5D4ElOGnun-8NZgTm56jzbb_bf5aP847cj8ezgJxLSny8rvtMPQSKHl8dF1zdHBXhA8HsX2f_REU_xFUWa_kixwKrxmpbDCpKIv0pn2kpO_bEkHDW1R6bgiC1ahs64LqSJ8HD0zaWX-f8AOPjd_nm5cvpgwFH6GH7FdO1aII94rjLONnw" \
  -H "Content-Type: application/json" \
  -d '{
  "product": {
    "ean": "7896382709111",
    "newCampaignId": "5"
  }
}'
2026-05-19 16:49:53.381 -03:00 [INF] Start processing HTTP request PATCH https://api-mng.interplayers.com.br/loyalty-adhesion/v2/Adhesion/administrators/57/consumers/57103155742/products/migrate-campaign
2026-05-19 16:49:53.383 -03:00 [INF] Sending HTTP request PATCH https://api-mng.interplayers.com.br/loyalty-adhesion/v2/Adhesion/administrators/57/consumers/57103155742/products/migrate-campaign
2026-05-19 16:49:54.899 -03:00 [INF] Received HTTP response headers after 1514.1717ms - 200
2026-05-19 16:49:54.902 -03:00 [INF] End processing HTTP request after 1521.2631ms - 200
2026-05-19 16:49:54.904 -03:00 [INF] 
╔══════════════════════════════════════════════════════╗
║          RESPOSTA MIGRAÇÃO ← INTERPLAYERS            ║
╚══════════════════════════════════════════════════════╝
Status  : 200 OK
Headers :
  Transfer-Encoding: chunked
  Request-Context: appId=cid-v1:ff420140-14a7-4478-beba-e65c3c490435
  Date: Tue, 19 May 2026 19:49:54 GMT
Body    :
{
  "description": "Migra\u00E7\u00E3o de campanha realizada com sucesso!"
}
2026-05-19 16:49:54.906 -03:00 [INF] [AUDIT] Action=campaign_migrate Consumer=57103155742 Origin= Success=true StatusCode=200 IdempotencyKey=FRr5a8nn37
2026-05-19 16:49:54.913 -03:00 [INF] Executing OkObjectResult, writing value of type 'DLOA___API_OPT_OUT_e_MIGRAÇÃO_DE_CAMPANHA.Models.Responses.GatewaySuccessResponse'.
2026-05-19 16:49:54.915 -03:00 [INF] Executed action DLOA___API_OPT_OUT_e_MIGRAÇÃO_DE_CAMPANHA.Controller.CampaignController.Migrate (InterplayersGateway) in 1561.4009ms
2026-05-19 16:49:54.918 -03:00 [INF] Executed endpoint 'DLOA___API_OPT_OUT_e_MIGRAÇÃO_DE_CAMPANHA.Controller.CampaignController.Migrate (InterplayersGateway)'
2026-05-19 16:49:54.920 -03:00 [INF] HTTP PATCH /api/Campaign/migrate responded 200 in 1575.8687ms
2026-05-19 16:49:54.925 -03:00 [INF] Request finished HTTP/2 PATCH https://localhost:7121/api/Campaign/migrate?apiKey=V3lSccRdH3P8WdxCZWvMSvsj1 - 200 null application/json; charset=utf-8 1594.6017ms
2026-05-19 17:00:57.575 -03:00 [INF] Request starting HTTP/2 PATCH https://localhost:7121/api/Campaign/migrate?apiKey=V3lSccRdH3P8WdxCZWvMSvsj1 - application/json 83
2026-05-19 17:00:57.581 -03:00 [INF] CORS policy execution successful.
2026-05-19 17:00:57.582 -03:00 [INF] Executing endpoint 'DLOA___API_OPT_OUT_e_MIGRAÇÃO_DE_CAMPANHA.Controller.CampaignController.Migrate (InterplayersGateway)'
2026-05-19 17:00:57.584 -03:00 [INF] Route matched with {action = "Migrate", controller = "Campaign"}. Executing controller action with signature System.Threading.Tasks.Task`1[Microsoft.AspNetCore.Mvc.IActionResult] Migrate(DLOA___API_OPT_OUT_e_MIGRAÇÃO_DE_CAMPANHA.Models.Requests.CampaignMigrateRequest, System.String) on controller DLOA___API_OPT_OUT_e_MIGRAÇÃO_DE_CAMPANHA.Controller.CampaignController (InterplayersGateway).
2026-05-19 17:00:57.589 -03:00 [INF] IdempotencyKey gerado: ftqPgv4ke5
2026-05-19 17:00:57.591 -03:00 [INF] Migrando campanha. Consumer=57103155742 Ean=7896382709135 NewCampaign=5
2026-05-19 17:00:57.594 -03:00 [INF] Token Interplayers expirado ou ausente. Renovando...
2026-05-19 17:00:57.596 -03:00 [INF] Start processing HTTP request POST https://account.iplayers.com.br/interplayersb2c.onmicrosoft.com/B2C_1_Loyalty/oauth2/v2.0/token
2026-05-19 17:00:57.598 -03:00 [INF] Sending HTTP request POST https://account.iplayers.com.br/interplayersb2c.onmicrosoft.com/B2C_1_Loyalty/oauth2/v2.0/token
2026-05-19 17:00:59.223 -03:00 [INF] Received HTTP response headers after 1623.0508ms - 200
2026-05-19 17:00:59.225 -03:00 [INF] End processing HTTP request after 1628.8963ms - 200
2026-05-19 17:00:59.229 -03:00 [INF] Token Interplayers renovado. Válido por 3300s.
2026-05-19 17:00:59.232 -03:00 [INF] 
╔══════════════════════════════════════════════════════╗
║         REQUISIÇÃO MIGRAÇÃO → INTERPLAYERS           ║
╚══════════════════════════════════════════════════════╝
Método  : PATCH
URL     : https://api-mng.interplayers.com.br/loyalty-adhesion/v2/Adhesion/administrators/57/consumers/57103155742/products/migrate-campaign
Headers :
  Authorization : Bearer eyJhbGciOiJSUzI1NiIs...tVS5-vUQCg
  Content-Type  : application/json
Body    :
{
  "product": {
    "ean": "7896382709135",
    "newCampaignId": "5"
  }
}

CURL equivalente:
curl -X PATCH "https://api-mng.interplayers.com.br/loyalty-adhesion/v2/Adhesion/administrators/57/consumers/57103155742/products/migrate-campaign" \
  -H "Authorization: Bearer eyJhbGciOiJSUzI1NiIsImtpZCI6Ilg1ZVhrNHh5b2pORnVtMWtsMll0djhkbE5QNC1jNTdkTzZRR1RWQndhTmsiLCJ0eXAiOiJKV1QifQ.eyJhdWQiOiJhNjQ4NTUxNi0xOWZhLTQ3NjctYWNmMS03ZjhhMGQ4ZmE4YTMiLCJpc3MiOiJodHRwczovL2FjY291bnQuaXBsYXllcnMuY29tLmJyLzI3YjEwZTU2LTFjY2EtNDY4ZS04MGZlLWUyZjYwZjg1NDZjZC92Mi4wLyIsImV4cCI6MTc3OTIyNDQ1OCwibmJmIjoxNzc5MjIwODU4LCJ0ZnAiOiJCMkNfMV9Mb3lhbHR5Iiwic2NwIjoiTG95YWx0eS5SZWFkIEFwcC5BZG1pbmlzdHJhdG9yLjU3IExveWFsdHkuQ29uc3VtZXJSZWdpc3RyYXRpb24uV3JpdGUgU3lzdGVtSWQuQURNMDQzOTQwNjE4MDFMIExveWFsdHkuV3JpdGUgTG95YWx0eS5Db25zdW1lckFkaGVzaW9uLldyaXRlIiwiYXpwYWNyIjoiMSIsInN1YiI6ImYxNjA0MWIwLTViYmEtNDk4MC1iYWMxLTE0OWE5NzFkNzE2ZiIsIm9pZCI6ImYxNjA0MWIwLTViYmEtNDk4MC1iYWMxLTE0OWE5NzFkNzE2ZiIsInRpZCI6IjI3YjEwZTU2LTFjY2EtNDY4ZS04MGZlLWUyZjYwZjg1NDZjZCIsInZlciI6IjIuMCIsImF6cCI6IjAxNmNjMjMxLTY2YzgtNGZmMC1iYjZiLWQ0ZGQ3YWNlOTcwZCIsImlhdCI6MTc3OTIyMDg1OH0.WZZWhWRn_6fd3WxVCVWAberfhMebojCbTmRgnyca8ahbqia-WFpNNG_wsv4-wI9JCqIJZ4BLN1bSnhx9pRsXYFOWbkV5DMIxwhyncXydTaNYShgyfSbcrSmw2fvan0NCqEfmvOx-hhS7wXa7kWjEaAQAOwFWwLgu569bXUsTURtsSiWiw0Db-Fb7P2NMBNsJ78gmew8uEDVCofDMBoV6Qia-ns_EnGhsd-65DKQQJv14joHcvQQi7gkqM4awxMgepO5gxY55ASQBW4pLeIkIDjyd6v32lQaoI7yxG2ZVjhyn71xJkvEaWsDfMAXQmTbvg3Th_7ThqteotVS5-vUQCg" \
  -H "Content-Type: application/json" \
  -d '{
  "product": {
    "ean": "7896382709135",
    "newCampaignId": "5"
  }
}'
2026-05-19 17:00:59.236 -03:00 [INF] Start processing HTTP request PATCH https://api-mng.interplayers.com.br/loyalty-adhesion/v2/Adhesion/administrators/57/consumers/57103155742/products/migrate-campaign
2026-05-19 17:00:59.238 -03:00 [INF] Sending HTTP request PATCH https://api-mng.interplayers.com.br/loyalty-adhesion/v2/Adhesion/administrators/57/consumers/57103155742/products/migrate-campaign
2026-05-19 17:01:00.384 -03:00 [INF] Received HTTP response headers after 1143.7256ms - 200
2026-05-19 17:01:00.386 -03:00 [INF] End processing HTTP request after 1149.5424ms - 200
2026-05-19 17:01:00.388 -03:00 [INF] 
╔══════════════════════════════════════════════════════╗
║          RESPOSTA MIGRAÇÃO ← INTERPLAYERS            ║
╚══════════════════════════════════════════════════════╝
Status  : 200 OK
Headers :
  Transfer-Encoding: chunked
  Request-Context: appId=cid-v1:ff420140-14a7-4478-beba-e65c3c490435
  Date: Tue, 19 May 2026 20:00:59 GMT
Body    :
{
  "description": "Migra\u00E7\u00E3o de campanha realizada com sucesso!"
}
2026-05-19 17:01:00.389 -03:00 [INF] [AUDIT] Action=campaign_migrate Consumer=57103155742 Origin= Success=true StatusCode=200 IdempotencyKey=ftqPgv4ke5
2026-05-19 17:01:00.393 -03:00 [INF] Executing OkObjectResult, writing value of type 'DLOA___API_OPT_OUT_e_MIGRAÇÃO_DE_CAMPANHA.Models.Responses.GatewaySuccessResponse'.
2026-05-19 17:01:00.394 -03:00 [INF] Executed action DLOA___API_OPT_OUT_e_MIGRAÇÃO_DE_CAMPANHA.Controller.CampaignController.Migrate (InterplayersGateway) in 2806.9985ms
2026-05-19 17:01:00.396 -03:00 [INF] Executed endpoint 'DLOA___API_OPT_OUT_e_MIGRAÇÃO_DE_CAMPANHA.Controller.CampaignController.Migrate (InterplayersGateway)'
2026-05-19 17:01:00.398 -03:00 [INF] HTTP PATCH /api/Campaign/migrate responded 200 in 2817.8073ms
2026-05-19 17:01:00.402 -03:00 [INF] Request finished HTTP/2 PATCH https://localhost:7121/api/Campaign/migrate?apiKey=V3lSccRdH3P8WdxCZWvMSvsj1 - 200 null application/json; charset=utf-8 2827.0082ms
2026-05-19 17:01:18.972 -03:00 [INF] Request starting HTTP/2 PATCH https://localhost:7121/api/Campaign/migrate?apiKey=V3lSccRdH3P8WdxCZWvMSvsj1 - application/json 85
2026-05-19 17:01:18.980 -03:00 [INF] CORS policy execution successful.
2026-05-19 17:01:18.984 -03:00 [INF] Executing endpoint 'DLOA___API_OPT_OUT_e_MIGRAÇÃO_DE_CAMPANHA.Controller.CampaignController.Migrate (InterplayersGateway)'
2026-05-19 17:01:18.987 -03:00 [INF] Route matched with {action = "Migrate", controller = "Campaign"}. Executing controller action with signature System.Threading.Tasks.Task`1[Microsoft.AspNetCore.Mvc.IActionResult] Migrate(DLOA___API_OPT_OUT_e_MIGRAÇÃO_DE_CAMPANHA.Models.Requests.CampaignMigrateRequest, System.String) on controller DLOA___API_OPT_OUT_e_MIGRAÇÃO_DE_CAMPANHA.Controller.CampaignController (InterplayersGateway).
2026-05-19 17:01:18.989 -03:00 [INF] IdempotencyKey gerado: IlPJYSum9G
2026-05-19 17:01:18.991 -03:00 [INF] Migrando campanha. Consumer=7896382709159 Ean=7896382709135 NewCampaign=5
2026-05-19 17:01:18.993 -03:00 [INF] 
╔══════════════════════════════════════════════════════╗
║         REQUISIÇÃO MIGRAÇÃO → INTERPLAYERS           ║
╚══════════════════════════════════════════════════════╝
Método  : PATCH
URL     : https://api-mng.interplayers.com.br/loyalty-adhesion/v2/Adhesion/administrators/57/consumers/7896382709159/products/migrate-campaign
Headers :
  Authorization : Bearer eyJhbGciOiJSUzI1NiIs...tVS5-vUQCg
  Content-Type  : application/json
Body    :
{
  "product": {
    "ean": "7896382709135",
    "newCampaignId": "5"
  }
}

CURL equivalente:
curl -X PATCH "https://api-mng.interplayers.com.br/loyalty-adhesion/v2/Adhesion/administrators/57/consumers/7896382709159/products/migrate-campaign" \
  -H "Authorization: Bearer eyJhbGciOiJSUzI1NiIsImtpZCI6Ilg1ZVhrNHh5b2pORnVtMWtsMll0djhkbE5QNC1jNTdkTzZRR1RWQndhTmsiLCJ0eXAiOiJKV1QifQ.eyJhdWQiOiJhNjQ4NTUxNi0xOWZhLTQ3NjctYWNmMS03ZjhhMGQ4ZmE4YTMiLCJpc3MiOiJodHRwczovL2FjY291bnQuaXBsYXllcnMuY29tLmJyLzI3YjEwZTU2LTFjY2EtNDY4ZS04MGZlLWUyZjYwZjg1NDZjZC92Mi4wLyIsImV4cCI6MTc3OTIyNDQ1OCwibmJmIjoxNzc5MjIwODU4LCJ0ZnAiOiJCMkNfMV9Mb3lhbHR5Iiwic2NwIjoiTG95YWx0eS5SZWFkIEFwcC5BZG1pbmlzdHJhdG9yLjU3IExveWFsdHkuQ29uc3VtZXJSZWdpc3RyYXRpb24uV3JpdGUgU3lzdGVtSWQuQURNMDQzOTQwNjE4MDFMIExveWFsdHkuV3JpdGUgTG95YWx0eS5Db25zdW1lckFkaGVzaW9uLldyaXRlIiwiYXpwYWNyIjoiMSIsInN1YiI6ImYxNjA0MWIwLTViYmEtNDk4MC1iYWMxLTE0OWE5NzFkNzE2ZiIsIm9pZCI6ImYxNjA0MWIwLTViYmEtNDk4MC1iYWMxLTE0OWE5NzFkNzE2ZiIsInRpZCI6IjI3YjEwZTU2LTFjY2EtNDY4ZS04MGZlLWUyZjYwZjg1NDZjZCIsInZlciI6IjIuMCIsImF6cCI6IjAxNmNjMjMxLTY2YzgtNGZmMC1iYjZiLWQ0ZGQ3YWNlOTcwZCIsImlhdCI6MTc3OTIyMDg1OH0.WZZWhWRn_6fd3WxVCVWAberfhMebojCbTmRgnyca8ahbqia-WFpNNG_wsv4-wI9JCqIJZ4BLN1bSnhx9pRsXYFOWbkV5DMIxwhyncXydTaNYShgyfSbcrSmw2fvan0NCqEfmvOx-hhS7wXa7kWjEaAQAOwFWwLgu569bXUsTURtsSiWiw0Db-Fb7P2NMBNsJ78gmew8uEDVCofDMBoV6Qia-ns_EnGhsd-65DKQQJv14joHcvQQi7gkqM4awxMgepO5gxY55ASQBW4pLeIkIDjyd6v32lQaoI7yxG2ZVjhyn71xJkvEaWsDfMAXQmTbvg3Th_7ThqteotVS5-vUQCg" \
  -H "Content-Type: application/json" \
  -d '{
  "product": {
    "ean": "7896382709135",
    "newCampaignId": "5"
  }
}'
2026-05-19 17:01:18.996 -03:00 [INF] Start processing HTTP request PATCH https://api-mng.interplayers.com.br/loyalty-adhesion/v2/Adhesion/administrators/57/consumers/7896382709159/products/migrate-campaign
2026-05-19 17:01:18.998 -03:00 [INF] Sending HTTP request PATCH https://api-mng.interplayers.com.br/loyalty-adhesion/v2/Adhesion/administrators/57/consumers/7896382709159/products/migrate-campaign
2026-05-19 17:01:19.451 -03:00 [INF] Received HTTP response headers after 451.5714ms - 404
2026-05-19 17:01:19.453 -03:00 [INF] End processing HTTP request after 456.6182ms - 404
2026-05-19 17:01:19.454 -03:00 [INF] 
╔══════════════════════════════════════════════════════╗
║          RESPOSTA MIGRAÇÃO ← INTERPLAYERS            ║
╚══════════════════════════════════════════════════════╝
Status  : 404 Not Found
Headers :
  Transfer-Encoding: chunked
  Request-Context: appId=cid-v1:ff420140-14a7-4478-beba-e65c3c490435
  Date: Tue, 19 May 2026 20:01:18 GMT
Body    :
{
  "Data": {
    "error": "LA06",
    "errorDescription": "Consumidor n\u00E3o encontrado (LA06)"
  }
}
2026-05-19 17:01:19.456 -03:00 [INF] [AUDIT] Action=campaign_migrate Consumer=7896382709159 Origin= Success=false StatusCode=404 IdempotencyKey=IlPJYSum9G
2026-05-19 17:01:19.459 -03:00 [WRN] Migração falhou. Status=404 Code=LA06 Desc=Consumidor não encontrado (LA06)
2026-05-19 17:01:19.461 -03:00 [INF] Executing ObjectResult, writing value of type 'DLOA___API_OPT_OUT_e_MIGRAÇÃO_DE_CAMPANHA.Models.Responses.GatewayErrorResponse'.
2026-05-19 17:01:19.462 -03:00 [INF] Executed action DLOA___API_OPT_OUT_e_MIGRAÇÃO_DE_CAMPANHA.Controller.CampaignController.Migrate (InterplayersGateway) in 473.3936ms
2026-05-19 17:01:19.464 -03:00 [INF] Executed endpoint 'DLOA___API_OPT_OUT_e_MIGRAÇÃO_DE_CAMPANHA.Controller.CampaignController.Migrate (InterplayersGateway)'
2026-05-19 17:01:19.466 -03:00 [INF] HTTP PATCH /api/Campaign/migrate responded 404 in 485.7591ms
2026-05-19 17:01:19.469 -03:00 [INF] Request finished HTTP/2 PATCH https://localhost:7121/api/Campaign/migrate?apiKey=V3lSccRdH3P8WdxCZWvMSvsj1 - 404 null application/json; charset=utf-8 497.1383ms
2026-05-19 17:02:12.102 -03:00 [INF] Request starting HTTP/2 PATCH https://localhost:7121/api/Campaign/migrate?apiKey=V3lSccRdH3P8WdxCZWvMSvsj1 - application/json 83
2026-05-19 17:02:12.107 -03:00 [INF] CORS policy execution successful.
2026-05-19 17:02:12.110 -03:00 [INF] Executing endpoint 'DLOA___API_OPT_OUT_e_MIGRAÇÃO_DE_CAMPANHA.Controller.CampaignController.Migrate (InterplayersGateway)'
2026-05-19 17:02:12.112 -03:00 [INF] Route matched with {action = "Migrate", controller = "Campaign"}. Executing controller action with signature System.Threading.Tasks.Task`1[Microsoft.AspNetCore.Mvc.IActionResult] Migrate(DLOA___API_OPT_OUT_e_MIGRAÇÃO_DE_CAMPANHA.Models.Requests.CampaignMigrateRequest, System.String) on controller DLOA___API_OPT_OUT_e_MIGRAÇÃO_DE_CAMPANHA.Controller.CampaignController (InterplayersGateway).
2026-05-19 17:02:12.115 -03:00 [INF] IdempotencyKey gerado: VALflYzyEI
2026-05-19 17:02:12.117 -03:00 [INF] Migrando campanha. Consumer=57103155742 Ean=7896382709159 NewCampaign=5
2026-05-19 17:02:12.120 -03:00 [INF] 
╔══════════════════════════════════════════════════════╗
║         REQUISIÇÃO MIGRAÇÃO → INTERPLAYERS           ║
╚══════════════════════════════════════════════════════╝
Método  : PATCH
URL     : https://api-mng.interplayers.com.br/loyalty-adhesion/v2/Adhesion/administrators/57/consumers/57103155742/products/migrate-campaign
Headers :
  Authorization : Bearer eyJhbGciOiJSUzI1NiIs...tVS5-vUQCg
  Content-Type  : application/json
Body    :
{
  "product": {
    "ean": "7896382709159",
    "newCampaignId": "5"
  }
}

CURL equivalente:
curl -X PATCH "https://api-mng.interplayers.com.br/loyalty-adhesion/v2/Adhesion/administrators/57/consumers/57103155742/products/migrate-campaign" \
  -H "Authorization: Bearer eyJhbGciOiJSUzI1NiIsImtpZCI6Ilg1ZVhrNHh5b2pORnVtMWtsMll0djhkbE5QNC1jNTdkTzZRR1RWQndhTmsiLCJ0eXAiOiJKV1QifQ.eyJhdWQiOiJhNjQ4NTUxNi0xOWZhLTQ3NjctYWNmMS03ZjhhMGQ4ZmE4YTMiLCJpc3MiOiJodHRwczovL2FjY291bnQuaXBsYXllcnMuY29tLmJyLzI3YjEwZTU2LTFjY2EtNDY4ZS04MGZlLWUyZjYwZjg1NDZjZC92Mi4wLyIsImV4cCI6MTc3OTIyNDQ1OCwibmJmIjoxNzc5MjIwODU4LCJ0ZnAiOiJCMkNfMV9Mb3lhbHR5Iiwic2NwIjoiTG95YWx0eS5SZWFkIEFwcC5BZG1pbmlzdHJhdG9yLjU3IExveWFsdHkuQ29uc3VtZXJSZWdpc3RyYXRpb24uV3JpdGUgU3lzdGVtSWQuQURNMDQzOTQwNjE4MDFMIExveWFsdHkuV3JpdGUgTG95YWx0eS5Db25zdW1lckFkaGVzaW9uLldyaXRlIiwiYXpwYWNyIjoiMSIsInN1YiI6ImYxNjA0MWIwLTViYmEtNDk4MC1iYWMxLTE0OWE5NzFkNzE2ZiIsIm9pZCI6ImYxNjA0MWIwLTViYmEtNDk4MC1iYWMxLTE0OWE5NzFkNzE2ZiIsInRpZCI6IjI3YjEwZTU2LTFjY2EtNDY4ZS04MGZlLWUyZjYwZjg1NDZjZCIsInZlciI6IjIuMCIsImF6cCI6IjAxNmNjMjMxLTY2YzgtNGZmMC1iYjZiLWQ0ZGQ3YWNlOTcwZCIsImlhdCI6MTc3OTIyMDg1OH0.WZZWhWRn_6fd3WxVCVWAberfhMebojCbTmRgnyca8ahbqia-WFpNNG_wsv4-wI9JCqIJZ4BLN1bSnhx9pRsXYFOWbkV5DMIxwhyncXydTaNYShgyfSbcrSmw2fvan0NCqEfmvOx-hhS7wXa7kWjEaAQAOwFWwLgu569bXUsTURtsSiWiw0Db-Fb7P2NMBNsJ78gmew8uEDVCofDMBoV6Qia-ns_EnGhsd-65DKQQJv14joHcvQQi7gkqM4awxMgepO5gxY55ASQBW4pLeIkIDjyd6v32lQaoI7yxG2ZVjhyn71xJkvEaWsDfMAXQmTbvg3Th_7ThqteotVS5-vUQCg" \
  -H "Content-Type: application/json" \
  -d '{
  "product": {
    "ean": "7896382709159",
    "newCampaignId": "5"
  }
}'
2026-05-19 17:02:12.125 -03:00 [INF] Start processing HTTP request PATCH https://api-mng.interplayers.com.br/loyalty-adhesion/v2/Adhesion/administrators/57/consumers/57103155742/products/migrate-campaign
2026-05-19 17:02:12.128 -03:00 [INF] Sending HTTP request PATCH https://api-mng.interplayers.com.br/loyalty-adhesion/v2/Adhesion/administrators/57/consumers/57103155742/products/migrate-campaign
2026-05-19 17:02:12.650 -03:00 [INF] Received HTTP response headers after 520.109ms - 200
2026-05-19 17:02:12.652 -03:00 [INF] End processing HTTP request after 527.1843ms - 200
2026-05-19 17:02:12.656 -03:00 [INF] 
╔══════════════════════════════════════════════════════╗
║          RESPOSTA MIGRAÇÃO ← INTERPLAYERS            ║
╚══════════════════════════════════════════════════════╝
Status  : 200 OK
Headers :
  Transfer-Encoding: chunked
  Request-Context: appId=cid-v1:ff420140-14a7-4478-beba-e65c3c490435
  Date: Tue, 19 May 2026 20:02:12 GMT
Body    :
{
  "description": "Migra\u00E7\u00E3o de campanha realizada com sucesso!"
}
2026-05-19 17:02:12.659 -03:00 [INF] [AUDIT] Action=campaign_migrate Consumer=57103155742 Origin= Success=true StatusCode=200 IdempotencyKey=VALflYzyEI
2026-05-19 17:02:12.663 -03:00 [INF] Executing OkObjectResult, writing value of type 'DLOA___API_OPT_OUT_e_MIGRAÇÃO_DE_CAMPANHA.Models.Responses.GatewaySuccessResponse'.
2026-05-19 17:02:12.665 -03:00 [INF] Executed action DLOA___API_OPT_OUT_e_MIGRAÇÃO_DE_CAMPANHA.Controller.CampaignController.Migrate (InterplayersGateway) in 551.2747ms
2026-05-19 17:02:12.667 -03:00 [INF] Executed endpoint 'DLOA___API_OPT_OUT_e_MIGRAÇÃO_DE_CAMPANHA.Controller.CampaignController.Migrate (InterplayersGateway)'
2026-05-19 17:02:12.669 -03:00 [INF] HTTP PATCH /api/Campaign/migrate responded 200 in 562.4594ms
2026-05-19 17:02:12.672 -03:00 [INF] Request finished HTTP/2 PATCH https://localhost:7121/api/Campaign/migrate?apiKey=V3lSccRdH3P8WdxCZWvMSvsj1 - 200 null application/json; charset=utf-8 569.7633ms
2026-05-19 17:02:23.908 -03:00 [INF] Request starting HTTP/2 PATCH https://localhost:7121/api/Campaign/migrate?apiKey=V3lSccRdH3P8WdxCZWvMSvsj1 - application/json 83
2026-05-19 17:02:23.911 -03:00 [INF] CORS policy execution successful.
2026-05-19 17:02:23.915 -03:00 [INF] Executing endpoint 'DLOA___API_OPT_OUT_e_MIGRAÇÃO_DE_CAMPANHA.Controller.CampaignController.Migrate (InterplayersGateway)'
2026-05-19 17:02:23.917 -03:00 [INF] Route matched with {action = "Migrate", controller = "Campaign"}. Executing controller action with signature System.Threading.Tasks.Task`1[Microsoft.AspNetCore.Mvc.IActionResult] Migrate(DLOA___API_OPT_OUT_e_MIGRAÇÃO_DE_CAMPANHA.Models.Requests.CampaignMigrateRequest, System.String) on controller DLOA___API_OPT_OUT_e_MIGRAÇÃO_DE_CAMPANHA.Controller.CampaignController (InterplayersGateway).
2026-05-19 17:02:23.920 -03:00 [INF] IdempotencyKey gerado: aRA3rA9iB5
2026-05-19 17:02:23.922 -03:00 [INF] Migrando campanha. Consumer=57103155742 Ean=7896382709173 NewCampaign=5
2026-05-19 17:02:23.924 -03:00 [INF] 
╔══════════════════════════════════════════════════════╗
║         REQUISIÇÃO MIGRAÇÃO → INTERPLAYERS           ║
╚══════════════════════════════════════════════════════╝
Método  : PATCH
URL     : https://api-mng.interplayers.com.br/loyalty-adhesion/v2/Adhesion/administrators/57/consumers/57103155742/products/migrate-campaign
Headers :
  Authorization : Bearer eyJhbGciOiJSUzI1NiIs...tVS5-vUQCg
  Content-Type  : application/json
Body    :
{
  "product": {
    "ean": "7896382709173",
    "newCampaignId": "5"
  }
}

CURL equivalente:
curl -X PATCH "https://api-mng.interplayers.com.br/loyalty-adhesion/v2/Adhesion/administrators/57/consumers/57103155742/products/migrate-campaign" \
  -H "Authorization: Bearer eyJhbGciOiJSUzI1NiIsImtpZCI6Ilg1ZVhrNHh5b2pORnVtMWtsMll0djhkbE5QNC1jNTdkTzZRR1RWQndhTmsiLCJ0eXAiOiJKV1QifQ.eyJhdWQiOiJhNjQ4NTUxNi0xOWZhLTQ3NjctYWNmMS03ZjhhMGQ4ZmE4YTMiLCJpc3MiOiJodHRwczovL2FjY291bnQuaXBsYXllcnMuY29tLmJyLzI3YjEwZTU2LTFjY2EtNDY4ZS04MGZlLWUyZjYwZjg1NDZjZC92Mi4wLyIsImV4cCI6MTc3OTIyNDQ1OCwibmJmIjoxNzc5MjIwODU4LCJ0ZnAiOiJCMkNfMV9Mb3lhbHR5Iiwic2NwIjoiTG95YWx0eS5SZWFkIEFwcC5BZG1pbmlzdHJhdG9yLjU3IExveWFsdHkuQ29uc3VtZXJSZWdpc3RyYXRpb24uV3JpdGUgU3lzdGVtSWQuQURNMDQzOTQwNjE4MDFMIExveWFsdHkuV3JpdGUgTG95YWx0eS5Db25zdW1lckFkaGVzaW9uLldyaXRlIiwiYXpwYWNyIjoiMSIsInN1YiI6ImYxNjA0MWIwLTViYmEtNDk4MC1iYWMxLTE0OWE5NzFkNzE2ZiIsIm9pZCI6ImYxNjA0MWIwLTViYmEtNDk4MC1iYWMxLTE0OWE5NzFkNzE2ZiIsInRpZCI6IjI3YjEwZTU2LTFjY2EtNDY4ZS04MGZlLWUyZjYwZjg1NDZjZCIsInZlciI6IjIuMCIsImF6cCI6IjAxNmNjMjMxLTY2YzgtNGZmMC1iYjZiLWQ0ZGQ3YWNlOTcwZCIsImlhdCI6MTc3OTIyMDg1OH0.WZZWhWRn_6fd3WxVCVWAberfhMebojCbTmRgnyca8ahbqia-WFpNNG_wsv4-wI9JCqIJZ4BLN1bSnhx9pRsXYFOWbkV5DMIxwhyncXydTaNYShgyfSbcrSmw2fvan0NCqEfmvOx-hhS7wXa7kWjEaAQAOwFWwLgu569bXUsTURtsSiWiw0Db-Fb7P2NMBNsJ78gmew8uEDVCofDMBoV6Qia-ns_EnGhsd-65DKQQJv14joHcvQQi7gkqM4awxMgepO5gxY55ASQBW4pLeIkIDjyd6v32lQaoI7yxG2ZVjhyn71xJkvEaWsDfMAXQmTbvg3Th_7ThqteotVS5-vUQCg" \
  -H "Content-Type: application/json" \
  -d '{
  "product": {
    "ean": "7896382709173",
    "newCampaignId": "5"
  }
}'
2026-05-19 17:02:23.927 -03:00 [INF] Start processing HTTP request PATCH https://api-mng.interplayers.com.br/loyalty-adhesion/v2/Adhesion/administrators/57/consumers/57103155742/products/migrate-campaign
2026-05-19 17:02:23.929 -03:00 [INF] Sending HTTP request PATCH https://api-mng.interplayers.com.br/loyalty-adhesion/v2/Adhesion/administrators/57/consumers/57103155742/products/migrate-campaign
2026-05-19 17:02:25.445 -03:00 [INF] Received HTTP response headers after 1515.1764ms - 200
2026-05-19 17:02:25.447 -03:00 [INF] End processing HTTP request after 1519.8128ms - 200
2026-05-19 17:02:25.449 -03:00 [INF] 
╔══════════════════════════════════════════════════════╗
║          RESPOSTA MIGRAÇÃO ← INTERPLAYERS            ║
╚══════════════════════════════════════════════════════╝
Status  : 200 OK
Headers :
  Transfer-Encoding: chunked
  Request-Context: appId=cid-v1:ff420140-14a7-4478-beba-e65c3c490435
  Date: Tue, 19 May 2026 20:02:25 GMT
Body    :
{
  "description": "Migra\u00E7\u00E3o de campanha realizada com sucesso!"
}
2026-05-19 17:02:25.450 -03:00 [INF] [AUDIT] Action=campaign_migrate Consumer=57103155742 Origin= Success=true StatusCode=200 IdempotencyKey=aRA3rA9iB5
2026-05-19 17:02:25.453 -03:00 [INF] Executing OkObjectResult, writing value of type 'DLOA___API_OPT_OUT_e_MIGRAÇÃO_DE_CAMPANHA.Models.Responses.GatewaySuccessResponse'.
2026-05-19 17:02:25.455 -03:00 [INF] Executed action DLOA___API_OPT_OUT_e_MIGRAÇÃO_DE_CAMPANHA.Controller.CampaignController.Migrate (InterplayersGateway) in 1535.9287ms
2026-05-19 17:02:25.457 -03:00 [INF] Executed endpoint 'DLOA___API_OPT_OUT_e_MIGRAÇÃO_DE_CAMPANHA.Controller.CampaignController.Migrate (InterplayersGateway)'
2026-05-19 17:02:25.460 -03:00 [INF] HTTP PATCH /api/Campaign/migrate responded 200 in 1548.2531ms
2026-05-19 17:02:25.464 -03:00 [INF] Request finished HTTP/2 PATCH https://localhost:7121/api/Campaign/migrate?apiKey=V3lSccRdH3P8WdxCZWvMSvsj1 - 200 null application/json; charset=utf-8 1555.9329ms
2026-05-19 17:02:34.570 -03:00 [INF] Request starting HTTP/2 PATCH https://localhost:7121/api/Campaign/migrate?apiKey=V3lSccRdH3P8WdxCZWvMSvsj1 - application/json 83
2026-05-19 17:02:34.575 -03:00 [INF] CORS policy execution successful.
2026-05-19 17:02:34.576 -03:00 [INF] Executing endpoint 'DLOA___API_OPT_OUT_e_MIGRAÇÃO_DE_CAMPANHA.Controller.CampaignController.Migrate (InterplayersGateway)'
2026-05-19 17:02:34.581 -03:00 [INF] Route matched with {action = "Migrate", controller = "Campaign"}. Executing controller action with signature System.Threading.Tasks.Task`1[Microsoft.AspNetCore.Mvc.IActionResult] Migrate(DLOA___API_OPT_OUT_e_MIGRAÇÃO_DE_CAMPANHA.Models.Requests.CampaignMigrateRequest, System.String) on controller DLOA___API_OPT_OUT_e_MIGRAÇÃO_DE_CAMPANHA.Controller.CampaignController (InterplayersGateway).
2026-05-19 17:02:34.586 -03:00 [INF] IdempotencyKey gerado: CvUKO7AW2u
2026-05-19 17:02:34.588 -03:00 [INF] Migrando campanha. Consumer=57103155742 Ean=7896382709197 NewCampaign=5
2026-05-19 17:02:34.590 -03:00 [INF] 
╔══════════════════════════════════════════════════════╗
║         REQUISIÇÃO MIGRAÇÃO → INTERPLAYERS           ║
╚══════════════════════════════════════════════════════╝
Método  : PATCH
URL     : https://api-mng.interplayers.com.br/loyalty-adhesion/v2/Adhesion/administrators/57/consumers/57103155742/products/migrate-campaign
Headers :
  Authorization : Bearer eyJhbGciOiJSUzI1NiIs...tVS5-vUQCg
  Content-Type  : application/json
Body    :
{
  "product": {
    "ean": "7896382709197",
    "newCampaignId": "5"
  }
}

CURL equivalente:
curl -X PATCH "https://api-mng.interplayers.com.br/loyalty-adhesion/v2/Adhesion/administrators/57/consumers/57103155742/products/migrate-campaign" \
  -H "Authorization: Bearer eyJhbGciOiJSUzI1NiIsImtpZCI6Ilg1ZVhrNHh5b2pORnVtMWtsMll0djhkbE5QNC1jNTdkTzZRR1RWQndhTmsiLCJ0eXAiOiJKV1QifQ.eyJhdWQiOiJhNjQ4NTUxNi0xOWZhLTQ3NjctYWNmMS03ZjhhMGQ4ZmE4YTMiLCJpc3MiOiJodHRwczovL2FjY291bnQuaXBsYXllcnMuY29tLmJyLzI3YjEwZTU2LTFjY2EtNDY4ZS04MGZlLWUyZjYwZjg1NDZjZC92Mi4wLyIsImV4cCI6MTc3OTIyNDQ1OCwibmJmIjoxNzc5MjIwODU4LCJ0ZnAiOiJCMkNfMV9Mb3lhbHR5Iiwic2NwIjoiTG95YWx0eS5SZWFkIEFwcC5BZG1pbmlzdHJhdG9yLjU3IExveWFsdHkuQ29uc3VtZXJSZWdpc3RyYXRpb24uV3JpdGUgU3lzdGVtSWQuQURNMDQzOTQwNjE4MDFMIExveWFsdHkuV3JpdGUgTG95YWx0eS5Db25zdW1lckFkaGVzaW9uLldyaXRlIiwiYXpwYWNyIjoiMSIsInN1YiI6ImYxNjA0MWIwLTViYmEtNDk4MC1iYWMxLTE0OWE5NzFkNzE2ZiIsIm9pZCI6ImYxNjA0MWIwLTViYmEtNDk4MC1iYWMxLTE0OWE5NzFkNzE2ZiIsInRpZCI6IjI3YjEwZTU2LTFjY2EtNDY4ZS04MGZlLWUyZjYwZjg1NDZjZCIsInZlciI6IjIuMCIsImF6cCI6IjAxNmNjMjMxLTY2YzgtNGZmMC1iYjZiLWQ0ZGQ3YWNlOTcwZCIsImlhdCI6MTc3OTIyMDg1OH0.WZZWhWRn_6fd3WxVCVWAberfhMebojCbTmRgnyca8ahbqia-WFpNNG_wsv4-wI9JCqIJZ4BLN1bSnhx9pRsXYFOWbkV5DMIxwhyncXydTaNYShgyfSbcrSmw2fvan0NCqEfmvOx-hhS7wXa7kWjEaAQAOwFWwLgu569bXUsTURtsSiWiw0Db-Fb7P2NMBNsJ78gmew8uEDVCofDMBoV6Qia-ns_EnGhsd-65DKQQJv14joHcvQQi7gkqM4awxMgepO5gxY55ASQBW4pLeIkIDjyd6v32lQaoI7yxG2ZVjhyn71xJkvEaWsDfMAXQmTbvg3Th_7ThqteotVS5-vUQCg" \
  -H "Content-Type: application/json" \
  -d '{
  "product": {
    "ean": "7896382709197",
    "newCampaignId": "5"
  }
}'
2026-05-19 17:02:34.595 -03:00 [INF] Start processing HTTP request PATCH https://api-mng.interplayers.com.br/loyalty-adhesion/v2/Adhesion/administrators/57/consumers/57103155742/products/migrate-campaign
2026-05-19 17:02:34.597 -03:00 [INF] Sending HTTP request PATCH https://api-mng.interplayers.com.br/loyalty-adhesion/v2/Adhesion/administrators/57/consumers/57103155742/products/migrate-campaign
2026-05-19 17:02:35.088 -03:00 [INF] Received HTTP response headers after 488.6869ms - 200
2026-05-19 17:02:35.090 -03:00 [INF] End processing HTTP request after 494.7679ms - 200
2026-05-19 17:02:35.091 -03:00 [INF] 
╔══════════════════════════════════════════════════════╗
║          RESPOSTA MIGRAÇÃO ← INTERPLAYERS            ║
╚══════════════════════════════════════════════════════╝
Status  : 200 OK
Headers :
  Transfer-Encoding: chunked
  Request-Context: appId=cid-v1:ff420140-14a7-4478-beba-e65c3c490435
  Date: Tue, 19 May 2026 20:02:34 GMT
Body    :
{
  "description": "Migra\u00E7\u00E3o de campanha realizada com sucesso!"
}
2026-05-19 17:02:35.093 -03:00 [INF] [AUDIT] Action=campaign_migrate Consumer=57103155742 Origin= Success=true StatusCode=200 IdempotencyKey=CvUKO7AW2u
2026-05-19 17:02:35.096 -03:00 [INF] Executing OkObjectResult, writing value of type 'DLOA___API_OPT_OUT_e_MIGRAÇÃO_DE_CAMPANHA.Models.Responses.GatewaySuccessResponse'.
2026-05-19 17:02:35.098 -03:00 [INF] Executed action DLOA___API_OPT_OUT_e_MIGRAÇÃO_DE_CAMPANHA.Controller.CampaignController.Migrate (InterplayersGateway) in 513.3152ms
2026-05-19 17:02:35.100 -03:00 [INF] Executed endpoint 'DLOA___API_OPT_OUT_e_MIGRAÇÃO_DE_CAMPANHA.Controller.CampaignController.Migrate (InterplayersGateway)'
2026-05-19 17:02:35.101 -03:00 [INF] HTTP PATCH /api/Campaign/migrate responded 200 in 526.5644ms
2026-05-19 17:02:35.103 -03:00 [INF] Request finished HTTP/2 PATCH https://localhost:7121/api/Campaign/migrate?apiKey=V3lSccRdH3P8WdxCZWvMSvsj1 - 200 null application/json; charset=utf-8 533.8105ms
2026-05-19 17:02:43.162 -03:00 [INF] Request starting HTTP/2 PATCH https://localhost:7121/api/Campaign/migrate?apiKey=V3lSccRdH3P8WdxCZWvMSvsj1 - application/json 83
2026-05-19 17:02:43.165 -03:00 [INF] CORS policy execution successful.
2026-05-19 17:02:43.167 -03:00 [INF] Executing endpoint 'DLOA___API_OPT_OUT_e_MIGRAÇÃO_DE_CAMPANHA.Controller.CampaignController.Migrate (InterplayersGateway)'
2026-05-19 17:02:43.169 -03:00 [INF] Route matched with {action = "Migrate", controller = "Campaign"}. Executing controller action with signature System.Threading.Tasks.Task`1[Microsoft.AspNetCore.Mvc.IActionResult] Migrate(DLOA___API_OPT_OUT_e_MIGRAÇÃO_DE_CAMPANHA.Models.Requests.CampaignMigrateRequest, System.String) on controller DLOA___API_OPT_OUT_e_MIGRAÇÃO_DE_CAMPANHA.Controller.CampaignController (InterplayersGateway).
2026-05-19 17:02:43.173 -03:00 [INF] IdempotencyKey gerado: xNY2rpidm2
2026-05-19 17:02:43.174 -03:00 [INF] Migrando campanha. Consumer=57103155742 Ean=7896382709210 NewCampaign=5
2026-05-19 17:02:43.177 -03:00 [INF] 
╔══════════════════════════════════════════════════════╗
║         REQUISIÇÃO MIGRAÇÃO → INTERPLAYERS           ║
╚══════════════════════════════════════════════════════╝
Método  : PATCH
URL     : https://api-mng.interplayers.com.br/loyalty-adhesion/v2/Adhesion/administrators/57/consumers/57103155742/products/migrate-campaign
Headers :
  Authorization : Bearer eyJhbGciOiJSUzI1NiIs...tVS5-vUQCg
  Content-Type  : application/json
Body    :
{
  "product": {
    "ean": "7896382709210",
    "newCampaignId": "5"
  }
}

CURL equivalente:
curl -X PATCH "https://api-mng.interplayers.com.br/loyalty-adhesion/v2/Adhesion/administrators/57/consumers/57103155742/products/migrate-campaign" \
  -H "Authorization: Bearer eyJhbGciOiJSUzI1NiIsImtpZCI6Ilg1ZVhrNHh5b2pORnVtMWtsMll0djhkbE5QNC1jNTdkTzZRR1RWQndhTmsiLCJ0eXAiOiJKV1QifQ.eyJhdWQiOiJhNjQ4NTUxNi0xOWZhLTQ3NjctYWNmMS03ZjhhMGQ4ZmE4YTMiLCJpc3MiOiJodHRwczovL2FjY291bnQuaXBsYXllcnMuY29tLmJyLzI3YjEwZTU2LTFjY2EtNDY4ZS04MGZlLWUyZjYwZjg1NDZjZC92Mi4wLyIsImV4cCI6MTc3OTIyNDQ1OCwibmJmIjoxNzc5MjIwODU4LCJ0ZnAiOiJCMkNfMV9Mb3lhbHR5Iiwic2NwIjoiTG95YWx0eS5SZWFkIEFwcC5BZG1pbmlzdHJhdG9yLjU3IExveWFsdHkuQ29uc3VtZXJSZWdpc3RyYXRpb24uV3JpdGUgU3lzdGVtSWQuQURNMDQzOTQwNjE4MDFMIExveWFsdHkuV3JpdGUgTG95YWx0eS5Db25zdW1lckFkaGVzaW9uLldyaXRlIiwiYXpwYWNyIjoiMSIsInN1YiI6ImYxNjA0MWIwLTViYmEtNDk4MC1iYWMxLTE0OWE5NzFkNzE2ZiIsIm9pZCI6ImYxNjA0MWIwLTViYmEtNDk4MC1iYWMxLTE0OWE5NzFkNzE2ZiIsInRpZCI6IjI3YjEwZTU2LTFjY2EtNDY4ZS04MGZlLWUyZjYwZjg1NDZjZCIsInZlciI6IjIuMCIsImF6cCI6IjAxNmNjMjMxLTY2YzgtNGZmMC1iYjZiLWQ0ZGQ3YWNlOTcwZCIsImlhdCI6MTc3OTIyMDg1OH0.WZZWhWRn_6fd3WxVCVWAberfhMebojCbTmRgnyca8ahbqia-WFpNNG_wsv4-wI9JCqIJZ4BLN1bSnhx9pRsXYFOWbkV5DMIxwhyncXydTaNYShgyfSbcrSmw2fvan0NCqEfmvOx-hhS7wXa7kWjEaAQAOwFWwLgu569bXUsTURtsSiWiw0Db-Fb7P2NMBNsJ78gmew8uEDVCofDMBoV6Qia-ns_EnGhsd-65DKQQJv14joHcvQQi7gkqM4awxMgepO5gxY55ASQBW4pLeIkIDjyd6v32lQaoI7yxG2ZVjhyn71xJkvEaWsDfMAXQmTbvg3Th_7ThqteotVS5-vUQCg" \
  -H "Content-Type: application/json" \
  -d '{
  "product": {
    "ean": "7896382709210",
    "newCampaignId": "5"
  }
}'
2026-05-19 17:02:43.181 -03:00 [INF] Start processing HTTP request PATCH https://api-mng.interplayers.com.br/loyalty-adhesion/v2/Adhesion/administrators/57/consumers/57103155742/products/migrate-campaign
2026-05-19 17:02:43.183 -03:00 [INF] Sending HTTP request PATCH https://api-mng.interplayers.com.br/loyalty-adhesion/v2/Adhesion/administrators/57/consumers/57103155742/products/migrate-campaign
2026-05-19 17:02:43.708 -03:00 [INF] Received HTTP response headers after 523.3222ms - 200
2026-05-19 17:02:43.710 -03:00 [INF] End processing HTTP request after 528.8733ms - 200
2026-05-19 17:02:43.712 -03:00 [INF] 
╔══════════════════════════════════════════════════════╗
║          RESPOSTA MIGRAÇÃO ← INTERPLAYERS            ║
╚══════════════════════════════════════════════════════╝
Status  : 200 OK
Headers :
  Transfer-Encoding: chunked
  Request-Context: appId=cid-v1:ff420140-14a7-4478-beba-e65c3c490435
  Date: Tue, 19 May 2026 20:02:42 GMT
Body    :
{
  "description": "Migra\u00E7\u00E3o de campanha realizada com sucesso!"
}
2026-05-19 17:02:43.714 -03:00 [INF] [AUDIT] Action=campaign_migrate Consumer=57103155742 Origin= Success=true StatusCode=200 IdempotencyKey=xNY2rpidm2
2026-05-19 17:02:43.718 -03:00 [INF] Executing OkObjectResult, writing value of type 'DLOA___API_OPT_OUT_e_MIGRAÇÃO_DE_CAMPANHA.Models.Responses.GatewaySuccessResponse'.
2026-05-19 17:02:43.720 -03:00 [INF] Executed action DLOA___API_OPT_OUT_e_MIGRAÇÃO_DE_CAMPANHA.Controller.CampaignController.Migrate (InterplayersGateway) in 548.1763ms
2026-05-19 17:02:43.723 -03:00 [INF] Executed endpoint 'DLOA___API_OPT_OUT_e_MIGRAÇÃO_DE_CAMPANHA.Controller.CampaignController.Migrate (InterplayersGateway)'
2026-05-19 17:02:43.724 -03:00 [INF] HTTP PATCH /api/Campaign/migrate responded 200 in 559.1402ms
2026-05-19 17:02:43.728 -03:00 [INF] Request finished HTTP/2 PATCH https://localhost:7121/api/Campaign/migrate?apiKey=V3lSccRdH3P8WdxCZWvMSvsj1 - 200 null application/json; charset=utf-8 565.8823ms
2026-05-19 17:14:21.110 -03:00 [INF] Request starting HTTP/2 PATCH https://localhost:7121/api/OptIn/opt-out?apiKey=V3lSccRdH3P8WdxCZWvMSvsj1 - application/json 111
2026-05-19 17:14:21.117 -03:00 [INF] CORS policy execution successful.
2026-05-19 17:14:21.118 -03:00 [INF] Executing endpoint 'DLOA___API_OPT_OUT_e_MIGRAÇÃO_DE_CAMPANHA.Controller.OptInController.OptOut (InterplayersGateway)'
2026-05-19 17:14:21.120 -03:00 [INF] Route matched with {action = "OptOut", controller = "OptIn"}. Executing controller action with signature System.Threading.Tasks.Task`1[Microsoft.AspNetCore.Mvc.IActionResult] OptOut(DLOA___API_OPT_OUT_e_MIGRAÇÃO_DE_CAMPANHA.Models.Requests.OptOutRequest, System.String) on controller DLOA___API_OPT_OUT_e_MIGRAÇÃO_DE_CAMPANHA.Controller.OptInController (InterplayersGateway).
2026-05-19 17:14:21.125 -03:00 [INF] IdempotencyKey gerado: zbPpbMtwbA
2026-05-19 17:14:21.126 -03:00 [INF] Enviando opt-out para Interplayers. Consumer=57103155742 Type=global_opt_out Channel=whatsapp
2026-05-19 17:14:21.132 -03:00 [INF] 
╔══════════════════════════════════════════════════════╗
║              REQUISIÇÃO → INTERPLAYERS               ║
╚══════════════════════════════════════════════════════╝
Método  : PATCH
URL     : https://api-mng.interplayers.com.br/loyalty-registration/v2/Registrations/administrators/57/consumers/external/57103155742/opt-ins
Headers :
  Authorization : Bearer eyJhbGciOiJSUzI1NiIs...tVS5-vUQCg
  Content-Type  : application/json
Body    :
{
  "informativeMaterial": "N",
  "mail": "N",
  "email": "N",
  "phone": "N",
  "sms": "N",
  "push": "N",
  "whatsApp": "N"
}

CURL equivalente:
curl -X PATCH "https://api-mng.interplayers.com.br/loyalty-registration/v2/Registrations/administrators/57/consumers/external/57103155742/opt-ins" \
  -H "Authorization: Bearer eyJhbGciOiJSUzI1NiIsImtpZCI6Ilg1ZVhrNHh5b2pORnVtMWtsMll0djhkbE5QNC1jNTdkTzZRR1RWQndhTmsiLCJ0eXAiOiJKV1QifQ.eyJhdWQiOiJhNjQ4NTUxNi0xOWZhLTQ3NjctYWNmMS03ZjhhMGQ4ZmE4YTMiLCJpc3MiOiJodHRwczovL2FjY291bnQuaXBsYXllcnMuY29tLmJyLzI3YjEwZTU2LTFjY2EtNDY4ZS04MGZlLWUyZjYwZjg1NDZjZC92Mi4wLyIsImV4cCI6MTc3OTIyNDQ1OCwibmJmIjoxNzc5MjIwODU4LCJ0ZnAiOiJCMkNfMV9Mb3lhbHR5Iiwic2NwIjoiTG95YWx0eS5SZWFkIEFwcC5BZG1pbmlzdHJhdG9yLjU3IExveWFsdHkuQ29uc3VtZXJSZWdpc3RyYXRpb24uV3JpdGUgU3lzdGVtSWQuQURNMDQzOTQwNjE4MDFMIExveWFsdHkuV3JpdGUgTG95YWx0eS5Db25zdW1lckFkaGVzaW9uLldyaXRlIiwiYXpwYWNyIjoiMSIsInN1YiI6ImYxNjA0MWIwLTViYmEtNDk4MC1iYWMxLTE0OWE5NzFkNzE2ZiIsIm9pZCI6ImYxNjA0MWIwLTViYmEtNDk4MC1iYWMxLTE0OWE5NzFkNzE2ZiIsInRpZCI6IjI3YjEwZTU2LTFjY2EtNDY4ZS04MGZlLWUyZjYwZjg1NDZjZCIsInZlciI6IjIuMCIsImF6cCI6IjAxNmNjMjMxLTY2YzgtNGZmMC1iYjZiLWQ0ZGQ3YWNlOTcwZCIsImlhdCI6MTc3OTIyMDg1OH0.WZZWhWRn_6fd3WxVCVWAberfhMebojCbTmRgnyca8ahbqia-WFpNNG_wsv4-wI9JCqIJZ4BLN1bSnhx9pRsXYFOWbkV5DMIxwhyncXydTaNYShgyfSbcrSmw2fvan0NCqEfmvOx-hhS7wXa7kWjEaAQAOwFWwLgu569bXUsTURtsSiWiw0Db-Fb7P2NMBNsJ78gmew8uEDVCofDMBoV6Qia-ns_EnGhsd-65DKQQJv14joHcvQQi7gkqM4awxMgepO5gxY55ASQBW4pLeIkIDjyd6v32lQaoI7yxG2ZVjhyn71xJkvEaWsDfMAXQmTbvg3Th_7ThqteotVS5-vUQCg" \
  -H "Content-Type: application/json" \
  -d '{
  "informativeMaterial": "N",
  "mail": "N",
  "email": "N",
  "phone": "N",
  "sms": "N",
  "push": "N",
  "whatsApp": "N"
}'
2026-05-19 17:14:21.136 -03:00 [INF] Start processing HTTP request PATCH https://api-mng.interplayers.com.br/loyalty-registration/v2/Registrations/administrators/57/consumers/external/57103155742/opt-ins
2026-05-19 17:14:21.137 -03:00 [INF] Sending HTTP request PATCH https://api-mng.interplayers.com.br/loyalty-registration/v2/Registrations/administrators/57/consumers/external/57103155742/opt-ins
2026-05-19 17:14:22.510 -03:00 [INF] Received HTTP response headers after 1372.4234ms - 200
2026-05-19 17:14:22.512 -03:00 [INF] End processing HTTP request after 1375.9202ms - 200
2026-05-19 17:14:22.514 -03:00 [INF] 
╔══════════════════════════════════════════════════════╗
║             RESPOSTA ← INTERPLAYERS                  ║
╚══════════════════════════════════════════════════════╝
Status  : 200 OK
Headers :
  Transfer-Encoding: chunked
  Request-Context: appId=cid-v1:ff420140-14a7-4478-beba-e65c3c490435
  Date: Tue, 19 May 2026 20:14:21 GMT
Body    :
{
  "description": "Prefer\u00EAncias de comunica\u00E7\u00E3o foram atualizadas com sucesso"
}
2026-05-19 17:14:22.517 -03:00 [INF] [AUDIT] Action=global_opt_out Consumer=57103155742 Origin=API Success=true StatusCode=200 IdempotencyKey=zbPpbMtwbA
2026-05-19 17:14:22.521 -03:00 [INF] Executing OkObjectResult, writing value of type 'DLOA___API_OPT_OUT_e_MIGRAÇÃO_DE_CAMPANHA.Models.Responses.GatewaySuccessResponse'.
2026-05-19 17:14:22.524 -03:00 [INF] Executed action DLOA___API_OPT_OUT_e_MIGRAÇÃO_DE_CAMPANHA.Controller.OptInController.OptOut (InterplayersGateway) in 1400.5345ms
2026-05-19 17:14:22.526 -03:00 [INF] Executed endpoint 'DLOA___API_OPT_OUT_e_MIGRAÇÃO_DE_CAMPANHA.Controller.OptInController.OptOut (InterplayersGateway)'
2026-05-19 17:14:22.528 -03:00 [INF] HTTP PATCH /api/OptIn/opt-out responded 200 in 1410.8630ms
2026-05-19 17:14:22.531 -03:00 [INF] Request finished HTTP/2 PATCH https://localhost:7121/api/OptIn/opt-out?apiKey=V3lSccRdH3P8WdxCZWvMSvsj1 - 200 null application/json; charset=utf-8 1421.1431ms
