2026-05-19 15:22:44.986 -03:00 [INF] InterplayersGateway iniciado com sucesso.
2026-05-19 15:22:45.139 -03:00 [INF] Now listening on: https://localhost:7121
2026-05-19 15:22:45.142 -03:00 [INF] Now listening on: http://localhost:5113
2026-05-19 15:22:45.192 -03:00 [INF] Application started. Press Ctrl+C to shut down.
2026-05-19 15:22:45.195 -03:00 [INF] Hosting environment: Development
2026-05-19 15:22:45.196 -03:00 [INF] Content root path: C:\Users\nicac\OneDrive\DESENVOLVIMENTO\C#\nicaciov\DLOA - API OPT-OUT e MIGRAÇÃO DE CAMPANHA
2026-05-19 15:22:45.800 -03:00 [INF] Request starting HTTP/2 GET https://localhost:7121/swagger/index.html - null null
2026-05-19 15:22:46.013 -03:00 [INF] Request finished HTTP/2 GET https://localhost:7121/swagger/index.html - 200 null text/html;charset=utf-8 214.4118ms
2026-05-19 15:22:46.050 -03:00 [INF] Request starting HTTP/2 GET https://localhost:7121/_framework/aspnetcore-browser-refresh.js - null null
2026-05-19 15:22:46.068 -03:00 [INF] Request finished HTTP/2 GET https://localhost:7121/_framework/aspnetcore-browser-refresh.js - 200 14991 application/javascript; charset=utf-8 17.658ms
2026-05-19 15:22:46.475 -03:00 [INF] Request starting HTTP/2 GET https://localhost:7121/_vs/browserLink - null null
2026-05-19 15:22:46.513 -03:00 [INF] Request finished HTTP/2 GET https://localhost:7121/_vs/browserLink - 200 null text/javascript; charset=UTF-8 37.8297ms
2026-05-19 15:22:46.594 -03:00 [INF] Request starting HTTP/2 GET https://localhost:7121/swagger/v1/swagger.json - null null
2026-05-19 15:22:46.614 -03:00 [INF] Request finished HTTP/2 GET https://localhost:7121/swagger/v1/swagger.json - 200 null application/json;charset=utf-8 19.2223ms
2026-05-19 15:23:47.662 -03:00 [INF] Request starting HTTP/2 GET https://localhost:7121/swagger/index.html - null null
2026-05-19 15:23:47.678 -03:00 [INF] Request finished HTTP/2 GET https://localhost:7121/swagger/index.html - 200 null text/html;charset=utf-8 16.3686ms
2026-05-19 15:23:47.728 -03:00 [INF] Request starting HTTP/2 GET https://localhost:7121/_framework/aspnetcore-browser-refresh.js - null null
2026-05-19 15:23:47.739 -03:00 [INF] Request finished HTTP/2 GET https://localhost:7121/_framework/aspnetcore-browser-refresh.js - 200 14991 application/javascript; charset=utf-8 10.5302ms
2026-05-19 15:23:48.067 -03:00 [INF] Request starting HTTP/2 GET https://localhost:7121/_vs/browserLink - null null
2026-05-19 15:23:48.082 -03:00 [INF] Request finished HTTP/2 GET https://localhost:7121/_vs/browserLink - 200 null text/javascript; charset=UTF-8 14.4983ms
2026-05-19 15:23:48.155 -03:00 [INF] Request starting HTTP/2 GET https://localhost:7121/swagger/v1/swagger.json - null null
2026-05-19 15:23:48.169 -03:00 [INF] Request finished HTTP/2 GET https://localhost:7121/swagger/v1/swagger.json - 200 null application/json;charset=utf-8 13.9952ms
2026-05-19 15:23:55.804 -03:00 [INF] Request starting HTTP/2 PATCH https://localhost:7121/api/OptIn/opt-out - application/json 111
2026-05-19 15:23:55.814 -03:00 [INF] CORS policy execution successful.
2026-05-19 15:23:55.818 -03:00 [INF] Executing endpoint 'DLOA___API_OPT_OUT_e_MIGRAÇÃO_DE_CAMPANHA.Controller.OptInController.OptOut (InterplayersGateway)'
2026-05-19 15:23:55.842 -03:00 [INF] Route matched with {action = "OptOut", controller = "OptIn"}. Executing controller action with signature System.Threading.Tasks.Task`1[Microsoft.AspNetCore.Mvc.IActionResult] OptOut(DLOA___API_OPT_OUT_e_MIGRAÇÃO_DE_CAMPANHA.Models.Requests.OptOutRequest) on controller DLOA___API_OPT_OUT_e_MIGRAÇÃO_DE_CAMPANHA.Controller.OptInController (InterplayersGateway).
2026-05-19 15:23:55.869 -03:00 [INF] IdempotencyKey gerado: rLuSNdwBMd
2026-05-19 15:23:55.876 -03:00 [INF] Enviando opt-out para Interplayers. Consumer=57103155742 Type=global_opt_out Channel=whatsapp
2026-05-19 15:23:55.882 -03:00 [INF] Token Interplayers expirado ou ausente. Renovando...
2026-05-19 15:23:55.891 -03:00 [INF] Start processing HTTP request POST https://account.iplayers.com.br/interplayersb2c.onmicrosoft.com/B2C_1_Loyalty/oauth2/v2.0/token
2026-05-19 15:23:55.894 -03:00 [INF] Sending HTTP request POST https://account.iplayers.com.br/interplayersb2c.onmicrosoft.com/B2C_1_Loyalty/oauth2/v2.0/token
2026-05-19 15:23:56.893 -03:00 [INF] Received HTTP response headers after 994.8851ms - 200
2026-05-19 15:23:56.895 -03:00 [INF] End processing HTTP request after 1008.6325ms - 200
2026-05-19 15:23:56.908 -03:00 [INF] Token Interplayers renovado. Válido por 3300s.
2026-05-19 15:23:56.914 -03:00 [INF] 
╔══════════════════════════════════════════════════════╗
║              REQUISIÇÃO → INTERPLAYERS               ║
╚══════════════════════════════════════════════════════╝
Método  : PATCH
URL     : https://api-mng.interplayers.com.br/loyalty-registration/v2/Registrations/administrators/57/consumers/external/57103155742/opt-ins
Headers :
  Authorization : Bearer eyJhbGciOiJSUzI1NiIs...HpWX1R_-bw
  Content-Type  : application/json
Body    :
{
  "informativeMaterial": "N",
  "mail": "N",
  "email": "N",
  "phone": "N",
  "sms": "N",
  "push": "N",
  "whatsApp": "N"
}

CURL equivalente:
curl -X PATCH "https://api-mng.interplayers.com.br/loyalty-registration/v2/Registrations/administrators/57/consumers/external/57103155742/opt-ins" \
  -H "Authorization: Bearer eyJhbGciOiJSUzI1NiIsImtpZCI6Ilg1ZVhrNHh5b2pORnVtMWtsMll0djhkbE5QNC1jNTdkTzZRR1RWQndhTmsiLCJ0eXAiOiJKV1QifQ.eyJhdWQiOiJhNjQ4NTUxNi0xOWZhLTQ3NjctYWNmMS03ZjhhMGQ4ZmE4YTMiLCJpc3MiOiJodHRwczovL2FjY291bnQuaXBsYXllcnMuY29tLmJyLzI3YjEwZTU2LTFjY2EtNDY4ZS04MGZlLWUyZjYwZjg1NDZjZC92Mi4wLyIsImV4cCI6MTc3OTIxODYzNiwibmJmIjoxNzc5MjE1MDM2LCJ0ZnAiOiJCMkNfMV9Mb3lhbHR5Iiwic2NwIjoiTG95YWx0eS5SZWFkIEFwcC5BZG1pbmlzdHJhdG9yLjU3IExveWFsdHkuQ29uc3VtZXJSZWdpc3RyYXRpb24uV3JpdGUgU3lzdGVtSWQuQURNMDQzOTQwNjE4MDFMIExveWFsdHkuV3JpdGUgTG95YWx0eS5Db25zdW1lckFkaGVzaW9uLldyaXRlIiwiYXpwYWNyIjoiMSIsInN1YiI6ImYxNjA0MWIwLTViYmEtNDk4MC1iYWMxLTE0OWE5NzFkNzE2ZiIsIm9pZCI6ImYxNjA0MWIwLTViYmEtNDk4MC1iYWMxLTE0OWE5NzFkNzE2ZiIsInRpZCI6IjI3YjEwZTU2LTFjY2EtNDY4ZS04MGZlLWUyZjYwZjg1NDZjZCIsInZlciI6IjIuMCIsImF6cCI6IjAxNmNjMjMxLTY2YzgtNGZmMC1iYjZiLWQ0ZGQ3YWNlOTcwZCIsImlhdCI6MTc3OTIxNTAzNn0.n0h8l7oF-dchcfK_Z-OlupITdJUQ_ImIFqrN5_9cQQR8rQjdEOX5_hNvl38ep0xc1kiucLVIvfvM-zbcsxMXqmQ5dIk44mZPG68WpvZcM_MuVOWvdzmK4HZI1gjGMIm_sWs50YVhAnzvbm_Rzcf2mI0H1hJRO46ATjF-oXrhtM5qYyqnxp2TGIqg1CxjbJGDbp2hWj388G8tPscR6nlypNZR2f5J7EK6Tb4qG6UHeVRd5C7nEGz-D8f-R3s2UnYawpy8b8Ldc-N-m7HgXJKKKYs8f8BrbS3aLziWhgZdEDg3WGzv0vdLXSflc_SmzzKVkGTqx0XvwN9-HpWX1R_-bw" \
  -H "Content-Type: application/json" \
  -d '{
  "informativeMaterial": "N",
  "mail": "N",
  "email": "N",
  "phone": "N",
  "sms": "N",
  "push": "N",
  "whatsApp": "N"
}'
2026-05-19 15:23:56.919 -03:00 [INF] Start processing HTTP request PATCH https://api-mng.interplayers.com.br/loyalty-registration/v2/Registrations/administrators/57/consumers/external/57103155742/opt-ins
2026-05-19 15:23:56.921 -03:00 [INF] Sending HTTP request PATCH https://api-mng.interplayers.com.br/loyalty-registration/v2/Registrations/administrators/57/consumers/external/57103155742/opt-ins
2026-05-19 15:23:57.673 -03:00 [INF] Received HTTP response headers after 750.7051ms - 200
2026-05-19 15:23:57.675 -03:00 [INF] End processing HTTP request after 755.922ms - 200
2026-05-19 15:23:57.683 -03:00 [INF] 
╔══════════════════════════════════════════════════════╗
║             RESPOSTA ← INTERPLAYERS                  ║
╚══════════════════════════════════════════════════════╝
Status  : 200 OK
Headers :
  Transfer-Encoding: chunked
  Request-Context: appId=cid-v1:ff420140-14a7-4478-beba-e65c3c490435
  Date: Tue, 19 May 2026 18:23:56 GMT
Body    :
{
  "description": "Prefer\u00EAncias de comunica\u00E7\u00E3o foram atualizadas com sucesso"
}
2026-05-19 15:23:57.705 -03:00 [INF] [AUDIT] Action=global_opt_out Consumer=57103155742 Origin=API Success=true StatusCode=200 IdempotencyKey=rLuSNdwBMd
2026-05-19 15:23:57.725 -03:00 [INF] Executing OkObjectResult, writing value of type 'DLOA___API_OPT_OUT_e_MIGRAÇÃO_DE_CAMPANHA.Models.Responses.GatewaySuccessResponse'.
2026-05-19 15:23:57.736 -03:00 [INF] Executed action DLOA___API_OPT_OUT_e_MIGRAÇÃO_DE_CAMPANHA.Controller.OptInController.OptOut (InterplayersGateway) in 1887.9328ms
2026-05-19 15:23:57.739 -03:00 [INF] Executed endpoint 'DLOA___API_OPT_OUT_e_MIGRAÇÃO_DE_CAMPANHA.Controller.OptInController.OptOut (InterplayersGateway)'
2026-05-19 15:23:57.743 -03:00 [INF] HTTP PATCH /api/OptIn/opt-out responded 200 in 1930.1501ms
2026-05-19 15:23:57.749 -03:00 [INF] Request finished HTTP/2 PATCH https://localhost:7121/api/OptIn/opt-out - 200 null application/json; charset=utf-8 1944.4692ms
2026-05-19 15:34:11.586 -03:00 [INF] Iniciando InterplayersGateway...
