2026-04-27 14:01:55.758 -03:00 [INF] InterplayersGateway iniciado com sucesso.
2026-04-27 14:01:55.977 -03:00 [INF] Now listening on: https://localhost:7121
2026-04-27 14:01:55.984 -03:00 [INF] Now listening on: http://localhost:5113
2026-04-27 14:01:56.067 -03:00 [INF] Application started. Press Ctrl+C to shut down.
2026-04-27 14:01:56.069 -03:00 [INF] Hosting environment: Development
2026-04-27 14:01:56.070 -03:00 [INF] Content root path: C:\Users\nicac\OneDrive\DESENVOLVIMENTO\C#\nicaciov\DLOA - API OPT-OUT e MIGRAÇÃO DE CAMPANHA
2026-04-27 14:01:56.912 -03:00 [INF] Request starting HTTP/2 GET https://localhost:7121/swagger - null null
2026-04-27 14:01:57.487 -03:00 [INF] Request finished HTTP/2 GET https://localhost:7121/swagger - 301 0 null 580.9877ms
2026-04-27 14:01:57.495 -03:00 [INF] Request starting HTTP/2 GET https://localhost:7121/swagger/index.html - null null
2026-04-27 14:01:57.582 -03:00 [INF] Request finished HTTP/2 GET https://localhost:7121/swagger/index.html - 200 null text/html;charset=utf-8 87.1847ms
2026-04-27 14:01:57.652 -03:00 [INF] Request starting HTTP/2 GET https://localhost:7121/swagger/swagger-ui.css - null null
2026-04-27 14:01:57.653 -03:00 [INF] Request starting HTTP/2 GET https://localhost:7121/swagger/swagger-ui-bundle.js - null null
2026-04-27 14:01:57.653 -03:00 [INF] Request starting HTTP/2 GET https://localhost:7121/swagger/swagger-ui-standalone-preset.js - null null
2026-04-27 14:01:57.654 -03:00 [INF] Request starting HTTP/2 GET https://localhost:7121/_framework/aspnetcore-browser-refresh.js - null null
2026-04-27 14:01:57.680 -03:00 [INF] Request finished HTTP/2 GET https://localhost:7121/_framework/aspnetcore-browser-refresh.js - 200 16571 application/javascript; charset=utf-8 26.3364ms
2026-04-27 14:01:57.685 -03:00 [INF] Sending file. Request path: '/swagger-ui.css'. Physical path: 'N/A'
2026-04-27 14:01:57.685 -03:00 [INF] Sending file. Request path: '/swagger-ui-standalone-preset.js'. Physical path: 'N/A'
2026-04-27 14:01:57.695 -03:00 [INF] Sending file. Request path: '/swagger-ui-bundle.js'. Physical path: 'N/A'
2026-04-27 14:01:57.707 -03:00 [INF] Request finished HTTP/2 GET https://localhost:7121/swagger/swagger-ui.css - 200 152034 text/css 54.1085ms
2026-04-27 14:01:57.707 -03:00 [INF] Request finished HTTP/2 GET https://localhost:7121/swagger/swagger-ui-standalone-preset.js - 200 230280 text/javascript 53.9218ms
2026-04-27 14:01:57.711 -03:00 [INF] Request finished HTTP/2 GET https://localhost:7121/swagger/swagger-ui-bundle.js - 200 1456926 text/javascript 58.0598ms
2026-04-27 14:01:57.932 -03:00 [INF] Request starting HTTP/2 GET https://localhost:7121/_vs/browserLink - null null
2026-04-27 14:01:57.995 -03:00 [INF] Request finished HTTP/2 GET https://localhost:7121/_vs/browserLink - 200 null text/javascript; charset=UTF-8 63.2155ms
2026-04-27 14:01:58.273 -03:00 [INF] Request starting HTTP/2 GET https://localhost:7121/swagger/v1/swagger.json - null null
2026-04-27 14:01:58.318 -03:00 [INF] Request starting HTTP/2 GET https://localhost:7121/swagger/favicon-32x32.png - null null
2026-04-27 14:01:58.363 -03:00 [INF] Sending file. Request path: '/favicon-32x32.png'. Physical path: 'N/A'
2026-04-27 14:01:58.367 -03:00 [INF] Request finished HTTP/2 GET https://localhost:7121/swagger/favicon-32x32.png - 200 628 image/png 48.4956ms
2026-04-27 14:01:58.382 -03:00 [INF] Request finished HTTP/2 GET https://localhost:7121/swagger/v1/swagger.json - 200 null application/json;charset=utf-8 108.487ms
2026-04-27 14:06:25.172 -03:00 [INF] Request starting HTTP/2 PATCH https://localhost:7121/api/Campaign/migrate - application/json 210
2026-04-27 14:06:25.183 -03:00 [INF] CORS policy execution successful.
2026-04-27 14:06:25.189 -03:00 [INF] Executing endpoint 'DLOA___API_OPT_OUT_e_MIGRAÇÃO_DE_CAMPANHA.Controller.CampaignController.Migrate (InterplayersGateway)'
2026-04-27 14:06:25.213 -03:00 [INF] Route matched with {action = "Migrate", controller = "Campaign"}. Executing controller action with signature System.Threading.Tasks.Task`1[Microsoft.AspNetCore.Mvc.IActionResult] Migrate(DLOA___API_OPT_OUT_e_MIGRAÇÃO_DE_CAMPANHA.Models.Requests.CampaignMigrateRequest) on controller DLOA___API_OPT_OUT_e_MIGRAÇÃO_DE_CAMPANHA.Controller.CampaignController (InterplayersGateway).
2026-04-27 14:06:25.253 -03:00 [INF] Migrando campanha. Consumer=107983200 Ean=07896382709111  NewCampaign=3 Indication=Indicação para troca.
2026-04-27 14:06:25.262 -03:00 [INF] Token Interplayers expirado ou ausente. Renovando...
2026-04-27 14:06:25.272 -03:00 [INF] Start processing HTTP request POST https://interplayersdevb2c.b2clogin.com/interplayersdevb2c.onmicrosoft.com/B2C_1_Loyalty/oauth2/v2.0/token
2026-04-27 14:06:25.277 -03:00 [INF] Sending HTTP request POST https://interplayersdevb2c.b2clogin.com/interplayersdevb2c.onmicrosoft.com/B2C_1_Loyalty/oauth2/v2.0/token
2026-04-27 14:06:26.778 -03:00 [INF] Received HTTP response headers after 1496.6055ms - 200
2026-04-27 14:06:26.782 -03:00 [INF] End processing HTTP request after 1511.0203ms - 200
2026-04-27 14:06:26.793 -03:00 [INF] Token Interplayers renovado. Válido por 3300s.
2026-04-27 14:06:26.798 -03:00 [INF] Start processing HTTP request PATCH https://idp-api-gtw.azure-api.net/external-loyalty-adhesion-pre/v2/Adhesion/administrators/057/consumers/107983200/products/migrate-campaign
2026-04-27 14:06:26.801 -03:00 [INF] Sending HTTP request PATCH https://idp-api-gtw.azure-api.net/external-loyalty-adhesion-pre/v2/Adhesion/administrators/057/consumers/107983200/products/migrate-campaign
2026-04-27 14:06:29.366 -03:00 [INF] Received HTTP response headers after 2562.0427ms - 404
2026-04-27 14:06:29.369 -03:00 [INF] End processing HTTP request after 2571.6321ms - 404
2026-04-27 14:06:29.391 -03:00 [INF] [AUDIT] Action=campaign_migrate Consumer=107983200 Origin=WPP_FLOW Success=false StatusCode=404 IdempotencyKey=e7b1c2d3-4f56-7890-ab12-34567890cdef
2026-04-27 14:06:29.405 -03:00 [WRN] Migração falhou. Status=404 Code=LA06 Desc=Consumidor não encontrado (LA06)
2026-04-27 14:06:29.413 -03:00 [INF] Executing ObjectResult, writing value of type 'DLOA___API_OPT_OUT_e_MIGRAÇÃO_DE_CAMPANHA.Models.Responses.GatewayErrorResponse'.
2026-04-27 14:06:29.425 -03:00 [INF] Executed action DLOA___API_OPT_OUT_e_MIGRAÇÃO_DE_CAMPANHA.Controller.CampaignController.Migrate (InterplayersGateway) in 4202.2862ms
2026-04-27 14:06:29.429 -03:00 [INF] Executed endpoint 'DLOA___API_OPT_OUT_e_MIGRAÇÃO_DE_CAMPANHA.Controller.CampaignController.Migrate (InterplayersGateway)'
2026-04-27 14:06:29.432 -03:00 [INF] HTTP PATCH /api/Campaign/migrate responded 404 in 4249.8380ms
2026-04-27 14:06:29.435 -03:00 [INF] Request finished HTTP/2 PATCH https://localhost:7121/api/Campaign/migrate - 404 null application/json; charset=utf-8 4263.7343ms
2026-04-27 14:06:42.574 -03:00 [INF] Request starting HTTP/2 PATCH https://localhost:7121/api/Campaign/migrate - application/json 212
2026-04-27 14:06:42.583 -03:00 [INF] CORS policy execution successful.
2026-04-27 14:06:42.585 -03:00 [INF] Executing endpoint 'DLOA___API_OPT_OUT_e_MIGRAÇÃO_DE_CAMPANHA.Controller.CampaignController.Migrate (InterplayersGateway)'
2026-04-27 14:06:42.588 -03:00 [INF] Route matched with {action = "Migrate", controller = "Campaign"}. Executing controller action with signature System.Threading.Tasks.Task`1[Microsoft.AspNetCore.Mvc.IActionResult] Migrate(DLOA___API_OPT_OUT_e_MIGRAÇÃO_DE_CAMPANHA.Models.Requests.CampaignMigrateRequest) on controller DLOA___API_OPT_OUT_e_MIGRAÇÃO_DE_CAMPANHA.Controller.CampaignController (InterplayersGateway).
2026-04-27 14:06:42.594 -03:00 [INF] Migrando campanha. Consumer=57107983200 Ean=07896382709111  NewCampaign=3 Indication=Indicação para troca.
2026-04-27 14:06:42.598 -03:00 [INF] Start processing HTTP request PATCH https://idp-api-gtw.azure-api.net/external-loyalty-adhesion-pre/v2/Adhesion/administrators/057/consumers/57107983200/products/migrate-campaign
2026-04-27 14:06:42.601 -03:00 [INF] Sending HTTP request PATCH https://idp-api-gtw.azure-api.net/external-loyalty-adhesion-pre/v2/Adhesion/administrators/057/consumers/57107983200/products/migrate-campaign
2026-04-27 14:06:43.050 -03:00 [INF] Received HTTP response headers after 446.7138ms - 404
2026-04-27 14:06:43.053 -03:00 [INF] End processing HTTP request after 455.2833ms - 404
2026-04-27 14:06:43.057 -03:00 [INF] [AUDIT] Action=campaign_migrate Consumer=57107983200 Origin=WPP_FLOW Success=false StatusCode=404 IdempotencyKey=e7b1c2d3-4f56-7890-ab12-34567890cdef
2026-04-27 14:06:43.064 -03:00 [WRN] Migração falhou. Status=404 Code=LA06 Desc=Consumidor não encontrado (LA06)
2026-04-27 14:06:43.067 -03:00 [INF] Executing ObjectResult, writing value of type 'DLOA___API_OPT_OUT_e_MIGRAÇÃO_DE_CAMPANHA.Models.Responses.GatewayErrorResponse'.
2026-04-27 14:06:43.071 -03:00 [INF] Executed action DLOA___API_OPT_OUT_e_MIGRAÇÃO_DE_CAMPANHA.Controller.CampaignController.Migrate (InterplayersGateway) in 478.2666ms
2026-04-27 14:06:43.074 -03:00 [INF] Executed endpoint 'DLOA___API_OPT_OUT_e_MIGRAÇÃO_DE_CAMPANHA.Controller.CampaignController.Migrate (InterplayersGateway)'
2026-04-27 14:06:43.077 -03:00 [INF] HTTP PATCH /api/Campaign/migrate responded 404 in 494.1286ms
2026-04-27 14:06:43.081 -03:00 [INF] Request finished HTTP/2 PATCH https://localhost:7121/api/Campaign/migrate - 404 null application/json; charset=utf-8 507.2626ms
2026-04-27 14:07:13.029 -03:00 [INF] Request starting HTTP/2 PATCH https://localhost:7121/api/Campaign/migrate - application/json 212
2026-04-27 14:07:13.036 -03:00 [INF] CORS policy execution successful.
2026-04-27 14:07:13.038 -03:00 [INF] Executing endpoint 'DLOA___API_OPT_OUT_e_MIGRAÇÃO_DE_CAMPANHA.Controller.CampaignController.Migrate (InterplayersGateway)'
2026-04-27 14:07:13.041 -03:00 [INF] Route matched with {action = "Migrate", controller = "Campaign"}. Executing controller action with signature System.Threading.Tasks.Task`1[Microsoft.AspNetCore.Mvc.IActionResult] Migrate(DLOA___API_OPT_OUT_e_MIGRAÇÃO_DE_CAMPANHA.Models.Requests.CampaignMigrateRequest) on controller DLOA___API_OPT_OUT_e_MIGRAÇÃO_DE_CAMPANHA.Controller.CampaignController (InterplayersGateway).
2026-04-27 14:07:13.047 -03:00 [INF] Migrando campanha. Consumer=10798320057 Ean=07896382709111  NewCampaign=3 Indication=Indicação para troca.
2026-04-27 14:07:13.051 -03:00 [INF] Start processing HTTP request PATCH https://idp-api-gtw.azure-api.net/external-loyalty-adhesion-pre/v2/Adhesion/administrators/057/consumers/10798320057/products/migrate-campaign
2026-04-27 14:07:13.054 -03:00 [INF] Sending HTTP request PATCH https://idp-api-gtw.azure-api.net/external-loyalty-adhesion-pre/v2/Adhesion/administrators/057/consumers/10798320057/products/migrate-campaign
2026-04-27 14:07:13.714 -03:00 [INF] Received HTTP response headers after 656.9096ms - 404
2026-04-27 14:07:13.717 -03:00 [INF] End processing HTTP request after 665.6085ms - 404
2026-04-27 14:07:13.720 -03:00 [INF] [AUDIT] Action=campaign_migrate Consumer=10798320057 Origin=WPP_FLOW Success=false StatusCode=404 IdempotencyKey=e7b1c2d3-4f56-7890-ab12-34567890cdef
2026-04-27 14:07:13.726 -03:00 [WRN] Migração falhou. Status=404 Code=LA06 Desc=Consumidor não encontrado (LA06)
2026-04-27 14:07:13.729 -03:00 [INF] Executing ObjectResult, writing value of type 'DLOA___API_OPT_OUT_e_MIGRAÇÃO_DE_CAMPANHA.Models.Responses.GatewayErrorResponse'.
2026-04-27 14:07:13.732 -03:00 [INF] Executed action DLOA___API_OPT_OUT_e_MIGRAÇÃO_DE_CAMPANHA.Controller.CampaignController.Migrate (InterplayersGateway) in 686.1221ms
2026-04-27 14:07:13.734 -03:00 [INF] Executed endpoint 'DLOA___API_OPT_OUT_e_MIGRAÇÃO_DE_CAMPANHA.Controller.CampaignController.Migrate (InterplayersGateway)'
2026-04-27 14:07:13.736 -03:00 [INF] HTTP PATCH /api/Campaign/migrate responded 404 in 700.4804ms
2026-04-27 14:07:13.740 -03:00 [INF] Request finished HTTP/2 PATCH https://localhost:7121/api/Campaign/migrate - 404 null application/json; charset=utf-8 710.479ms
