2026-05-19 15:16:31.428 -03:00 [INF] InterplayersGateway iniciado com sucesso.
2026-05-19 15:16:31.545 -03:00 [INF] Now listening on: https://localhost:7121
2026-05-19 15:16:31.548 -03:00 [INF] Now listening on: http://localhost:5113
2026-05-19 15:16:31.588 -03:00 [INF] Application started. Press Ctrl+C to shut down.
2026-05-19 15:16:31.589 -03:00 [INF] Hosting environment: Development
2026-05-19 15:16:31.591 -03:00 [INF] Content root path: C:\Users\nicac\OneDrive\DESENVOLVIMENTO\C#\nicaciov\DLOA - API OPT-OUT e MIGRAÇÃO DE CAMPANHA
2026-05-19 15:16:32.196 -03:00 [INF] Request starting HTTP/2 GET https://localhost:7121/swagger/index.html - null null
2026-05-19 15:16:32.460 -03:00 [INF] Request finished HTTP/2 GET https://localhost:7121/swagger/index.html - 200 null text/html;charset=utf-8 265.1559ms
2026-05-19 15:16:33.034 -03:00 [INF] Request starting HTTP/2 GET https://localhost:7121/_vs/browserLink - null null
2026-05-19 15:16:33.034 -03:00 [INF] Request starting HTTP/2 GET https://localhost:7121/_framework/aspnetcore-browser-refresh.js - null null
2026-05-19 15:16:33.049 -03:00 [INF] Request finished HTTP/2 GET https://localhost:7121/_framework/aspnetcore-browser-refresh.js - 200 14991 application/javascript; charset=utf-8 14.1929ms
2026-05-19 15:16:33.083 -03:00 [INF] Request finished HTTP/2 GET https://localhost:7121/_vs/browserLink - 200 null text/javascript; charset=UTF-8 48.5109ms
2026-05-19 15:16:33.201 -03:00 [INF] Request starting HTTP/2 GET https://localhost:7121/swagger/v1/swagger.json - null null
2026-05-19 15:16:33.231 -03:00 [INF] Request finished HTTP/2 GET https://localhost:7121/swagger/v1/swagger.json - 200 null application/json;charset=utf-8 29.3417ms
2026-05-19 15:16:45.589 -03:00 [INF] Request starting HTTP/2 GET https://localhost:7121/swagger/index.html - null null
2026-05-19 15:16:45.603 -03:00 [INF] Request finished HTTP/2 GET https://localhost:7121/swagger/index.html - 200 null text/html;charset=utf-8 13.426ms
2026-05-19 15:16:45.657 -03:00 [INF] Request starting HTTP/2 GET https://localhost:7121/_framework/aspnetcore-browser-refresh.js - null null
2026-05-19 15:16:45.668 -03:00 [INF] Request finished HTTP/2 GET https://localhost:7121/_framework/aspnetcore-browser-refresh.js - 200 14991 application/javascript; charset=utf-8 10.805ms
2026-05-19 15:16:45.931 -03:00 [INF] Request starting HTTP/2 GET https://localhost:7121/_vs/browserLink - null null
2026-05-19 15:16:45.946 -03:00 [INF] Request finished HTTP/2 GET https://localhost:7121/_vs/browserLink - 200 null text/javascript; charset=UTF-8 15.0815ms
2026-05-19 15:16:46.054 -03:00 [INF] Request starting HTTP/2 GET https://localhost:7121/swagger/v1/swagger.json - null null
2026-05-19 15:16:46.079 -03:00 [INF] Request finished HTTP/2 GET https://localhost:7121/swagger/v1/swagger.json - 200 null application/json;charset=utf-8 24.3757ms
2026-05-19 15:16:55.875 -03:00 [INF] Request starting HTTP/2 PATCH https://localhost:7121/api/OptIn/opt-out - application/json 111
2026-05-19 15:16:55.885 -03:00 [INF] CORS policy execution successful.
2026-05-19 15:16:55.889 -03:00 [INF] Executing endpoint 'DLOA___API_OPT_OUT_e_MIGRAÇÃO_DE_CAMPANHA.Controller.OptInController.OptOut (InterplayersGateway)'
2026-05-19 15:16:55.919 -03:00 [INF] Route matched with {action = "OptOut", controller = "OptIn"}. Executing controller action with signature System.Threading.Tasks.Task`1[Microsoft.AspNetCore.Mvc.IActionResult] OptOut(DLOA___API_OPT_OUT_e_MIGRAÇÃO_DE_CAMPANHA.Models.Requests.OptOutRequest) on controller DLOA___API_OPT_OUT_e_MIGRAÇÃO_DE_CAMPANHA.Controller.OptInController (InterplayersGateway).
2026-05-19 15:16:55.943 -03:00 [INF] IdempotencyKey gerado: NGTIGkO7T5
2026-05-19 15:16:55.954 -03:00 [INF] Enviando opt-out para Interplayers. Consumer=57103155742 Type=global_opt_out Channel=whatsapp
2026-05-19 15:16:55.959 -03:00 [INF] Token Interplayers expirado ou ausente. Renovando...
2026-05-19 15:16:55.970 -03:00 [INF] Start processing HTTP request POST https://account.iplayers.com.br/interplayersb2c.onmicrosoft.com/B2C_1_Loyalty/oauth2/v2.0/token
2026-05-19 15:16:55.974 -03:00 [INF] Sending HTTP request POST https://account.iplayers.com.br/interplayersb2c.onmicrosoft.com/B2C_1_Loyalty/oauth2/v2.0/token
2026-05-19 15:16:56.864 -03:00 [INF] Received HTTP response headers after 886.2223ms - 200
2026-05-19 15:16:56.867 -03:00 [INF] End processing HTTP request after 903.1643ms - 200
2026-05-19 15:16:56.875 -03:00 [INF] Token Interplayers renovado. Válido por 3300s.
2026-05-19 15:16:56.881 -03:00 [INF] 
╔══════════════════════════════════════════════════════╗
║              REQUISIÇÃO → INTERPLAYERS               ║
╚══════════════════════════════════════════════════════╝
Método  : PATCH
URL     : https://api-mng.interplayers.com.br/loyalty-registration/v2/Registrations/administrators/57/consumers/external/57103155742/opt-ins
Headers :
  Authorization : Bearer eyJhbGciOiJSUzI1NiIs...nowVoDVbqw
  Content-Type  : application/json
Body    :
{
  "mail": "N",
  "email": "N",
  "phone": "N",
  "sms": "N",
  "push": "N",
  "whatsApp": "N"
}

CURL equivalente:
curl -X PATCH "https://api-mng.interplayers.com.br/loyalty-registration/v2/Registrations/administrators/57/consumers/external/57103155742/opt-ins" \
  -H "Authorization: Bearer eyJhbGciOiJSUzI1NiIsImtpZCI6Ilg1ZVhrNHh5b2pORnVtMWtsMll0djhkbE5QNC1jNTdkTzZRR1RWQndhTmsiLCJ0eXAiOiJKV1QifQ.eyJhdWQiOiJhNjQ4NTUxNi0xOWZhLTQ3NjctYWNmMS03ZjhhMGQ4ZmE4YTMiLCJpc3MiOiJodHRwczovL2FjY291bnQuaXBsYXllcnMuY29tLmJyLzI3YjEwZTU2LTFjY2EtNDY4ZS04MGZlLWUyZjYwZjg1NDZjZC92Mi4wLyIsImV4cCI6MTc3OTIxODIxNiwibmJmIjoxNzc5MjE0NjE2LCJ0ZnAiOiJCMkNfMV9Mb3lhbHR5Iiwic2NwIjoiTG95YWx0eS5SZWFkIEFwcC5BZG1pbmlzdHJhdG9yLjU3IExveWFsdHkuQ29uc3VtZXJSZWdpc3RyYXRpb24uV3JpdGUgU3lzdGVtSWQuQURNMDQzOTQwNjE4MDFMIExveWFsdHkuV3JpdGUgTG95YWx0eS5Db25zdW1lckFkaGVzaW9uLldyaXRlIiwiYXpwYWNyIjoiMSIsInN1YiI6ImYxNjA0MWIwLTViYmEtNDk4MC1iYWMxLTE0OWE5NzFkNzE2ZiIsIm9pZCI6ImYxNjA0MWIwLTViYmEtNDk4MC1iYWMxLTE0OWE5NzFkNzE2ZiIsInRpZCI6IjI3YjEwZTU2LTFjY2EtNDY4ZS04MGZlLWUyZjYwZjg1NDZjZCIsInZlciI6IjIuMCIsImF6cCI6IjAxNmNjMjMxLTY2YzgtNGZmMC1iYjZiLWQ0ZGQ3YWNlOTcwZCIsImlhdCI6MTc3OTIxNDYxNn0.hcXiWOuc0hYObpuK10JB2VoNA8vhrf7n1cfIAqNPjQMhQQKApCN1rfrM1H9x7UIMNdRQK50glypGj1fMFIoWXHoWJrqQ7YvgCz5ESCG6hDewsuzMyd17VnTNc3icJKjCmYOrVhI2KwX8wW6GbMbCIen8Aacp8pTn1vzeyBrfT9v7o-c5XQmms8HWlJaox6IxQ7c8gJqnWt378LrL1DvM11ghW8Wk5x5KvoLYHyyoyBcD-11nOkrmZO9AhPa01cNwQhZ4sCngmTYJ45r8U5OcFy6ssWmpKhRHYyIRYpU43vygEG5Re0VNL_Cgd4rJEmVztWzI-rjnLDHgnowVoDVbqw" \
  -H "Content-Type: application/json" \
  -d '{
  "mail": "N",
  "email": "N",
  "phone": "N",
  "sms": "N",
  "push": "N",
  "whatsApp": "N"
}'
2026-05-19 15:16:56.885 -03:00 [INF] Start processing HTTP request PATCH https://api-mng.interplayers.com.br/loyalty-registration/v2/Registrations/administrators/57/consumers/external/57103155742/opt-ins
2026-05-19 15:16:56.886 -03:00 [INF] Sending HTTP request PATCH https://api-mng.interplayers.com.br/loyalty-registration/v2/Registrations/administrators/57/consumers/external/57103155742/opt-ins
2026-05-19 15:16:57.638 -03:00 [INF] Received HTTP response headers after 749.6954ms - 200
2026-05-19 15:16:57.639 -03:00 [INF] End processing HTTP request after 754.3152ms - 200
2026-05-19 15:16:57.643 -03:00 [INF] 
╔══════════════════════════════════════════════════════╗
║             RESPOSTA ← INTERPLAYERS                  ║
╚══════════════════════════════════════════════════════╝
Status  : 200 OK
Headers :
  Transfer-Encoding: chunked
  Request-Context: appId=cid-v1:ff420140-14a7-4478-beba-e65c3c490435
  Date: Tue, 19 May 2026 18:16:56 GMT
Body    :
{
  "description": "Prefer\u00EAncias de comunica\u00E7\u00E3o foram atualizadas com sucesso"
}
2026-05-19 15:16:57.656 -03:00 [INF] [AUDIT] Action=global_opt_out Consumer=57103155742 Origin=API Success=true StatusCode=200 IdempotencyKey=NGTIGkO7T5
2026-05-19 15:16:57.669 -03:00 [INF] Executing OkObjectResult, writing value of type 'DLOA___API_OPT_OUT_e_MIGRAÇÃO_DE_CAMPANHA.Models.Responses.GatewaySuccessResponse'.
2026-05-19 15:16:57.676 -03:00 [INF] Executed action DLOA___API_OPT_OUT_e_MIGRAÇÃO_DE_CAMPANHA.Controller.OptInController.OptOut (InterplayersGateway) in 1751.6892ms
2026-05-19 15:16:57.677 -03:00 [INF] Executed endpoint 'DLOA___API_OPT_OUT_e_MIGRAÇÃO_DE_CAMPANHA.Controller.OptInController.OptOut (InterplayersGateway)'
2026-05-19 15:16:57.680 -03:00 [INF] HTTP PATCH /api/OptIn/opt-out responded 200 in 1797.0886ms
2026-05-19 15:16:57.684 -03:00 [INF] Request finished HTTP/2 PATCH https://localhost:7121/api/OptIn/opt-out - 200 null application/json; charset=utf-8 1809.0158ms
2026-05-19 15:22:43.978 -03:00 [INF] Iniciando InterplayersGateway...
