2026-05-19 15:34:11.824 -03:00 [INF] InterplayersGateway iniciado com sucesso.
2026-05-19 15:34:11.958 -03:00 [INF] Now listening on: https://localhost:7121
2026-05-19 15:34:11.961 -03:00 [INF] Now listening on: http://localhost:5113
2026-05-19 15:34:12.010 -03:00 [INF] Application started. Press Ctrl+C to shut down.
2026-05-19 15:34:12.011 -03:00 [INF] Hosting environment: Development
2026-05-19 15:34:12.013 -03:00 [INF] Content root path: C:\Users\nicac\OneDrive\DESENVOLVIMENTO\C#\nicaciov\DLOA - API OPT-OUT e MIGRAÇÃO DE CAMPANHA
2026-05-19 15:34:12.231 -03:00 [INF] Request starting HTTP/2 GET https://localhost:7121/swagger/index.html - null null
2026-05-19 15:34:12.412 -03:00 [INF] Request finished HTTP/2 GET https://localhost:7121/swagger/index.html - 200 null text/html;charset=utf-8 181.686ms
2026-05-19 15:34:12.532 -03:00 [INF] Request starting HTTP/2 GET https://localhost:7121/swagger/index.html - null null
2026-05-19 15:34:12.553 -03:00 [INF] Request finished HTTP/2 GET https://localhost:7121/swagger/index.html - 200 null text/html;charset=utf-8 21.0582ms
2026-05-19 15:34:12.660 -03:00 [INF] Request starting HTTP/2 GET https://localhost:7121/_framework/aspnetcore-browser-refresh.js - null null
2026-05-19 15:34:12.679 -03:00 [INF] Request finished HTTP/2 GET https://localhost:7121/_framework/aspnetcore-browser-refresh.js - 200 14991 application/javascript; charset=utf-8 18.7014ms
2026-05-19 15:34:13.056 -03:00 [INF] Request starting HTTP/2 GET https://localhost:7121/_framework/aspnetcore-browser-refresh.js - null null
2026-05-19 15:34:13.057 -03:00 [INF] Request starting HTTP/2 GET https://localhost:7121/_vs/browserLink - null null
2026-05-19 15:34:13.064 -03:00 [INF] Request finished HTTP/2 GET https://localhost:7121/_framework/aspnetcore-browser-refresh.js - 200 14991 application/javascript; charset=utf-8 7.9528ms
2026-05-19 15:34:13.113 -03:00 [INF] Request finished HTTP/2 GET https://localhost:7121/_vs/browserLink - 200 null text/javascript; charset=UTF-8 56.6947ms
2026-05-19 15:34:13.119 -03:00 [INF] Request starting HTTP/2 GET https://localhost:7121/_vs/browserLink - null null
2026-05-19 15:34:13.142 -03:00 [INF] Request finished HTTP/2 GET https://localhost:7121/_vs/browserLink - 200 null text/javascript; charset=UTF-8 23.4258ms
2026-05-19 15:34:13.284 -03:00 [INF] Request starting HTTP/2 GET https://localhost:7121/swagger/v1/swagger.json - null null
2026-05-19 15:34:13.313 -03:00 [INF] Request finished HTTP/2 GET https://localhost:7121/swagger/v1/swagger.json - 200 null application/json;charset=utf-8 28.988ms
2026-05-19 15:34:13.313 -03:00 [INF] Request starting HTTP/2 GET https://localhost:7121/swagger/v1/swagger.json - null null
2026-05-19 15:34:13.338 -03:00 [INF] Request finished HTTP/2 GET https://localhost:7121/swagger/v1/swagger.json - 200 null application/json;charset=utf-8 25.0898ms
2026-05-19 15:34:34.809 -03:00 [INF] Request starting HTTP/2 PATCH https://localhost:7121/api/OptIn/opt-out - application/json 111
2026-05-19 15:34:34.821 -03:00 [INF] CORS policy execution successful.
2026-05-19 15:34:34.826 -03:00 [INF] Executing endpoint 'DLOA___API_OPT_OUT_e_MIGRAÇÃO_DE_CAMPANHA.Controller.OptInController.OptOut (InterplayersGateway)'
2026-05-19 15:34:34.861 -03:00 [INF] Route matched with {action = "OptOut", controller = "OptIn"}. Executing controller action with signature System.Threading.Tasks.Task`1[Microsoft.AspNetCore.Mvc.IActionResult] OptOut(DLOA___API_OPT_OUT_e_MIGRAÇÃO_DE_CAMPANHA.Models.Requests.OptOutRequest) on controller DLOA___API_OPT_OUT_e_MIGRAÇÃO_DE_CAMPANHA.Controller.OptInController (InterplayersGateway).
2026-05-19 15:34:34.894 -03:00 [INF] IdempotencyKey gerado: p6ZT76ceh3
2026-05-19 15:34:34.905 -03:00 [INF] Enviando opt-out para Interplayers. Consumer=57103155742 Type=global_opt_out Channel=whatsapp
2026-05-19 15:34:34.912 -03:00 [INF] Token Interplayers expirado ou ausente. Renovando...
2026-05-19 15:34:34.921 -03:00 [INF] Start processing HTTP request POST https://account.iplayers.com.br/interplayersb2c.onmicrosoft.com/B2C_1_Loyalty/oauth2/v2.0/token
2026-05-19 15:34:34.927 -03:00 [INF] Sending HTTP request POST https://account.iplayers.com.br/interplayersb2c.onmicrosoft.com/B2C_1_Loyalty/oauth2/v2.0/token
2026-05-19 15:34:36.092 -03:00 [INF] Received HTTP response headers after 1160.8504ms - 200
2026-05-19 15:34:36.096 -03:00 [INF] End processing HTTP request after 1179.0238ms - 200
2026-05-19 15:34:36.108 -03:00 [INF] Token Interplayers renovado. Válido por 3300s.
2026-05-19 15:34:36.115 -03:00 [INF] 
╔══════════════════════════════════════════════════════╗
║              REQUISIÇÃO → INTERPLAYERS               ║
╚══════════════════════════════════════════════════════╝
Método  : PATCH
URL     : https://api-mng.interplayers.com.br/loyalty-registration/v2/Registrations/administrators/57/consumers/external/57103155742/opt-ins
Headers :
  Authorization : Bearer eyJhbGciOiJSUzI1NiIs...w0zkVywagQ
  Content-Type  : application/json
Body    :
{
  "informativeMaterial": "N",
  "mail": "N",
  "email": "N",
  "phone": "N",
  "sms": "N",
  "push": "N",
  "whatsApp": "N"
}

CURL equivalente:
curl -X PATCH "https://api-mng.interplayers.com.br/loyalty-registration/v2/Registrations/administrators/57/consumers/external/57103155742/opt-ins" \
  -H "Authorization: Bearer eyJhbGciOiJSUzI1NiIsImtpZCI6Ilg1ZVhrNHh5b2pORnVtMWtsMll0djhkbE5QNC1jNTdkTzZRR1RWQndhTmsiLCJ0eXAiOiJKV1QifQ.eyJhdWQiOiJhNjQ4NTUxNi0xOWZhLTQ3NjctYWNmMS03ZjhhMGQ4ZmE4YTMiLCJpc3MiOiJodHRwczovL2FjY291bnQuaXBsYXllcnMuY29tLmJyLzI3YjEwZTU2LTFjY2EtNDY4ZS04MGZlLWUyZjYwZjg1NDZjZC92Mi4wLyIsImV4cCI6MTc3OTIxOTI3NSwibmJmIjoxNzc5MjE1Njc1LCJ0ZnAiOiJCMkNfMV9Mb3lhbHR5Iiwic2NwIjoiTG95YWx0eS5SZWFkIEFwcC5BZG1pbmlzdHJhdG9yLjU3IExveWFsdHkuQ29uc3VtZXJSZWdpc3RyYXRpb24uV3JpdGUgU3lzdGVtSWQuQURNMDQzOTQwNjE4MDFMIExveWFsdHkuV3JpdGUgTG95YWx0eS5Db25zdW1lckFkaGVzaW9uLldyaXRlIiwiYXpwYWNyIjoiMSIsInN1YiI6ImYxNjA0MWIwLTViYmEtNDk4MC1iYWMxLTE0OWE5NzFkNzE2ZiIsIm9pZCI6ImYxNjA0MWIwLTViYmEtNDk4MC1iYWMxLTE0OWE5NzFkNzE2ZiIsInRpZCI6IjI3YjEwZTU2LTFjY2EtNDY4ZS04MGZlLWUyZjYwZjg1NDZjZCIsInZlciI6IjIuMCIsImF6cCI6IjAxNmNjMjMxLTY2YzgtNGZmMC1iYjZiLWQ0ZGQ3YWNlOTcwZCIsImlhdCI6MTc3OTIxNTY3NX0.fmdarX6fzBqY1OopEa-0SHXd2gt9HHZnAjM3Npte9jVXsDcNUqCKmyusm5EwtDgyFN3f1IGXdv0jzS9np2IT0uplSh4X0OEudrsFAIB5hsGjGnU51vflHrvI9lngvh5r_X-xKVgeH-0CghQQyeYTHsEgCT2NP6COqGY88cmVBugLAcWc8btka-499-nZrRIRHllXg6gWv87f0abu4rtO9ogeCy1C9nd-t62xYuKFPodaWw-v24v4qHOyt3oD7VhS6WLcsIC8R-9jR3Yx56zHjRzpAizfLvkBAgXBwUVHyEH27MqsT4fxqeaeOq5_RmEPd0sV7_Gi4-RRw0zkVywagQ" \
  -H "Content-Type: application/json" \
  -d '{
  "informativeMaterial": "N",
  "mail": "N",
  "email": "N",
  "phone": "N",
  "sms": "N",
  "push": "N",
  "whatsApp": "N"
}'
2026-05-19 15:34:36.121 -03:00 [INF] Start processing HTTP request PATCH https://api-mng.interplayers.com.br/loyalty-registration/v2/Registrations/administrators/57/consumers/external/57103155742/opt-ins
2026-05-19 15:34:36.124 -03:00 [INF] Sending HTTP request PATCH https://api-mng.interplayers.com.br/loyalty-registration/v2/Registrations/administrators/57/consumers/external/57103155742/opt-ins
2026-05-19 15:34:36.885 -03:00 [INF] Received HTTP response headers after 758.0122ms - 200
2026-05-19 15:34:36.887 -03:00 [INF] End processing HTTP request after 766.0304ms - 200
2026-05-19 15:34:36.892 -03:00 [INF] 
╔══════════════════════════════════════════════════════╗
║             RESPOSTA ← INTERPLAYERS                  ║
╚══════════════════════════════════════════════════════╝
Status  : 200 OK
Headers :
  Transfer-Encoding: chunked
  Request-Context: appId=cid-v1:ff420140-14a7-4478-beba-e65c3c490435
  Date: Tue, 19 May 2026 18:34:35 GMT
Body    :
{
  "description": "Prefer\u00EAncias de comunica\u00E7\u00E3o foram atualizadas com sucesso"
}
2026-05-19 15:34:36.912 -03:00 [INF] [AUDIT] Action=global_opt_out Consumer=57103155742 Origin=API Success=true StatusCode=200 IdempotencyKey=p6ZT76ceh3
2026-05-19 15:34:36.932 -03:00 [INF] Executing OkObjectResult, writing value of type 'DLOA___API_OPT_OUT_e_MIGRAÇÃO_DE_CAMPANHA.Models.Responses.GatewaySuccessResponse'.
2026-05-19 15:34:36.944 -03:00 [INF] Executed action DLOA___API_OPT_OUT_e_MIGRAÇÃO_DE_CAMPANHA.Controller.OptInController.OptOut (InterplayersGateway) in 2075.6152ms
2026-05-19 15:34:36.947 -03:00 [INF] Executed endpoint 'DLOA___API_OPT_OUT_e_MIGRAÇÃO_DE_CAMPANHA.Controller.OptInController.OptOut (InterplayersGateway)'
2026-05-19 15:34:36.950 -03:00 [INF] HTTP PATCH /api/OptIn/opt-out responded 200 in 2131.5832ms
2026-05-19 15:34:36.953 -03:00 [INF] Request finished HTTP/2 PATCH https://localhost:7121/api/OptIn/opt-out - 200 null application/json; charset=utf-8 2144.1526ms
2026-05-19 15:34:40.094 -03:00 [INF] Request starting HTTP/2 PATCH https://localhost:7121/api/OptIn/opt-out - application/json 111
2026-05-19 15:34:40.101 -03:00 [INF] CORS policy execution successful.
2026-05-19 15:34:40.103 -03:00 [INF] Executing endpoint 'DLOA___API_OPT_OUT_e_MIGRAÇÃO_DE_CAMPANHA.Controller.OptInController.OptOut (InterplayersGateway)'
2026-05-19 15:34:40.106 -03:00 [INF] Route matched with {action = "OptOut", controller = "OptIn"}. Executing controller action with signature System.Threading.Tasks.Task`1[Microsoft.AspNetCore.Mvc.IActionResult] OptOut(DLOA___API_OPT_OUT_e_MIGRAÇÃO_DE_CAMPANHA.Models.Requests.OptOutRequest) on controller DLOA___API_OPT_OUT_e_MIGRAÇÃO_DE_CAMPANHA.Controller.OptInController (InterplayersGateway).
2026-05-19 15:34:40.112 -03:00 [INF] IdempotencyKey gerado: KBm6sLVxAk
2026-05-19 15:34:40.114 -03:00 [INF] Enviando opt-out para Interplayers. Consumer=57103155742 Type=global_opt_out Channel=whatsapp
2026-05-19 15:34:40.117 -03:00 [INF] 
╔══════════════════════════════════════════════════════╗
║              REQUISIÇÃO → INTERPLAYERS               ║
╚══════════════════════════════════════════════════════╝
Método  : PATCH
URL     : https://api-mng.interplayers.com.br/loyalty-registration/v2/Registrations/administrators/57/consumers/external/57103155742/opt-ins
Headers :
  Authorization : Bearer eyJhbGciOiJSUzI1NiIs...w0zkVywagQ
  Content-Type  : application/json
Body    :
{
  "informativeMaterial": "N",
  "mail": "N",
  "email": "N",
  "phone": "N",
  "sms": "N",
  "push": "N",
  "whatsApp": "N"
}

CURL equivalente:
curl -X PATCH "https://api-mng.interplayers.com.br/loyalty-registration/v2/Registrations/administrators/57/consumers/external/57103155742/opt-ins" \
  -H "Authorization: Bearer eyJhbGciOiJSUzI1NiIsImtpZCI6Ilg1ZVhrNHh5b2pORnVtMWtsMll0djhkbE5QNC1jNTdkTzZRR1RWQndhTmsiLCJ0eXAiOiJKV1QifQ.eyJhdWQiOiJhNjQ4NTUxNi0xOWZhLTQ3NjctYWNmMS03ZjhhMGQ4ZmE4YTMiLCJpc3MiOiJodHRwczovL2FjY291bnQuaXBsYXllcnMuY29tLmJyLzI3YjEwZTU2LTFjY2EtNDY4ZS04MGZlLWUyZjYwZjg1NDZjZC92Mi4wLyIsImV4cCI6MTc3OTIxOTI3NSwibmJmIjoxNzc5MjE1Njc1LCJ0ZnAiOiJCMkNfMV9Mb3lhbHR5Iiwic2NwIjoiTG95YWx0eS5SZWFkIEFwcC5BZG1pbmlzdHJhdG9yLjU3IExveWFsdHkuQ29uc3VtZXJSZWdpc3RyYXRpb24uV3JpdGUgU3lzdGVtSWQuQURNMDQzOTQwNjE4MDFMIExveWFsdHkuV3JpdGUgTG95YWx0eS5Db25zdW1lckFkaGVzaW9uLldyaXRlIiwiYXpwYWNyIjoiMSIsInN1YiI6ImYxNjA0MWIwLTViYmEtNDk4MC1iYWMxLTE0OWE5NzFkNzE2ZiIsIm9pZCI6ImYxNjA0MWIwLTViYmEtNDk4MC1iYWMxLTE0OWE5NzFkNzE2ZiIsInRpZCI6IjI3YjEwZTU2LTFjY2EtNDY4ZS04MGZlLWUyZjYwZjg1NDZjZCIsInZlciI6IjIuMCIsImF6cCI6IjAxNmNjMjMxLTY2YzgtNGZmMC1iYjZiLWQ0ZGQ3YWNlOTcwZCIsImlhdCI6MTc3OTIxNTY3NX0.fmdarX6fzBqY1OopEa-0SHXd2gt9HHZnAjM3Npte9jVXsDcNUqCKmyusm5EwtDgyFN3f1IGXdv0jzS9np2IT0uplSh4X0OEudrsFAIB5hsGjGnU51vflHrvI9lngvh5r_X-xKVgeH-0CghQQyeYTHsEgCT2NP6COqGY88cmVBugLAcWc8btka-499-nZrRIRHllXg6gWv87f0abu4rtO9ogeCy1C9nd-t62xYuKFPodaWw-v24v4qHOyt3oD7VhS6WLcsIC8R-9jR3Yx56zHjRzpAizfLvkBAgXBwUVHyEH27MqsT4fxqeaeOq5_RmEPd0sV7_Gi4-RRw0zkVywagQ" \
  -H "Content-Type: application/json" \
  -d '{
  "informativeMaterial": "N",
  "mail": "N",
  "email": "N",
  "phone": "N",
  "sms": "N",
  "push": "N",
  "whatsApp": "N"
}'
2026-05-19 15:34:40.121 -03:00 [INF] Start processing HTTP request PATCH https://api-mng.interplayers.com.br/loyalty-registration/v2/Registrations/administrators/57/consumers/external/57103155742/opt-ins
2026-05-19 15:34:40.124 -03:00 [INF] Sending HTTP request PATCH https://api-mng.interplayers.com.br/loyalty-registration/v2/Registrations/administrators/57/consumers/external/57103155742/opt-ins
2026-05-19 15:34:40.551 -03:00 [INF] Received HTTP response headers after 424.2207ms - 200
2026-05-19 15:34:40.554 -03:00 [INF] End processing HTTP request after 432.2188ms - 200
2026-05-19 15:34:40.557 -03:00 [INF] 
╔══════════════════════════════════════════════════════╗
║             RESPOSTA ← INTERPLAYERS                  ║
╚══════════════════════════════════════════════════════╝
Status  : 200 OK
Headers :
  Transfer-Encoding: chunked
  Request-Context: appId=cid-v1:ff420140-14a7-4478-beba-e65c3c490435
  Date: Tue, 19 May 2026 18:34:39 GMT
Body    :
{
  "description": "Prefer\u00EAncias de comunica\u00E7\u00E3o foram atualizadas com sucesso"
}
2026-05-19 15:34:40.561 -03:00 [INF] [AUDIT] Action=global_opt_out Consumer=57103155742 Origin=API Success=true StatusCode=200 IdempotencyKey=KBm6sLVxAk
2026-05-19 15:34:40.567 -03:00 [INF] Executing OkObjectResult, writing value of type 'DLOA___API_OPT_OUT_e_MIGRAÇÃO_DE_CAMPANHA.Models.Responses.GatewaySuccessResponse'.
2026-05-19 15:34:40.570 -03:00 [INF] Executed action DLOA___API_OPT_OUT_e_MIGRAÇÃO_DE_CAMPANHA.Controller.OptInController.OptOut (InterplayersGateway) in 461.0908ms
2026-05-19 15:34:40.573 -03:00 [INF] Executed endpoint 'DLOA___API_OPT_OUT_e_MIGRAÇÃO_DE_CAMPANHA.Controller.OptInController.OptOut (InterplayersGateway)'
2026-05-19 15:34:40.575 -03:00 [INF] HTTP PATCH /api/OptIn/opt-out responded 200 in 473.8557ms
2026-05-19 15:34:40.579 -03:00 [INF] Request finished HTTP/2 PATCH https://localhost:7121/api/OptIn/opt-out - 200 null application/json; charset=utf-8 484.7093ms
2026-05-19 15:50:13.238 -03:00 [INF] Iniciando InterplayersGateway...
