2026-04-28 17:28:46.926 -03:00 [INF] InterplayersGateway iniciado com sucesso.
2026-04-28 17:28:47.270 -03:00 [INF] Now listening on: https://localhost:7121
2026-04-28 17:28:47.276 -03:00 [INF] Now listening on: http://localhost:5113
2026-04-28 17:28:47.363 -03:00 [INF] Application started. Press Ctrl+C to shut down.
2026-04-28 17:28:47.366 -03:00 [INF] Hosting environment: Development
2026-04-28 17:28:47.368 -03:00 [INF] Content root path: C:\Users\nicac\OneDrive\DESENVOLVIMENTO\C#\nicaciov\DLOA - API OPT-OUT e MIGRAÇÃO DE CAMPANHA
2026-04-28 17:28:48.099 -03:00 [INF] Request starting HTTP/2 GET https://localhost:7121/swagger/index.html - null null
2026-04-28 17:28:48.419 -03:00 [INF] Request finished HTTP/2 GET https://localhost:7121/swagger/index.html - 200 null text/html;charset=utf-8 335.8495ms
2026-04-28 17:28:48.482 -03:00 [INF] Request starting HTTP/2 GET https://localhost:7121/_framework/aspnetcore-browser-refresh.js - null null
2026-04-28 17:28:48.501 -03:00 [INF] Request finished HTTP/2 GET https://localhost:7121/_framework/aspnetcore-browser-refresh.js - 200 16571 application/javascript; charset=utf-8 18.3023ms
2026-04-28 17:28:48.769 -03:00 [INF] Request starting HTTP/2 GET https://localhost:7121/_vs/browserLink - null null
2026-04-28 17:28:48.848 -03:00 [INF] Request finished HTTP/2 GET https://localhost:7121/_vs/browserLink - 200 null text/javascript; charset=UTF-8 79.4973ms
2026-04-28 17:28:49.013 -03:00 [INF] Request starting HTTP/2 GET https://localhost:7121/swagger/v1/swagger.json - null null
2026-04-28 17:28:49.056 -03:00 [INF] Request finished HTTP/2 GET https://localhost:7121/swagger/v1/swagger.json - 200 null application/json;charset=utf-8 43.2352ms
2026-04-28 17:28:58.592 -03:00 [INF] Request starting HTTP/2 PATCH https://localhost:7121/api/OptIn/opt-out - application/json 154
2026-04-28 17:28:58.607 -03:00 [INF] CORS policy execution successful.
2026-04-28 17:28:58.612 -03:00 [INF] Executing endpoint 'DLOA___API_OPT_OUT_e_MIGRAÇÃO_DE_CAMPANHA.Controller.OptInController.OptOut (InterplayersGateway)'
2026-04-28 17:28:58.650 -03:00 [INF] Route matched with {action = "OptOut", controller = "OptIn"}. Executing controller action with signature System.Threading.Tasks.Task`1[Microsoft.AspNetCore.Mvc.IActionResult] OptOut(DLOA___API_OPT_OUT_e_MIGRAÇÃO_DE_CAMPANHA.Models.Requests.OptOutRequest) on controller DLOA___API_OPT_OUT_e_MIGRAÇÃO_DE_CAMPANHA.Controller.OptInController (InterplayersGateway).
2026-04-28 17:30:06.561 -03:00 [INF] Token Interplayers expirado ou ausente. Renovando...
2026-04-28 17:30:06.591 -03:00 [INF] Start processing HTTP request POST https://interplayersdevb2c.b2clogin.com/interplayersdevb2c.onmicrosoft.com/B2C_1_Loyalty/oauth2/v2.0/token
2026-04-28 17:30:06.599 -03:00 [INF] Sending HTTP request POST https://interplayersdevb2c.b2clogin.com/interplayersdevb2c.onmicrosoft.com/B2C_1_Loyalty/oauth2/v2.0/token
2026-04-28 17:30:07.168 -03:00 [INF] Received HTTP response headers after 563.801ms - 200
2026-04-28 17:30:07.171 -03:00 [INF] End processing HTTP request after 587.0747ms - 200
2026-04-28 17:30:07.192 -03:00 [INF] Token Interplayers renovado. Válido por 3300s.
2026-04-28 17:30:07.195 -03:00 [INF] Buscando opt-ins atuais. URL=https://idp-api-gtw.azure-api.net/external-loyalty-registration-pre/v2/Registrations/administrators/057/consumers/external/75712547
2026-04-28 17:30:07.198 -03:00 [INF] Start processing HTTP request GET https://idp-api-gtw.azure-api.net/external-loyalty-registration-pre/v2/Registrations/administrators/057/consumers/external/75712547
2026-04-28 17:30:07.201 -03:00 [INF] Sending HTTP request GET https://idp-api-gtw.azure-api.net/external-loyalty-registration-pre/v2/Registrations/administrators/057/consumers/external/75712547
2026-04-28 17:30:07.742 -03:00 [INF] Received HTTP response headers after 537.7848ms - 404
2026-04-28 17:30:07.744 -03:00 [INF] End processing HTTP request after 546.1439ms - 404
2026-04-28 17:30:07.747 -03:00 [WRN] Falha ao buscar opt-ins atuais. Status=404 Body={ "statusCode": 404, "message": "Resource not found" }
2026-04-28 17:30:07.749 -03:00 [WRN] Consumidor 75712547 não encontrado ou sem dados de preferência.
2026-04-28 17:30:17.310 -03:00 [INF] Executing ObjectResult, writing value of type 'DLOA___API_OPT_OUT_e_MIGRAÇÃO_DE_CAMPANHA.Models.Responses.GatewayErrorResponse'.
2026-04-28 17:30:17.332 -03:00 [INF] Executed action DLOA___API_OPT_OUT_e_MIGRAÇÃO_DE_CAMPANHA.Controller.OptInController.OptOut (InterplayersGateway) in 78673.4274ms
2026-04-28 17:30:17.335 -03:00 [INF] Executed endpoint 'DLOA___API_OPT_OUT_e_MIGRAÇÃO_DE_CAMPANHA.Controller.OptInController.OptOut (InterplayersGateway)'
2026-04-28 17:30:17.339 -03:00 [INF] HTTP PATCH /api/OptIn/opt-out responded 404 in 78733.2668ms
2026-04-28 17:30:17.344 -03:00 [INF] Request finished HTTP/2 PATCH https://localhost:7121/api/OptIn/opt-out - 404 null application/json; charset=utf-8 78752.1861ms
2026-04-28 17:30:24.514 -03:00 [INF] Request starting HTTP/2 PATCH https://localhost:7121/api/OptIn/opt-out - application/json 154
2026-04-28 17:30:24.521 -03:00 [INF] CORS policy execution successful.
2026-04-28 17:30:24.523 -03:00 [INF] Executing endpoint 'DLOA___API_OPT_OUT_e_MIGRAÇÃO_DE_CAMPANHA.Controller.OptInController.OptOut (InterplayersGateway)'
2026-04-28 17:30:24.525 -03:00 [INF] Route matched with {action = "OptOut", controller = "OptIn"}. Executing controller action with signature System.Threading.Tasks.Task`1[Microsoft.AspNetCore.Mvc.IActionResult] OptOut(DLOA___API_OPT_OUT_e_MIGRAÇÃO_DE_CAMPANHA.Models.Requests.OptOutRequest) on controller DLOA___API_OPT_OUT_e_MIGRAÇÃO_DE_CAMPANHA.Controller.OptInController (InterplayersGateway).
2026-04-28 17:30:52.103 -03:00 [INF] Buscando opt-ins atuais. URL=https://idp-api-gtw.azure-api.net/external-loyalty-registration-pre/v2/Registrations/administrators/057/consumers/external/75712547
2026-04-28 17:30:52.892 -03:00 [INF] Start processing HTTP request GET https://idp-api-gtw.azure-api.net/external-loyalty-registration-pre/v2/Registrations/administrators/057/consumers/external/75712547
2026-04-28 17:30:52.895 -03:00 [INF] Sending HTTP request GET https://idp-api-gtw.azure-api.net/external-loyalty-registration-pre/v2/Registrations/administrators/057/consumers/external/75712547
2026-04-28 17:30:53.067 -03:00 [INF] Received HTTP response headers after 169.6816ms - 404
2026-04-28 17:30:53.070 -03:00 [INF] End processing HTTP request after 177.6828ms - 404
