2026-05-19 14:55:17.974 -03:00 [INF] InterplayersGateway iniciado com sucesso.
2026-05-19 14:55:18.121 -03:00 [INF] Now listening on: https://localhost:7121
2026-05-19 14:55:18.125 -03:00 [INF] Now listening on: http://localhost:5113
2026-05-19 14:55:18.195 -03:00 [INF] Application started. Press Ctrl+C to shut down.
2026-05-19 14:55:18.198 -03:00 [INF] Hosting environment: Development
2026-05-19 14:55:18.199 -03:00 [INF] Content root path: C:\Users\nicac\OneDrive\DESENVOLVIMENTO\C#\nicaciov\DLOA - API OPT-OUT e MIGRAÇÃO DE CAMPANHA
2026-05-19 14:55:18.720 -03:00 [INF] Request starting HTTP/2 GET https://localhost:7121/swagger/index.html - null null
2026-05-19 14:55:19.032 -03:00 [INF] Request finished HTTP/2 GET https://localhost:7121/swagger/index.html - 200 null text/html;charset=utf-8 313.384ms
2026-05-19 14:55:19.087 -03:00 [INF] Request starting HTTP/2 GET https://localhost:7121/_framework/aspnetcore-browser-refresh.js - null null
2026-05-19 14:55:19.111 -03:00 [INF] Request finished HTTP/2 GET https://localhost:7121/_framework/aspnetcore-browser-refresh.js - 200 14991 application/javascript; charset=utf-8 23.6579ms
2026-05-19 14:55:19.729 -03:00 [INF] Request starting HTTP/2 GET https://localhost:7121/_vs/browserLink - null null
2026-05-19 14:55:19.770 -03:00 [INF] Request finished HTTP/2 GET https://localhost:7121/_vs/browserLink - 200 null text/javascript; charset=UTF-8 41.2634ms
2026-05-19 14:55:19.887 -03:00 [INF] Request starting HTTP/2 GET https://localhost:7121/swagger/v1/swagger.json - null null
2026-05-19 14:55:19.915 -03:00 [INF] Request finished HTTP/2 GET https://localhost:7121/swagger/v1/swagger.json - 200 null application/json;charset=utf-8 27.3332ms
2026-05-19 14:55:31.278 -03:00 [INF] Request starting HTTP/2 PATCH https://localhost:7121/api/OptIn/opt-out - application/json 106
2026-05-19 14:55:31.297 -03:00 [INF] CORS policy execution successful.
2026-05-19 14:55:31.301 -03:00 [INF] Executing endpoint 'DLOA___API_OPT_OUT_e_MIGRAÇÃO_DE_CAMPANHA.Controller.OptInController.OptOut (InterplayersGateway)'
2026-05-19 14:55:31.338 -03:00 [INF] Route matched with {action = "OptOut", controller = "OptIn"}. Executing controller action with signature System.Threading.Tasks.Task`1[Microsoft.AspNetCore.Mvc.IActionResult] OptOut(DLOA___API_OPT_OUT_e_MIGRAÇÃO_DE_CAMPANHA.Models.Requests.OptOutRequest) on controller DLOA___API_OPT_OUT_e_MIGRAÇÃO_DE_CAMPANHA.Controller.OptInController (InterplayersGateway).
2026-05-19 14:55:31.373 -03:00 [INF] Enviando opt-out para Interplayers. Consumer=25057 Type=channel_opt_out Channel=whatsapp
2026-05-19 14:55:31.382 -03:00 [INF] Token Interplayers expirado ou ausente. Renovando...
2026-05-19 14:55:31.391 -03:00 [INF] Start processing HTTP request POST https://account.iplayers.com.br/interplayersb2c.onmicrosoft.com/B2C_1_Loyalty/oauth2/v2.0/token
2026-05-19 14:55:31.395 -03:00 [INF] Sending HTTP request POST https://account.iplayers.com.br/interplayersb2c.onmicrosoft.com/B2C_1_Loyalty/oauth2/v2.0/token
2026-05-19 14:55:32.269 -03:00 [INF] Received HTTP response headers after 869.3924ms - 200
2026-05-19 14:55:32.272 -03:00 [INF] End processing HTTP request after 884.5626ms - 200
2026-05-19 14:55:32.288 -03:00 [INF] Token Interplayers renovado. Válido por 3300s.
2026-05-19 14:55:32.295 -03:00 [INF] 
╔══════════════════════════════════════════════════════╗
║              REQUISIÇÃO → INTERPLAYERS               ║
╚══════════════════════════════════════════════════════╝
Método  : PATCH
URL     : https://api-mng.interplayers.com.br/loyalty-registration/v2/Registrations/administrators/057/consumers/external/25057/opt-ins
Headers :
  Authorization : Bearer eyJhbGciOiJSUzI1NiIs...A8vqIAUpcg
  Content-Type  : application/json
Body    :
{
  "whatsApp": "N"
}

CURL equivalente:
curl -X PATCH "https://api-mng.interplayers.com.br/loyalty-registration/v2/Registrations/administrators/057/consumers/external/25057/opt-ins" \
  -H "Authorization: Bearer eyJhbGciOiJSUzI1NiIsImtpZCI6Ilg1ZVhrNHh5b2pORnVtMWtsMll0djhkbE5QNC1jNTdkTzZRR1RWQndhTmsiLCJ0eXAiOiJKV1QifQ.eyJhdWQiOiJhNjQ4NTUxNi0xOWZhLTQ3NjctYWNmMS03ZjhhMGQ4ZmE4YTMiLCJpc3MiOiJodHRwczovL2FjY291bnQuaXBsYXllcnMuY29tLmJyLzI3YjEwZTU2LTFjY2EtNDY4ZS04MGZlLWUyZjYwZjg1NDZjZC92Mi4wLyIsImV4cCI6MTc3OTIxNjkzMSwibmJmIjoxNzc5MjEzMzMxLCJ0ZnAiOiJCMkNfMV9Mb3lhbHR5Iiwic2NwIjoiTG95YWx0eS5SZWFkIEFwcC5BZG1pbmlzdHJhdG9yLjU3IExveWFsdHkuQ29uc3VtZXJSZWdpc3RyYXRpb24uV3JpdGUgU3lzdGVtSWQuQURNMDQzOTQwNjE4MDFMIExveWFsdHkuV3JpdGUgTG95YWx0eS5Db25zdW1lckFkaGVzaW9uLldyaXRlIiwiYXpwYWNyIjoiMSIsInN1YiI6ImYxNjA0MWIwLTViYmEtNDk4MC1iYWMxLTE0OWE5NzFkNzE2ZiIsIm9pZCI6ImYxNjA0MWIwLTViYmEtNDk4MC1iYWMxLTE0OWE5NzFkNzE2ZiIsInRpZCI6IjI3YjEwZTU2LTFjY2EtNDY4ZS04MGZlLWUyZjYwZjg1NDZjZCIsInZlciI6IjIuMCIsImF6cCI6IjAxNmNjMjMxLTY2YzgtNGZmMC1iYjZiLWQ0ZGQ3YWNlOTcwZCIsImlhdCI6MTc3OTIxMzMzMX0.f0kFxoF_FVf-G1WslCXLlJPHukIU3IFlGn2KOoMuMwGfRXJTA0gDiJ1G8eqRho_XX0yOqcMpropX6mFYU2_g02boWI832DR-FLohlukbU--BaT9ooptN4XlkiExiAdWNsUzfgC9ee7WmHz-7vd-51dkynCZs_x4Q4evNbZTh22Ic2v_waHWvcnPeELMYscdqH0DWiGtSnbmsp3HH1fXLyVclxMCcOdo2MIPq7Q4vIp8aqQZzgviJoldkI6vEiU3zZEjlJEVJ46vyI_yuwwrF_YI9SYKG-juzqrSEmKPnBNA99XqV5NSRs8V-MJSSCW2hFQGEH_I8pbAIA8vqIAUpcg" \
  -H "Content-Type: application/json" \
  -d '{
  "whatsApp": "N"
}'
2026-05-19 14:55:32.301 -03:00 [INF] Start processing HTTP request PATCH https://api-mng.interplayers.com.br/loyalty-registration/v2/Registrations/administrators/057/consumers/external/25057/opt-ins
2026-05-19 14:55:32.303 -03:00 [INF] Sending HTTP request PATCH https://api-mng.interplayers.com.br/loyalty-registration/v2/Registrations/administrators/057/consumers/external/25057/opt-ins
2026-05-19 14:55:33.368 -03:00 [INF] Received HTTP response headers after 1062.4771ms - 404
2026-05-19 14:55:33.371 -03:00 [INF] End processing HTTP request after 1069.9072ms - 404
2026-05-19 14:55:33.376 -03:00 [INF] 
╔══════════════════════════════════════════════════════╗
║             RESPOSTA ← INTERPLAYERS                  ║
╚══════════════════════════════════════════════════════╝
Status  : 404 Not Found
Headers :
  Transfer-Encoding: chunked
  Request-Context: appId=cid-v1:ff420140-14a7-4478-beba-e65c3c490435
  Date: Tue, 19 May 2026 17:55:31 GMT
Body    :
{
  "Data": {
    "error": "LR52",
    "errorDescription": "Erro no Payload do Opt-ins (LR52)"
  }
}
2026-05-19 14:55:33.396 -03:00 [INF] [AUDIT] Action=channel_opt_out Consumer=25057 Origin=API Success=false StatusCode=404 IdempotencyKey=null
2026-05-19 14:55:33.407 -03:00 [WRN] Interplayers retornou erro. Status=404 Code=LR52 Desc=Erro no Payload do Opt-ins (LR52)
2026-05-19 14:55:33.416 -03:00 [INF] Executing ObjectResult, writing value of type 'DLOA___API_OPT_OUT_e_MIGRAÇÃO_DE_CAMPANHA.Models.Responses.GatewayErrorResponse'.
2026-05-19 14:55:33.424 -03:00 [INF] Executed action DLOA___API_OPT_OUT_e_MIGRAÇÃO_DE_CAMPANHA.Controller.OptInController.OptOut (InterplayersGateway) in 2079.7475ms
2026-05-19 14:55:33.427 -03:00 [INF] Executed endpoint 'DLOA___API_OPT_OUT_e_MIGRAÇÃO_DE_CAMPANHA.Controller.OptInController.OptOut (InterplayersGateway)'
2026-05-19 14:55:33.431 -03:00 [INF] HTTP PATCH /api/OptIn/opt-out responded 404 in 2136.6074ms
2026-05-19 14:55:33.434 -03:00 [INF] Request finished HTTP/2 PATCH https://localhost:7121/api/OptIn/opt-out - 404 null application/json; charset=utf-8 2156.5176ms
2026-05-19 15:03:09.986 -03:00 [INF] Iniciando InterplayersGateway...
