2026-04-16 15:54:02.750 -03:00 [INF] InterplayersGateway iniciado com sucesso.
2026-04-16 15:54:03.034 -03:00 [INF] Now listening on: https://localhost:7121
2026-04-16 15:54:03.039 -03:00 [INF] Now listening on: http://localhost:5113
2026-04-16 15:54:03.159 -03:00 [INF] Application started. Press Ctrl+C to shut down.
2026-04-16 15:54:03.162 -03:00 [INF] Hosting environment: Development
2026-04-16 15:54:03.164 -03:00 [INF] Content root path: C:\Users\nicac\OneDrive\DESENVOLVIMENTO\C#\nicaciov\DLOA - API OPT-OUT e MIGRAÇÃO DE CAMPANHA
2026-04-16 15:54:04.046 -03:00 [INF] Request starting HTTP/2 GET https://localhost:7121/swagger/index.html - null null
2026-04-16 15:54:04.357 -03:00 [INF] Request finished HTTP/2 GET https://localhost:7121/swagger/index.html - 200 null text/html;charset=utf-8 313.1118ms
2026-04-16 15:54:04.512 -03:00 [INF] Request starting HTTP/2 GET https://localhost:7121/_framework/aspnetcore-browser-refresh.js - null null
2026-04-16 15:54:04.528 -03:00 [INF] Request finished HTTP/2 GET https://localhost:7121/_framework/aspnetcore-browser-refresh.js - 200 16571 application/javascript; charset=utf-8 15.6823ms
2026-04-16 15:54:04.675 -03:00 [INF] Request starting HTTP/2 GET https://localhost:7121/_vs/browserLink - null null
2026-04-16 15:54:04.732 -03:00 [INF] Request finished HTTP/2 GET https://localhost:7121/_vs/browserLink - 200 null text/javascript; charset=UTF-8 57.5568ms
2026-04-16 15:54:04.825 -03:00 [INF] Request starting HTTP/2 GET https://localhost:7121/swagger/v1/swagger.json - null null
2026-04-16 15:54:04.849 -03:00 [INF] Request finished HTTP/2 GET https://localhost:7121/swagger/v1/swagger.json - 200 null application/json;charset=utf-8 24.0599ms
2026-04-16 15:54:15.509 -03:00 [INF] Request starting HTTP/2 GET https://localhost:7121/swagger/index.html - null null
2026-04-16 15:54:15.521 -03:00 [INF] Request finished HTTP/2 GET https://localhost:7121/swagger/index.html - 200 null text/html;charset=utf-8 11.6471ms
2026-04-16 15:54:15.626 -03:00 [INF] Request starting HTTP/2 GET https://localhost:7121/_framework/aspnetcore-browser-refresh.js - null null
2026-04-16 15:54:15.633 -03:00 [INF] Request finished HTTP/2 GET https://localhost:7121/_framework/aspnetcore-browser-refresh.js - 200 16571 application/javascript; charset=utf-8 7.5358ms
2026-04-16 15:54:15.647 -03:00 [INF] Request starting HTTP/2 GET https://localhost:7121/_vs/browserLink - null null
2026-04-16 15:54:15.660 -03:00 [INF] Request finished HTTP/2 GET https://localhost:7121/_vs/browserLink - 200 null text/javascript; charset=UTF-8 12.6476ms
2026-04-16 15:54:15.805 -03:00 [INF] Request starting HTTP/2 GET https://localhost:7121/swagger/v1/swagger.json - null null
2026-04-16 15:54:15.825 -03:00 [INF] Request finished HTTP/2 GET https://localhost:7121/swagger/v1/swagger.json - 200 null application/json;charset=utf-8 19.8288ms
2026-04-16 15:54:33.639 -03:00 [INF] Request starting HTTP/2 GET https://localhost:7121/api/Campaign/health - null null
2026-04-16 15:54:33.665 -03:00 [WRN] Requisição sem API Key de ::1.
2026-04-16 15:54:33.677 -03:00 [INF] HTTP GET /api/Campaign/health responded 401 in 20.9148ms
2026-04-16 15:54:33.681 -03:00 [INF] Request finished HTTP/2 GET https://localhost:7121/api/Campaign/health - 401 null application/json; charset=utf-8 41.867ms
2026-04-16 15:55:42.715 -03:00 [INF] Request starting HTTP/2 GET https://localhost:7121/swagger/index.html - null null
2026-04-16 15:55:42.727 -03:00 [INF] Request finished HTTP/2 GET https://localhost:7121/swagger/index.html - 200 null text/html;charset=utf-8 11.8025ms
2026-04-16 15:55:42.779 -03:00 [INF] Request starting HTTP/2 GET https://localhost:7121/_vs/browserLink - null null
2026-04-16 15:55:42.790 -03:00 [INF] Request finished HTTP/2 GET https://localhost:7121/_vs/browserLink - 200 null text/javascript; charset=UTF-8 10.3238ms
2026-04-16 15:55:42.793 -03:00 [INF] Request starting HTTP/2 GET https://localhost:7121/_framework/aspnetcore-browser-refresh.js - null null
2026-04-16 15:55:42.803 -03:00 [INF] Request finished HTTP/2 GET https://localhost:7121/_framework/aspnetcore-browser-refresh.js - 200 16571 application/javascript; charset=utf-8 9.4661ms
2026-04-16 15:55:43.033 -03:00 [INF] Request starting HTTP/2 GET https://localhost:7121/swagger/v1/swagger.json - null null
2026-04-16 15:55:43.042 -03:00 [INF] Request finished HTTP/2 GET https://localhost:7121/swagger/v1/swagger.json - 200 null application/json;charset=utf-8 9.125ms
2026-04-16 15:56:02.727 -03:00 [INF] Request starting HTTP/2 GET https://localhost:7121/swagger/index.html - null null
2026-04-16 15:56:02.736 -03:00 [INF] Request finished HTTP/2 GET https://localhost:7121/swagger/index.html - 200 null text/html;charset=utf-8 9.2131ms
2026-04-16 15:56:02.833 -03:00 [INF] Request starting HTTP/2 GET https://localhost:7121/_framework/aspnetcore-browser-refresh.js - null null
2026-04-16 15:56:02.838 -03:00 [INF] Request finished HTTP/2 GET https://localhost:7121/_framework/aspnetcore-browser-refresh.js - 200 16571 application/javascript; charset=utf-8 5.5424ms
2026-04-16 15:56:02.991 -03:00 [INF] Request starting HTTP/2 GET https://localhost:7121/_vs/browserLink - null null
2026-04-16 15:56:03.000 -03:00 [INF] Request finished HTTP/2 GET https://localhost:7121/_vs/browserLink - 200 null text/javascript; charset=UTF-8 9.5869ms
2026-04-16 15:56:03.084 -03:00 [INF] Request starting HTTP/2 GET https://localhost:7121/swagger/v1/swagger.json - null null
2026-04-16 15:56:03.097 -03:00 [INF] Request finished HTTP/2 GET https://localhost:7121/swagger/v1/swagger.json - 200 null application/json;charset=utf-8 12.8747ms
2026-04-16 16:02:54.712 -03:00 [INF] Iniciando InterplayersGateway...
